<?xml version="1.0" encoding="utf-8"?><testsuites name="pytest tests"><testsuite name="pytest" errors="0" failures="0" skipped="0" tests="12" time="43.245" timestamp="2026-08-12T15:17:21.411015+00:00" hostname="agent-env-1e12f434-637a-433d-97de-52deb6b74319"><testcase classname="backend.tests.test_ad_studio" name="test_products_returns_10" time="0.792" /><testcase classname="backend.tests.test_ad_studio" name="test_products_unauthenticated_rejected" time="0.276" /><testcase classname="backend.tests.test_ad_studio" name="test_products_non_admin_rejected" time="0.505" /><testcase classname="backend.tests.test_ad_studio" name="test_campaigns_list_no_concepts_no_id" time="0.119" /><testcase classname="backend.tests.test_ad_studio" name="test_campaign_detail_full" time="0.244" /><testcase classname="backend.tests.test_ad_studio" name="test_campaign_images_reachable" time="0.691" /><testcase classname="backend.tests.test_ad_studio" name="test_edit_hook_and_restore" time="0.506" /><testcase classname="backend.tests.test_ad_studio" name="test_select_toggle" time="0.403" /><testcase classname="backend.tests.test_ad_studio" name="test_qc_rerun" time="17.519" /><testcase classname="backend.tests.test_ad_studio" name="test_regen_cta" time="21.634" /><testcase classname="backend.tests.test_ad_studio" name="test_regen_invalid_element" time="0.343" /><testcase classname="backend.tests.test_ad_studio" name="test_generate_unknown_product" time="0.123" /></testsuite></testsuites>