<?xml version="1.0" encoding="utf-8"?><testsuites name="pytest tests"><testsuite name="pytest" errors="0" failures="0" skipped="0" tests="31" time="2.458" timestamp="2026-06-15T23:31:00.963964+00:00" hostname="agent-env-1e12f434-637a-433d-97de-52deb6b74319"><testcase classname="tests.test_progress_tracking" name="test_verdict_first_report_when_one" time="0.000" /><testcase classname="tests.test_progress_tracking" name="test_verdict_ahead_when_fast_growth" time="0.000" /><testcase classname="tests.test_progress_tracking" name="test_verdict_plateau_when_no_change" time="0.000" /><testcase classname="tests.test_progress_tracking" name="test_verdict_on_track_when_moderate" time="0.000" /><testcase classname="tests.test_progress_tracking" name="test_age_adjusted_percentile_known_anchor" time="0.000" /><testcase classname="tests.test_progress_tracking" name="test_age_adjusted_percentile_age_aware_drop" time="0.000" /><testcase classname="tests.test_progress_tracking" name="test_age_adjusted_percentile_bounded" time="0.000" /><testcase classname="tests.test_progress_tracking" name="test_first_century_badge" time="0.000" /><testcase classname="tests.test_progress_tracking" name="test_pro_unlock_badge_at_u12_plus" time="0.000" /><testcase classname="tests.test_progress_tracking" name="test_no_pro_unlock_below_u12" time="0.000" /><testcase classname="tests.test_progress_tracking" name="test_stage_up_badge_when_crosses_band" time="0.000" /><testcase classname="tests.test_progress_tracking" name="test_archetype_band_resolution" time="0.000" /><testcase classname="tests.test_progress_tracking" name="test_archetype_tier_from_report_uses_benchmark_tier" time="0.000" /><testcase classname="tests.test_progress_tracking" name="test_archetype_tier_falls_back_to_match_strength" time="0.000" /><testcase classname="tests.test_progress_tracking" name="test_archetype_overlay_builds_curve_points" time="0.000" /><testcase classname="tests.test_progress_tracking" name="test_mission_status_evaluates_previous_focus_hit" time="0.000" /><testcase classname="tests.test_progress_tracking" name="test_mission_status_handles_single_report" time="0.000" /><testcase classname="tests.test_progress_tracking" name="test_normalize_name" time="0.000" /><testcase classname="tests.test_progress_tracking" name="test_pass_active_when_credits_and_not_expired" time="0.000" /><testcase classname="tests.test_progress_tracking" name="test_pass_inactive_when_expired" time="0.000" /><testcase classname="tests.test_progress_tracking" name="test_pass_inactive_when_no_credits" time="0.000" /><testcase classname="tests.test_progress_tracking" name="test_pass_credits_constant" time="0.000" /><testcase classname="tests.test_progress_api_live" name="test_progress_players_list" time="0.559" /><testcase classname="tests.test_progress_api_live" name="test_trajectory_lukas_two_reports" time="0.209" /><testcase classname="tests.test_progress_api_live" name="test_trajectory_almin_first_report" time="0.254" /><testcase classname="tests.test_progress_api_live" name="test_growth_card_png" time="0.108" /><testcase classname="tests.test_progress_api_live" name="test_pass_status_inactive" time="0.093" /><testcase classname="tests.test_progress_api_live" name="test_upload_eligibility_has_progress_pass" time="0.098" /><testcase classname="tests.test_progress_api_live" name="test_progress_pass_checkout_session_create" time="0.436" /><testcase classname="tests.test_progress_api_live" name="test_progress_pass_activate_unpaid_rejects" time="0.278" /><testcase classname="tests.test_progress_api_live" name="test_webhook_invalid_signature_rejected" time="0.098" /></testsuite></testsuites>