<?xml version="1.0" encoding="utf-8"?><testsuites name="pytest tests"><testsuite name="pytest" errors="0" failures="0" skipped="0" tests="40" time="9.586" timestamp="2026-06-18T04:39:12.052015+00:00" hostname="agent-env-1e12f434-637a-433d-97de-52deb6b74319"><testcase classname="tests.test_iter19_thumbnail_verify" name="test_verify_thumb_missing_video" time="0.005" /><testcase classname="tests.test_iter19_thumbnail_verify" name="test_verify_thumb_picks_red_jersey_frame" time="0.845" /><testcase classname="tests.test_iter19_thumbnail_verify" name="test_verify_thumb_no_match_falls_back" time="0.860" /><testcase classname="tests.test_precision_engine" name="test_fingerprint_detects_jersey_and_shorts_colour" time="0.011" /><testcase classname="tests.test_precision_engine" name="test_fingerprint_red_jersey_dark_shorts" time="0.024" /><testcase classname="tests.test_precision_engine" name="test_fingerprint_handles_missing_image_gracefully" time="0.001" /><testcase classname="tests.test_precision_engine" name="test_fingerprint_prompt_block_mentions_jersey" time="0.000" /><testcase classname="tests.test_precision_engine" name="test_audio_events_picks_up_loud_burst" time="0.398" /><testcase classname="tests.test_precision_engine" name="test_audio_events_empty_for_silent_clip" time="0.335" /><testcase classname="tests.test_precision_engine" name="test_audio_events_prompt_block_lists_timestamps" time="0.000" /><testcase classname="tests.test_precision_engine" name="test_scrub_strips_hedging_words" time="0.001" /><testcase classname="tests.test_precision_engine" name="test_scrub_preserves_normal_text" time="0.000" /><testcase classname="tests.test_precision_engine" name="test_scrub_handles_lists_and_numbers" time="0.000" /><testcase classname="tests.test_precision_engine" name="test_preview_prompt_includes_priors_and_voice_rules" time="0.000" /><testcase classname="tests.test_precision_engine" name="test_full_prompt_does_not_leave_placeholder_braces" time="0.000" /><testcase classname="tests.test_iter18_multianchor" name="test_extract_frame_at_returns_true_and_creates_jpg" time="4.207" /><testcase classname="tests.test_iter18_multianchor" name="test_extract_frame_at_bad_input_returns_false" time="0.115" /><testcase classname="tests.test_iter18_multianchor" name="test_anchor_block_empty_when_no_anchors" time="0.000" /><testcase classname="tests.test_iter18_multianchor" name="test_anchor_block_lists_each_anchor" time="0.000" /><testcase classname="tests.test_iter18_multianchor" name="test_preview_prompt_with_anchors_includes_block" time="0.000" /><testcase classname="tests.test_iter18_multianchor" name="test_preview_prompt_without_anchors_omits_block" time="0.000" /><testcase classname="tests.test_iter18_multianchor" name="test_full_prompt_with_anchors_includes_block" time="0.000" /><testcase classname="tests.test_iter18_multianchor" name="test_full_prompt_without_anchors_omits_block" time="0.000" /><testcase classname="tests.test_iter18_multianchor" name="test_login_premium" time="0.426" /><testcase classname="tests.test_iter18_multianchor" name="test_upload_eligibility" time="0.136" /><testcase classname="tests.test_iter18_multianchor" name="test_get_premium_demo_report" time="0.258" /><testcase classname="tests.test_iter18_multianchor" name="test_upload_endpoint_exists_and_requires_auth" time="0.133" /><testcase classname="tests.test_archetype_4layer" name="test_layer1_every_position_has_profile_schema" time="0.003" /><testcase classname="tests.test_archetype_4layer" name="test_layer1_attacking_midfielders_have_academy_bio" time="0.001" /><testcase classname="tests.test_archetype_4layer" name="test_layer2_lukas_returns_lenses_block" time="0.538" /><testcase classname="tests.test_archetype_4layer" name="test_layer2_legacy_fields_still_present" time="0.000" /><testcase classname="tests.test_archetype_4layer" name="test_layer2_inferred_profile_is_attached" time="0.000" /><testcase classname="tests.test_archetype_4layer" name="test_layer3_narrative_attached" time="0.000" /><testcase classname="tests.test_archetype_4layer" name="test_layer3_narrative_is_cached" time="0.237" /><testcase classname="tests.test_archetype_4layer" name="test_layer4_age_bracket_and_bio_chunk" time="0.001" /><testcase classname="tests.test_archetype_4layer" name="test_layer5_fifa_lens_returned_with_real_data" time="0.000" /><testcase classname="tests.test_archetype_4layer" name="test_layer5_fifa_top5_neighbors_shipped" time="0.000" /><testcase classname="tests.test_archetype_4layer" name="test_layer5_fifa_meta_shipped" time="0.000" /><testcase classname="tests.test_archetype_4layer" name="test_step3_career_brief_on_modric_archetype" time="0.000" /><testcase classname="tests.test_archetype_4layer" name="test_step3_top_archetypes_have_career_brief" time="0.001" /></testsuite></testsuites>