<?xml version="1.0" encoding="utf-8"?><testsuites name="pytest tests"><testsuite name="pytest" errors="0" failures="0" skipped="0" tests="9" time="6.579" timestamp="2026-07-01T20:29:47.440257+00:00" hostname="agent-env-1e12f434-637a-433d-97de-52deb6b74319"><testcase classname="tests.test_iter48_p0_bugs.TestBugAVipPaywall" name="test_upload_eligibility_active_vip" time="0.565" /><testcase classname="tests.test_iter48_p0_bugs.TestBugAVipPaywall" name="test_upload_eligibility_trialing_vip" time="0.216" /><testcase classname="tests.test_iter48_p0_bugs.TestBugAVipPaywall" name="test_upload_vip_no_prepay_required" time="1.555" /><testcase classname="tests.test_iter48_p0_bugs.TestBugBPixFmt" name="test_transcode_to_web_mp4_has_pix_fmt_yuv420p" time="0.001" /><testcase classname="tests.test_iter48_p0_bugs.TestBugCAvatarR2" name="test_avatar_upload_returns_r2_media_url" time="1.763" /><testcase classname="tests.test_iter48_p0_bugs.TestBugCAvatarR2" name="test_avatar_delete_clears_it" time="1.653" /><testcase classname="tests.test_iter48_p0_bugs.TestRegression" name="test_landing_page_loads" time="0.133" /><testcase classname="tests.test_iter48_p0_bugs.TestRegression" name="test_admin_login_and_scouts" time="0.482" /><testcase classname="tests.test_iter48_p0_bugs.TestRegression" name="test_faq_returns_8_items" time="0.132" /></testsuite></testsuites>