<?xml version="1.0" encoding="utf-8"?><testsuites name="pytest tests"><testsuite name="pytest" errors="0" failures="1" skipped="0" tests="5" time="1.926" timestamp="2026-06-04T23:25:13.030055+00:00" hostname="agent-env-1e12f434-637a-433d-97de-52deb6b74319"><testcase classname="backend.tests.test_benchmark_report.TestOverallBenchmark" name="test_overall_benchmark_block" time="0.721" /><testcase classname="backend.tests.test_benchmark_report.TestOverallBenchmark" name="test_sub_skills_have_benchmark_fields" time="0.000" /><testcase classname="backend.tests.test_benchmark_report.TestPremiumPDF" name="test_pdf_download_and_content" time="0.310" /><testcase classname="backend.tests.test_benchmark_report.TestStripeEmbedded" name="test_stripe_config_endpoint" time="0.104" /><testcase classname="backend.tests.test_benchmark_report.TestStripeEmbedded" name="test_embedded_unlock_returns_client_secret" time="0.585"><failure message="AssertionError: embedded prepay-upload: 422 {&quot;detail&quot;:[{&quot;type&quot;:&quot;missing&quot;,&quot;loc&quot;:[&quot;body&quot;,&quot;origin_url&quot;],&quot;msg&quot;:&quot;Field required&quot;,&quot;input&quot;:{},&quot;url&quot;:&quot;https://errors.pydantic.dev/2.13/v/missing&quot;}]}&#10;assert 422 == 200&#10; +  where 422 = &lt;Response [422]&gt;.status_code">backend/tests/test_benchmark_report.py:156: in test_embedded_unlock_returns_client_secret
    assert r2.status_code == 200, f"embedded prepay-upload: {r2.status_code} {r2.text[:300]}"
E   AssertionError: embedded prepay-upload: 422 {"detail":[{"type":"missing","loc":["body","origin_url"],"msg":"Field required","input":{},"url":"https://errors.pydantic.dev/2.13/v/missing"}]}
E   assert 422 == 200
E    +  where 422 = &lt;Response [422]&gt;.status_code</failure></testcase></testsuite></testsuites>