<?xml version="1.0" encoding="utf-8"?><testsuites name="pytest tests"><testsuite name="pytest" errors="0" failures="0" skipped="0" tests="15" time="1.666" timestamp="2026-07-01T23:24:28.630684+00:00" hostname="agent-env-1e12f434-637a-433d-97de-52deb6b74319"><testcase classname="tests.test_iter49_video_pipeline_fix.TestD2MediaBinaries" name="test_module_exports" time="0.003" /><testcase classname="tests.test_iter49_video_pipeline_fix.TestD2MediaBinaries" name="test_ffmpeg_resolves_to_imageio_bundle" time="0.000" /><testcase classname="tests.test_iter49_video_pipeline_fix.TestD2MediaBinaries" name="test_ffprobe_resolved" time="0.000" /><testcase classname="tests.test_iter49_video_pipeline_fix.TestD2MediaBinaries" name="test_get_duration_seconds_real_video" time="0.074" /><testcase classname="tests.test_iter49_video_pipeline_fix.TestD2MediaBinaries" name="test_requirements_has_imageio_ffmpeg" time="0.000" /><testcase classname="tests.test_iter49_video_pipeline_fix.TestD2MediaBinaries" name="test_no_bare_ffmpeg_string_in_subprocess" time="0.003" /><testcase classname="tests.test_iter49_video_pipeline_fix.TestD3GeminiTimeout" name="test_wait_for_wraps_send_message" time="0.001" /><testcase classname="tests.test_iter49_video_pipeline_fix.TestD3GeminiTimeout" name="test_timeout_error_raises_504" time="0.001" /><testcase classname="tests.test_iter49_video_pipeline_fix.TestD1GenerateFullR2Aware" name="test_helper_exists" time="0.001" /><testcase classname="tests.test_iter49_video_pipeline_fix.TestD1GenerateFullR2Aware" name="test_generate_full_uses_helper" time="0.002" /><testcase classname="tests.test_iter49_video_pipeline_fix.TestD1GenerateFullR2Aware" name="test_no_upload_dir_video_filename_check" time="0.001" /><testcase classname="tests.test_iter49_video_pipeline_fix.TestSmokeRegression" name="test_health" time="0.169" /><testcase classname="tests.test_iter49_video_pipeline_fix.TestSmokeRegression" name="test_admin_login" time="0.383" /><testcase classname="tests.test_iter49_video_pipeline_fix.TestSmokeRegression" name="test_vip_login_and_eligibility" time="0.426" /><testcase classname="tests.test_iter49_video_pipeline_fix.TestD1LiveEndpoint" name="test_generate_full_does_not_404_on_paid_report" time="0.540" /></testsuite></testsuites>