<?xml version="1.0" encoding="utf-8"?><testsuites name="pytest tests"><testsuite name="pytest" errors="0" failures="0" skipped="0" tests="7" time="3.166" timestamp="2026-07-04T18:27:04.966307+00:00" hostname="agent-env-1e12f434-637a-433d-97de-52deb6b74319"><testcase classname="backend.tests.test_iter58_premium_subscription_tier.TestGrantedPremiumUser" name="test_login_returns_subscription_tier_premium" time="0.492" /><testcase classname="backend.tests.test_iter58_premium_subscription_tier.TestGrantedPremiumUser" name="test_me_endpoint_returns_subscription_tier" time="0.425" /><testcase classname="backend.tests.test_iter58_premium_subscription_tier.TestGrantedPremiumUser" name="test_upload_eligibility_reason_subscription" time="0.416" /><testcase classname="backend.tests.test_iter58_premium_subscription_tier.TestFreshFreeUser" name="test_login_subscription_tier_null" time="0.309" /><testcase classname="backend.tests.test_iter58_premium_subscription_tier.TestFreshFreeUser" name="test_me_endpoint_subscription_tier_null" time="0.476" /><testcase classname="backend.tests.test_iter58_premium_subscription_tier.TestAdminGrantAccess" name="test_admin_login_works" time="0.327" /><testcase classname="backend.tests.test_iter58_premium_subscription_tier.TestAdminGrantAccess" name="test_grant_access_idempotent" time="0.648" /></testsuite></testsuites>