<?xml version="1.0" encoding="utf-8"?><testsuites name="pytest tests"><testsuite name="pytest" errors="0" failures="0" skipped="0" tests="14" time="5.207" timestamp="2026-07-02T03:24:16.765321+00:00" hostname="agent-env-1e12f434-637a-433d-97de-52deb6b74319"><testcase classname="backend.tests.test_iter50_session118.TestE1RaceConditionFix" name="test_flush_before_status_ready" time="0.002" /><testcase classname="backend.tests.test_iter50_session118.TestE2TimeoutWrapper" name="test_wrapper_function_defined" time="0.000" /><testcase classname="backend.tests.test_iter50_session118.TestE2TimeoutWrapper" name="test_wrapper_uses_asyncio_wait_for_with_900s" time="0.000" /><testcase classname="backend.tests.test_iter50_session118.TestE2TimeoutWrapper" name="test_timeout_marks_failed_and_refunds" time="0.000" /><testcase classname="backend.tests.test_iter50_session118.TestE2TimeoutWrapper" name="test_background_task_uses_wrapper" time="0.000" /><testcase classname="backend.tests.test_iter50_session118.TestE2TimeoutWrapper" name="test_no_direct_background_call_to_analyze_preview_task" time="0.001" /><testcase classname="backend.tests.test_iter50_session118.TestE2TimeoutWrapper" name="test_asyncio_imported" time="0.000" /><testcase classname="backend.tests.test_iter50_session118.TestE3StatusPillRename" name="test_no_cooking_in_frontend" time="0.006" /><testcase classname="backend.tests.test_iter50_session118.TestE3StatusPillRename" name="test_analyzing_present_in_tracker" time="0.000" /><testcase classname="backend.tests.test_iter50_session118.TestE3StatusPillRename" name="test_stage_labels_updated" time="0.000" /><testcase classname="backend.tests.test_iter50_session118.TestRegression" name="test_landing_faq_200" time="0.326" /><testcase classname="backend.tests.test_iter50_session118.TestRegression" name="test_admin_login_200" time="0.333" /><testcase classname="backend.tests.test_iter50_session118.TestRegression" name="test_vip_login_and_eligibility" time="0.477" /><testcase classname="backend.tests.test_iter50_session118.TestE2ESanity" name="test_upload_and_poll" time="3.922" /></testsuite></testsuites>