<?xml version="1.0" encoding="utf-8"?><testsuites name="pytest tests"><testsuite name="pytest" errors="0" failures="0" skipped="0" tests="9" time="2.370" timestamp="2026-08-04T21:49:05.689556+00:00" hostname="agent-env-1e12f434-637a-433d-97de-52deb6b74319"><testcase classname="backend.tests.test_iter72_seo_social.TestSeoPages" name="test_public_seo_pages" time="0.299" /><testcase classname="backend.tests.test_iter72_seo_social.TestSeoPages" name="test_admin_seo_get" time="0.435" /><testcase classname="backend.tests.test_iter72_seo_social.TestSeoPages" name="test_admin_seo_put_override_and_reset" time="0.452" /><testcase classname="backend.tests.test_iter72_seo_social.TestSeoPages" name="test_admin_seo_autofill" time="0.157" /><testcase classname="backend.tests.test_iter72_seo_social.TestSocialFollow" name="test_public_social_follow" time="0.124" /><testcase classname="backend.tests.test_iter72_seo_social.TestSocialFollow" name="test_admin_put_social_follow_persists_then_reset" time="0.393" /><testcase classname="backend.tests.test_iter72_seo_social.TestSitemapRobotsRss" name="test_sitemap" time="0.121" /><testcase classname="backend.tests.test_iter72_seo_social.TestSitemapRobotsRss" name="test_robots" time="0.111" /><testcase classname="backend.tests.test_iter72_seo_social.TestSitemapRobotsRss" name="test_rss" time="0.114" /></testsuite></testsuites>