<?xml version="1.0" encoding="utf-8"?><testsuites name="pytest tests"><testsuite name="pytest" errors="0" failures="0" skipped="0" tests="8" time="3.731" timestamp="2026-08-09T20:12:04.072570+00:00" hostname="agent-env-1e12f434-637a-433d-97de-52deb6b74319"><testcase classname="backend.tests.test_iter89_guest_checkout" name="test_guest_checkout_single_returns_cs_test" time="0.771" /><testcase classname="backend.tests.test_iter89_guest_checkout" name="test_guest_checkout_premium_returns_cs_live" time="0.412" /><testcase classname="backend.tests.test_iter89_guest_checkout" name="test_guest_checkout_vip_returns_cs_live" time="0.420" /><testcase classname="backend.tests.test_iter89_guest_checkout" name="test_guest_checkout_invalid_tier_400" time="0.063" /><testcase classname="backend.tests.test_iter89_guest_checkout" name="test_guest_status_unknown_session_404" time="0.046" /><testcase classname="backend.tests.test_iter89_guest_checkout" name="test_guest_status_fresh_single_is_unpaid" time="0.669" /><testcase classname="backend.tests.test_iter89_guest_checkout" name="test_guest_status_fresh_premium_is_unpaid" time="0.598" /><testcase classname="backend.tests.test_iter89_guest_checkout" name="test_login_admin_and_subscribe_endpoint_unchanged" time="0.677" /></testsuite></testsuites>