<?xml version="1.0" encoding="utf-8"?><testsuites name="pytest tests"><testsuite name="pytest" errors="0" failures="1" skipped="0" tests="7" time="4.245" timestamp="2026-07-01T09:24:50.075490+00:00" hostname="agent-env-1e12f434-637a-433d-97de-52deb6b74319"><testcase classname="tests.test_r2_player_uploads" name="test_faseB_admin_reports_shows_R2_urls_for_migrated_players" time="0.559" /><testcase classname="tests.test_r2_player_uploads" name="test_faseB_migrated_video_urls_serve_video_mp4" time="1.530" /><testcase classname="tests.test_r2_player_uploads" name="test_faseB_no_local_mov_files_for_migrated_stems" time="0.001" /><testcase classname="tests.test_r2_player_uploads" name="test_faseB_r2_objects_exist_for_migrated_players" time="0.911" /><testcase classname="tests.test_r2_player_uploads" name="test_r2_proxy_range_returns_206_for_migrated_report" time="0.378" /><testcase classname="tests.test_r2_player_uploads" name="test_faseA_regression_premium_lukas_uses_legacy_uploads" time="0.405" /><testcase classname="tests.test_r2_player_uploads" name="test_faseA_regression_legacy_upload_head_status" time="0.309"><failure message="AssertionError: legacy /api/uploads/ URL not served: https://scout-ai-pro-1.preview.emergentagent.com/api/uploads/demo-sample.mp4 =&gt; 404. Check that the file exists under /app/backend/uploads/&#10;assert 404 == 200&#10; +  where 404 = &lt;Response [404]&gt;.status_code">tests/test_r2_player_uploads.py:219: in test_faseA_regression_legacy_upload_head_status
    assert h.status_code == 200, (
E   AssertionError: legacy /api/uploads/ URL not served: https://scout-ai-pro-1.preview.emergentagent.com/api/uploads/demo-sample.mp4 =&gt; 404. Check that the file exists under /app/backend/uploads/
E   assert 404 == 200
E    +  where 404 = &lt;Response [404]&gt;.status_code</failure></testcase></testsuite></testsuites>