<?xml version="1.0" encoding="utf-8"?><testsuites name="pytest tests"><testsuite name="pytest" errors="0" failures="3" skipped="0" tests="10" time="1.808" timestamp="2026-06-05T12:03:11.466576+00:00" hostname="agent-env-1e12f434-637a-433d-97de-52deb6b74319"><testcase classname="backend.tests.test_iter12_extra" name="test_lukas_archetype_still_present" time="0.655"><failure message="AssertionError: archetype.primary missing&#10;assert None&#10; +  where None = &lt;built-in method get of dict object at 0xfd5a333ec3c0&gt;('primary')&#10; +    where &lt;built-in method get of dict object at 0xfd5a333ec3c0&gt; = {'academy_bio': {'11-12': &quot;Around U12 was tried at Hajduk Split (Croatia's biggest academy) — rejected for being 'too thin and small to make it'. Returned to NK Zadar and kept playing weekly.&quot;, '13-14': &quot;U13-U14 at NK Zadar — small playmaker, dropped deep to receive because he wasn't tall enough to win duels higher up. Caught Dinamo Zagreb scouts' attention at youth tournaments.&quot;, '15-17': 'Signed by Dinamo Zagreb academy at 16. Senior first-team debut at 17 — composure under pressure was already first-team quality before the legs caught up.', '18-21': 'Loaned to Zrinjski Mostar (Bosnian league) at 18 to toughen up physically. Returned to Dinamo at 19 as a regular. Tottenham at 22, Real Madrid at 26.', ...}, 'academy_bio_chunk': &quot;U13-U14 at NK Zadar — small playmaker, dropped deep to receive because he wasn't tall enough to win duels higher up. Caught Dinamo Zagreb scouts' attention at youth tournaments.&quot;, 'age_bracket_used': '13-14', 'alternatives': [{'club': 'Arsenal', 'id': 'odegaard_composer', 'league': 'Premier League', 'match_strength': 8.68, ...}, {'club': 'Manchester United', 'id': 'mainoo_young', 'league': 'Premier League', 'match_strength': 8.41, ...}, {'club': 'Barcelona / Spain', 'id': 'yamal_creator', 'league': 'La Liga', 'match_strength': 8.1, ...}], ...}.get">backend/tests/test_iter12_extra.py:55: in test_lukas_archetype_still_present
    assert arch.get("primary"), "archetype.primary missing"
E   AssertionError: archetype.primary missing
E   assert None
E    +  where None = &lt;built-in method get of dict object at 0xfd5a333ec3c0&gt;('primary')
E    +    where &lt;built-in method get of dict object at 0xfd5a333ec3c0&gt; = {'academy_bio': {'11-12': "Around U12 was tried at Hajduk Split (Croatia's biggest academy) — rejected for being 'too thin and small to make it'. Returned to NK Zadar and kept playing weekly.", '13-14': "U13-U14 at NK Zadar — small playmaker, dropped deep to receive because he wasn't tall enough to win duels higher up. Caught Dinamo Zagreb scouts' attention at youth tournaments.", '15-17': 'Signed by Dinamo Zagreb academy at 16. Senior first-team debut at 17 — composure under pressure was already first-team quality before the legs caught up.', '18-21': 'Loaned to Zrinjski Mostar (Bosnian league) at 18 to toughen up physically. Returned to Dinamo at 19 as a regular. Tottenham at 22, Real Madrid at 26.', ...}, 'academy_bio_chunk': "U13-U14 at NK Zadar — small playmaker, dropped deep to receive because he wasn't tall enough to win duels higher up. Caught Dinamo Zagreb scouts' attention at youth tournaments.", 'age_bracket_used': '13-14', 'alternatives': [{'club': 'Arsenal', 'id': 'odegaard_composer', 'league': 'Premier League', 'match_strength': 8.68, ...}, {'club': 'Manchester United', 'id': 'mainoo_young', 'league': 'Premier League', 'match_strength': 8.41, ...}, {'club': 'Barcelona / Spain', 'id': 'yamal_creator', 'league': 'La Liga', 'match_strength': 8.1, ...}], ...}.get</failure></testcase><testcase classname="backend.tests.test_iter12_extra" name="test_lukas_5_lenses_present" time="0.000"><failure message="AssertionError: lens technical missing&#10;assert 'technical' in {'build': {'club': 'Manchester City', 'id': 'foden_inverted', 'league': 'Premier League', 'lens': 'build', ...}, 'fifa': {'age': 25, 'build': 'compact_balanced', 'club': 'Minnesota United FC', 'height_cm': 176, ...}, 'path': {'club': 'Barcelona / Spain', 'id': 'yamal_creator', 'league': 'La Liga', 'lens': 'path', ...}, 'role': {'club': 'Real Madrid', 'id': 'modric_type', 'league': 'La Liga', 'lens': 'role', ...}, ...}">backend/tests/test_iter12_extra.py:61: in test_lukas_5_lenses_present
    assert k in lenses, f"lens {k} missing"
E   AssertionError: lens technical missing
E   assert 'technical' in {'build': {'club': 'Manchester City', 'id': 'foden_inverted', 'league': 'Premier League', 'lens': 'build', ...}, 'fifa': {'age': 25, 'build': 'compact_balanced', 'club': 'Minnesota United FC', 'height_cm': 176, ...}, 'path': {'club': 'Barcelona / Spain', 'id': 'yamal_creator', 'league': 'La Liga', 'lens': 'path', ...}, 'role': {'club': 'Real Madrid', 'id': 'modric_type', 'league': 'La Liga', 'lens': 'role', ...}, ...}</failure></testcase><testcase classname="backend.tests.test_iter12_extra" name="test_lukas_fifa_knn_top5" time="0.000" /><testcase classname="backend.tests.test_iter12_extra" name="test_lukas_statsbomb_present" time="0.000" /><testcase classname="backend.tests.test_iter12_extra" name="test_lukas_trial_readiness_present" time="0.000" /><testcase classname="backend.tests.test_iter12_extra" name="test_lukas_radar_present" time="0.001"><failure message="AssertionError: No radar/attribute data&#10;assert (None or None or None)&#10; +  where None = &lt;built-in method get of dict object at 0xfd5a333c5780&gt;('detailed_scores')&#10; +    where &lt;built-in method get of dict object at 0xfd5a333c5780&gt; = {'age_intelligence': {'disclaimer': 'This player has been evaluated using age-appropriate and position-specific benchmarks. Professional player data is used as a style and long-term development reference, not as a direct comparison.', 'evaluation_basis': 'U12-U14 / Game Understanding Stage', 'level': {'definition': 'Top 5% youth — La Masia / Ajax / Bayern / Hajduk class.', 'label': 'Elite Academy', 'stage_id': 'understanding', 'tier': 'pro_academy'}, 'next_stage': {'age_band': 'U15-U17', 'id': 'academy_ready', 'label': 'Academy Readiness Stage'}, ...}, 'age_profile_reference': {'above_count': 7, 'age_bracket': 'U13-U14', 'below_count': 0, 'items': [{'delta': 'at_or_above', 'key': 'decision_making', 'label': 'Decision Making', 'player_score': 9, ...}, {'delta': 'at_or_above', 'key': 'scanning', 'label': 'Scanning', 'player_score': 9, ...}, {'delta': 'at_or_above', 'key': 'passing', 'label': 'Passing', 'player_score': 9, ...}, {'delta': 'at_or_above', 'key': 'first_touch', 'label': 'First Touch', 'player_score': 8, ...}, {'delta': 'at_or_above', 'key': 'off_ball_movement', 'label': 'Off Ball Movement', 'player_score': 8, ...}, {'delta': 'at_or_above', 'key': 'dribbling', 'label': '...jected for being 'too thin and small to make it'. Returned to NK Zadar and kept playing weekly.&quot;, '13-14': &quot;U13-U14 at NK Zadar — small playmaker, dropped deep to receive because he wasn't tall enough to win duels higher up. Caught Dinamo Zagreb scouts' attention at youth tournaments.&quot;, '15-17': 'Signed by Dinamo Zagreb academy at 16. Senior first-team debut at 17 — composure under pressure was already first-team quality before the legs caught up.', '18-21': 'Loaned to Zrinjski Mostar (Bosnian league) at 18 to toughen up physically. Returned to Dinamo at 19 as a regular. Tottenham at 22, Real Madrid at 26.', ...}, 'academy_bio_chunk': &quot;U13-U14 at NK Zadar — small playmaker, dropped deep to receive because he wasn't tall enough to win duels higher up. Caught Dinamo Zagreb scouts' attention at youth tournaments.&quot;, 'age_bracket_used': '13-14', 'alternatives': [{'club': 'Arsenal', 'id': 'odegaard_composer', 'league': 'Premier League', 'match_strength': 8.68, ...}, {'club': 'Manchester United', 'id': 'mainoo_young', 'league': 'Premier League', 'match_strength': 8.41, ...}, {'club': 'Barcelona / Spain', 'id': 'yamal_creator', 'league': 'La Liga', 'match_strength': 8.1, ...}], ...}, ...}.get&#10; +  and   None = &lt;built-in method get of dict object at 0xfd5a333c5780&gt;('performance_radar')&#10; +    where &lt;built-in method get of dict object at 0xfd5a333c5780&gt; = {'age_intelligence': {'disclaimer': 'This player has been evaluated using age-appropriate and position-specific benchmarks. Professional player data is used as a style and long-term development reference, not as a direct comparison.', 'evaluation_basis': 'U12-U14 / Game Understanding Stage', 'level': {'definition': 'Top 5% youth — La Masia / Ajax / Bayern / Hajduk class.', 'label': 'Elite Academy', 'stage_id': 'understanding', 'tier': 'pro_academy'}, 'next_stage': {'age_band': 'U15-U17', 'id': 'academy_ready', 'label': 'Academy Readiness Stage'}, ...}, 'age_profile_reference': {'above_count': 7, 'age_bracket': 'U13-U14', 'below_count': 0, 'items': [{'delta': 'at_or_above', 'key': 'decision_making', 'label': 'Decision Making', 'player_score': 9, ...}, {'delta': 'at_or_above', 'key': 'scanning', 'label': 'Scanning', 'player_score': 9, ...}, {'delta': 'at_or_above', 'key': 'passing', 'label': 'Passing', 'player_score': 9, ...}, {'delta': 'at_or_above', 'key': 'first_touch', 'label': 'First Touch', 'player_score': 8, ...}, {'delta': 'at_or_above', 'key': 'off_ball_movement', 'label': 'Off Ball Movement', 'player_score': 8, ...}, {'delta': 'at_or_above', 'key': 'dribbling', 'label': '...jected for being 'too thin and small to make it'. Returned to NK Zadar and kept playing weekly.&quot;, '13-14': &quot;U13-U14 at NK Zadar — small playmaker, dropped deep to receive because he wasn't tall enough to win duels higher up. Caught Dinamo Zagreb scouts' attention at youth tournaments.&quot;, '15-17': 'Signed by Dinamo Zagreb academy at 16. Senior first-team debut at 17 — composure under pressure was already first-team quality before the legs caught up.', '18-21': 'Loaned to Zrinjski Mostar (Bosnian league) at 18 to toughen up physically. Returned to Dinamo at 19 as a regular. Tottenham at 22, Real Madrid at 26.', ...}, 'academy_bio_chunk': &quot;U13-U14 at NK Zadar — small playmaker, dropped deep to receive because he wasn't tall enough to win duels higher up. Caught Dinamo Zagreb scouts' attention at youth tournaments.&quot;, 'age_bracket_used': '13-14', 'alternatives': [{'club': 'Arsenal', 'id': 'odegaard_composer', 'league': 'Premier League', 'match_strength': 8.68, ...}, {'club': 'Manchester United', 'id': 'mainoo_young', 'league': 'Premier League', 'match_strength': 8.41, ...}, {'club': 'Barcelona / Spain', 'id': 'yamal_creator', 'league': 'La Liga', 'match_strength': 8.1, ...}], ...}, ...}.get&#10; +  and   None = &lt;built-in method get of dict object at 0xfd5a333c5780&gt;('attributes')&#10; +    where &lt;built-in method get of dict object at 0xfd5a333c5780&gt; = {'age_intelligence': {'disclaimer': 'This player has been evaluated using age-appropriate and position-specific benchmarks. Professional player data is used as a style and long-term development reference, not as a direct comparison.', 'evaluation_basis': 'U12-U14 / Game Understanding Stage', 'level': {'definition': 'Top 5% youth — La Masia / Ajax / Bayern / Hajduk class.', 'label': 'Elite Academy', 'stage_id': 'understanding', 'tier': 'pro_academy'}, 'next_stage': {'age_band': 'U15-U17', 'id': 'academy_ready', 'label': 'Academy Readiness Stage'}, ...}, 'age_profile_reference': {'above_count': 7, 'age_bracket': 'U13-U14', 'below_count': 0, 'items': [{'delta': 'at_or_above', 'key': 'decision_making', 'label': 'Decision Making', 'player_score': 9, ...}, {'delta': 'at_or_above', 'key': 'scanning', 'label': 'Scanning', 'player_score': 9, ...}, {'delta': 'at_or_above', 'key': 'passing', 'label': 'Passing', 'player_score': 9, ...}, {'delta': 'at_or_above', 'key': 'first_touch', 'label': 'First Touch', 'player_score': 8, ...}, {'delta': 'at_or_above', 'key': 'off_ball_movement', 'label': 'Off Ball Movement', 'player_score': 8, ...}, {'delta': 'at_or_above', 'key': 'dribbling', 'label': '...jected for being 'too thin and small to make it'. Returned to NK Zadar and kept playing weekly.&quot;, '13-14': &quot;U13-U14 at NK Zadar — small playmaker, dropped deep to receive because he wasn't tall enough to win duels higher up. Caught Dinamo Zagreb scouts' attention at youth tournaments.&quot;, '15-17': 'Signed by Dinamo Zagreb academy at 16. Senior first-team debut at 17 — composure under pressure was already first-team quality before the legs caught up.', '18-21': 'Loaned to Zrinjski Mostar (Bosnian league) at 18 to toughen up physically. Returned to Dinamo at 19 as a regular. Tottenham at 22, Real Madrid at 26.', ...}, 'academy_bio_chunk': &quot;U13-U14 at NK Zadar — small playmaker, dropped deep to receive because he wasn't tall enough to win duels higher up. Caught Dinamo Zagreb scouts' attention at youth tournaments.&quot;, 'age_bracket_used': '13-14', 'alternatives': [{'club': 'Arsenal', 'id': 'odegaard_composer', 'league': 'Premier League', 'match_strength': 8.68, ...}, {'club': 'Manchester United', 'id': 'mainoo_young', 'league': 'Premier League', 'match_strength': 8.41, ...}, {'club': 'Barcelona / Spain', 'id': 'yamal_creator', 'league': 'La Liga', 'match_strength': 8.1, ...}], ...}, ...}.get">backend/tests/test_iter12_extra.py:79: in test_lukas_radar_present
    assert lukas.get("detailed_scores") or lukas.get("performance_radar") or lukas.get("attributes"), \
E   AssertionError: No radar/attribute data
E   assert (None or None or None)
E    +  where None = &lt;built-in method get of dict object at 0xfd5a333c5780&gt;('detailed_scores')
E    +    where &lt;built-in method get of dict object at 0xfd5a333c5780&gt; = {'age_intelligence': {'disclaimer': 'This player has been evaluated using age-appropriate and position-specific benchmarks. Professional player data is used as a style and long-term development reference, not as a direct comparison.', 'evaluation_basis': 'U12-U14 / Game Understanding Stage', 'level': {'definition': 'Top 5% youth — La Masia / Ajax / Bayern / Hajduk class.', 'label': 'Elite Academy', 'stage_id': 'understanding', 'tier': 'pro_academy'}, 'next_stage': {'age_band': 'U15-U17', 'id': 'academy_ready', 'label': 'Academy Readiness Stage'}, ...}, 'age_profile_reference': {'above_count': 7, 'age_bracket': 'U13-U14', 'below_count': 0, 'items': [{'delta': 'at_or_above', 'key': 'decision_making', 'label': 'Decision Making', 'player_score': 9, ...}, {'delta': 'at_or_above', 'key': 'scanning', 'label': 'Scanning', 'player_score': 9, ...}, {'delta': 'at_or_above', 'key': 'passing', 'label': 'Passing', 'player_score': 9, ...}, {'delta': 'at_or_above', 'key': 'first_touch', 'label': 'First Touch', 'player_score': 8, ...}, {'delta': 'at_or_above', 'key': 'off_ball_movement', 'label': 'Off Ball Movement', 'player_score': 8, ...}, {'delta': 'at_or_above', 'key': 'dribbling', 'label': '...jected for being 'too thin and small to make it'. Returned to NK Zadar and kept playing weekly.", '13-14': "U13-U14 at NK Zadar — small playmaker, dropped deep to receive because he wasn't tall enough to win duels higher up. Caught Dinamo Zagreb scouts' attention at youth tournaments.", '15-17': 'Signed by Dinamo Zagreb academy at 16. Senior first-team debut at 17 — composure under pressure was already first-team quality before the legs caught up.', '18-21': 'Loaned to Zrinjski Mostar (Bosnian league) at 18 to toughen up physically. Returned to Dinamo at 19 as a regular. Tottenham at 22, Real Madrid at 26.', ...}, 'academy_bio_chunk': "U13-U14 at NK Zadar — small playmaker, dropped deep to receive because he wasn't tall enough to win duels higher up. Caught Dinamo Zagreb scouts' attention at youth tournaments.", 'age_bracket_used': '13-14', 'alternatives': [{'club': 'Arsenal', 'id': 'odegaard_composer', 'league': 'Premier League', 'match_strength': 8.68, ...}, {'club': 'Manchester United', 'id': 'mainoo_young', 'league': 'Premier League', 'match_strength': 8.41, ...}, {'club': 'Barcelona / Spain', 'id': 'yamal_creator', 'league': 'La Liga', 'match_strength': 8.1, ...}], ...}, ...}.get
E    +  and   None = &lt;built-in method get of dict object at 0xfd5a333c5780&gt;('performance_radar')
E    +    where &lt;built-in method get of dict object at 0xfd5a333c5780&gt; = {'age_intelligence': {'disclaimer': 'This player has been evaluated using age-appropriate and position-specific benchmarks. Professional player data is used as a style and long-term development reference, not as a direct comparison.', 'evaluation_basis': 'U12-U14 / Game Understanding Stage', 'level': {'definition': 'Top 5% youth — La Masia / Ajax / Bayern / Hajduk class.', 'label': 'Elite Academy', 'stage_id': 'understanding', 'tier': 'pro_academy'}, 'next_stage': {'age_band': 'U15-U17', 'id': 'academy_ready', 'label': 'Academy Readiness Stage'}, ...}, 'age_profile_reference': {'above_count': 7, 'age_bracket': 'U13-U14', 'below_count': 0, 'items': [{'delta': 'at_or_above', 'key': 'decision_making', 'label': 'Decision Making', 'player_score': 9, ...}, {'delta': 'at_or_above', 'key': 'scanning', 'label': 'Scanning', 'player_score': 9, ...}, {'delta': 'at_or_above', 'key': 'passing', 'label': 'Passing', 'player_score': 9, ...}, {'delta': 'at_or_above', 'key': 'first_touch', 'label': 'First Touch', 'player_score': 8, ...}, {'delta': 'at_or_above', 'key': 'off_ball_movement', 'label': 'Off Ball Movement', 'player_score': 8, ...}, {'delta': 'at_or_above', 'key': 'dribbling', 'label': '...jected for being 'too thin and small to make it'. Returned to NK Zadar and kept playing weekly.", '13-14': "U13-U14 at NK Zadar — small playmaker, dropped deep to receive because he wasn't tall enough to win duels higher up. Caught Dinamo Zagreb scouts' attention at youth tournaments.", '15-17': 'Signed by Dinamo Zagreb academy at 16. Senior first-team debut at 17 — composure under pressure was already first-team quality before the legs caught up.', '18-21': 'Loaned to Zrinjski Mostar (Bosnian league) at 18 to toughen up physically. Returned to Dinamo at 19 as a regular. Tottenham at 22, Real Madrid at 26.', ...}, 'academy_bio_chunk': "U13-U14 at NK Zadar — small playmaker, dropped deep to receive because he wasn't tall enough to win duels higher up. Caught Dinamo Zagreb scouts' attention at youth tournaments.", 'age_bracket_used': '13-14', 'alternatives': [{'club': 'Arsenal', 'id': 'odegaard_composer', 'league': 'Premier League', 'match_strength': 8.68, ...}, {'club': 'Manchester United', 'id': 'mainoo_young', 'league': 'Premier League', 'match_strength': 8.41, ...}, {'club': 'Barcelona / Spain', 'id': 'yamal_creator', 'league': 'La Liga', 'match_strength': 8.1, ...}], ...}, ...}.get
E    +  and   None = &lt;built-in method get of dict object at 0xfd5a333c5780&gt;('attributes')
E    +    where &lt;built-in method get of dict object at 0xfd5a333c5780&gt; = {'age_intelligence': {'disclaimer': 'This player has been evaluated using age-appropriate and position-specific benchmarks. Professional player data is used as a style and long-term development reference, not as a direct comparison.', 'evaluation_basis': 'U12-U14 / Game Understanding Stage', 'level': {'definition': 'Top 5% youth — La Masia / Ajax / Bayern / Hajduk class.', 'label': 'Elite Academy', 'stage_id': 'understanding', 'tier': 'pro_academy'}, 'next_stage': {'age_band': 'U15-U17', 'id': 'academy_ready', 'label': 'Academy Readiness Stage'}, ...}, 'age_profile_reference': {'above_count': 7, 'age_bracket': 'U13-U14', 'below_count': 0, 'items': [{'delta': 'at_or_above', 'key': 'decision_making', 'label': 'Decision Making', 'player_score': 9, ...}, {'delta': 'at_or_above', 'key': 'scanning', 'label': 'Scanning', 'player_score': 9, ...}, {'delta': 'at_or_above', 'key': 'passing', 'label': 'Passing', 'player_score': 9, ...}, {'delta': 'at_or_above', 'key': 'first_touch', 'label': 'First Touch', 'player_score': 8, ...}, {'delta': 'at_or_above', 'key': 'off_ball_movement', 'label': 'Off Ball Movement', 'player_score': 8, ...}, {'delta': 'at_or_above', 'key': 'dribbling', 'label': '...jected for being 'too thin and small to make it'. Returned to NK Zadar and kept playing weekly.", '13-14': "U13-U14 at NK Zadar — small playmaker, dropped deep to receive because he wasn't tall enough to win duels higher up. Caught Dinamo Zagreb scouts' attention at youth tournaments.", '15-17': 'Signed by Dinamo Zagreb academy at 16. Senior first-team debut at 17 — composure under pressure was already first-team quality before the legs caught up.', '18-21': 'Loaned to Zrinjski Mostar (Bosnian league) at 18 to toughen up physically. Returned to Dinamo at 19 as a regular. Tottenham at 22, Real Madrid at 26.', ...}, 'academy_bio_chunk': "U13-U14 at NK Zadar — small playmaker, dropped deep to receive because he wasn't tall enough to win duels higher up. Caught Dinamo Zagreb scouts' attention at youth tournaments.", 'age_bracket_used': '13-14', 'alternatives': [{'club': 'Arsenal', 'id': 'odegaard_composer', 'league': 'Premier League', 'match_strength': 8.68, ...}, {'club': 'Manchester United', 'id': 'mainoo_young', 'league': 'Premier League', 'match_strength': 8.41, ...}, {'club': 'Barcelona / Spain', 'id': 'yamal_creator', 'league': 'La Liga', 'match_strength': 8.1, ...}], ...}, ...}.get</failure></testcase><testcase classname="backend.tests.test_iter12_extra" name="test_lukas_level_elite_academy" time="0.001" /><testcase classname="backend.tests.test_iter12_extra" name="test_almin_only_4_lenses" time="0.581" /><testcase classname="backend.tests.test_iter12_extra" name="test_almin_age_intel_scores" time="0.000" /><testcase classname="backend.tests.test_iter12_extra" name="test_pdf_v8_full_strings_lukas" time="0.475" /></testsuite></testsuites>