<?xml version="1.0" encoding="utf-8"?><testsuites name="pytest tests"><testsuite name="pytest" errors="0" failures="0" skipped="0" tests="9" time="2.365" timestamp="2026-06-15T23:28:44.054545+00:00" hostname="agent-env-1e12f434-637a-433d-97de-52deb6b74319"><testcase classname="tests.test_progress_api_live" name="test_progress_players_list" time="0.517" /><testcase classname="tests.test_progress_api_live" name="test_trajectory_lukas_two_reports" time="0.201" /><testcase classname="tests.test_progress_api_live" name="test_trajectory_almin_first_report" time="0.242" /><testcase classname="tests.test_progress_api_live" name="test_growth_card_png" time="0.097" /><testcase classname="tests.test_progress_api_live" name="test_pass_status_inactive" time="0.106" /><testcase classname="tests.test_progress_api_live" name="test_upload_eligibility_has_progress_pass" time="0.089" /><testcase classname="tests.test_progress_api_live" name="test_progress_pass_checkout_session_create" time="0.610" /><testcase classname="tests.test_progress_api_live" name="test_progress_pass_activate_unpaid_rejects" time="0.259" /><testcase classname="tests.test_progress_api_live" name="test_webhook_invalid_signature_rejected" time="0.097" /></testsuite></testsuites>