<?xml version="1.0" encoding="utf-8"?><testsuites name="pytest tests"><testsuite name="pytest" errors="0" failures="0" skipped="0" tests="7" time="2.842" timestamp="2026-06-30T14:18:51.475241+00:00" hostname="agent-env-1e12f434-637a-433d-97de-52deb6b74319"><testcase classname="backend.tests.test_iter33_upgrade_banner.TestMeSubscription" name="test_free_user_subscription_is_null" time="0.596" /><testcase classname="backend.tests.test_iter33_upgrade_banner.TestMeSubscription" name="test_prem_user_subscription_endpoint_ok" time="0.538" /><testcase classname="backend.tests.test_iter33_upgrade_banner.TestSettingsPrice" name="test_settings_price_keeps_pass_price" time="0.095" /><testcase classname="backend.tests.test_iter33_upgrade_banner.TestSubscribe" name="test_subscribe_returns_stripe_url[premium-29.99]" time="0.755" /><testcase classname="backend.tests.test_iter33_upgrade_banner.TestSubscribe" name="test_subscribe_returns_stripe_url[vip-49.99]" time="0.572" /><testcase classname="backend.tests.test_iter33_upgrade_banner.TestSubscribe" name="test_subscribe_rejects_bad_tier" time="0.107" /><testcase classname="backend.tests.test_iter33_upgrade_banner.TestLegacyProgressPass" name="test_pass_status_free_user" time="0.109" /></testsuite></testsuites>