<?xml version="1.0" encoding="utf-8"?><testsuites name="pytest tests"><testsuite name="pytest" errors="0" failures="0" skipped="0" tests="9" time="4.362" timestamp="2026-08-04T19:36:35.286436+00:00" hostname="agent-env-1e12f434-637a-433d-97de-52deb6b74319"><testcase classname="tests.test_iter70_dream_pricing" name="test_settings_price_shape" time="0.187" /><testcase classname="tests.test_iter70_dream_pricing" name="test_admin_pricing_update_and_reset" time="0.866" /><testcase classname="tests.test_iter70_dream_pricing" name="test_landing_price_header_images[price-free.jpg]" time="0.243" /><testcase classname="tests.test_iter70_dream_pricing" name="test_landing_price_header_images[price-single.jpg]" time="0.223" /><testcase classname="tests.test_iter70_dream_pricing" name="test_landing_price_header_images[price-premium.jpg]" time="0.298" /><testcase classname="tests.test_iter70_dream_pricing" name="test_landing_price_header_images[price-vip.jpg]" time="0.186" /><testcase classname="tests.test_iter70_dream_pricing" name="test_subscribe_returns_checkout_url[premium]" time="1.008" /><testcase classname="tests.test_iter70_dream_pricing" name="test_subscribe_returns_checkout_url[vip]" time="0.595" /><testcase classname="tests.test_iter70_dream_pricing" name="test_admin_discount_campaign_lifecycle" time="0.678" /></testsuite></testsuites>