<?xml version="1.0" encoding="utf-8"?><testsuites name="pytest tests"><testsuite name="pytest" errors="0" failures="0" skipped="0" tests="15" time="4.719" timestamp="2026-06-25T09:28:02.369115+00:00" hostname="agent-env-1e12f434-637a-433d-97de-52deb6b74319"><testcase classname="backend.tests.test_subscriptions_iter32.TestGetMySubscription" name="test_returns_null_subscription_with_tiers" time="0.614" /><testcase classname="backend.tests.test_subscriptions_iter32.TestGetMySubscription" name="test_requires_auth" time="0.096" /><testcase classname="backend.tests.test_subscriptions_iter32.TestSubscribeCheckout" name="test_no_auth_returns_401" time="0.136" /><testcase classname="backend.tests.test_subscriptions_iter32.TestSubscribeCheckout" name="test_bogus_tier_returns_400" time="0.094" /><testcase classname="backend.tests.test_subscriptions_iter32.TestSubscribeCheckout" name="test_premium_returns_stripe_checkout_url" time="0.670" /><testcase classname="backend.tests.test_subscriptions_iter32.TestSubscribeCheckout" name="test_vip_returns_stripe_checkout_url" time="0.528" /><testcase classname="backend.tests.test_subscriptions_iter32.TestPaymentTransactionRow" name="test_status_returns_unpaid_for_fresh_session" time="0.704" /><testcase classname="backend.tests.test_subscriptions_iter32.TestPaymentTransactionRow" name="test_status_cross_user_returns_403" time="1.001" /><testcase classname="backend.tests.test_subscriptions_iter32.TestPaymentTransactionRow" name="test_status_unknown_session_returns_404" time="0.095" /><testcase classname="backend.tests.test_subscriptions_iter32.TestUploadEligibilityBackwardsCompat" name="test_premium_user_no_sub_eligibility_shape" time="0.094" /><testcase classname="backend.tests.test_subscriptions_iter32.TestUploadEligibilityBackwardsCompat" name="test_free_user_with_prepaid_still_eligible" time="0.105" /><testcase classname="backend.tests.test_subscriptions_iter32.TestNoActiveSubscriptionActions" name="test_cancel_no_active_400" time="0.124" /><testcase classname="backend.tests.test_subscriptions_iter32.TestNoActiveSubscriptionActions" name="test_resume_no_active_400" time="0.124" /><testcase classname="backend.tests.test_subscriptions_iter32.TestNoActiveSubscriptionActions" name="test_change_tier_no_active_400" time="0.093" /><testcase classname="backend.tests.test_subscriptions_iter32.TestWebhookSignature" name="test_invalid_signature_returns_400" time="0.140" /></testsuite></testsuites>