<?xml version="1.0" encoding="utf-8"?><testsuites name="pytest tests"><testsuite name="pytest" errors="0" failures="0" skipped="0" tests="36" time="4.534" timestamp="2026-06-17T00:57:12.639441+00:00" hostname="agent-env-1e12f434-637a-433d-97de-52deb6b74319"><testcase classname="tests.test_progress_tracking" name="test_verdict_first_report_when_one" time="0.000" /><testcase classname="tests.test_progress_tracking" name="test_verdict_ahead_when_fast_growth" time="0.000" /><testcase classname="tests.test_progress_tracking" name="test_verdict_plateau_when_no_change" time="0.000" /><testcase classname="tests.test_progress_tracking" name="test_verdict_on_track_when_moderate" time="0.000" /><testcase classname="tests.test_progress_tracking" name="test_age_adjusted_percentile_known_anchor" time="0.000" /><testcase classname="tests.test_progress_tracking" name="test_age_adjusted_percentile_age_aware_drop" time="0.000" /><testcase classname="tests.test_progress_tracking" name="test_age_adjusted_percentile_bounded" time="0.000" /><testcase classname="tests.test_progress_tracking" name="test_first_century_badge" time="0.000" /><testcase classname="tests.test_progress_tracking" name="test_pro_unlock_badge_at_u12_plus" time="0.000" /><testcase classname="tests.test_progress_tracking" name="test_no_pro_unlock_below_u12" time="0.000" /><testcase classname="tests.test_progress_tracking" name="test_stage_up_badge_when_crosses_band" time="0.000" /><testcase classname="tests.test_progress_tracking" name="test_archetype_band_resolution" time="0.000" /><testcase classname="tests.test_progress_tracking" name="test_archetype_tier_from_report_uses_benchmark_tier" time="0.000" /><testcase classname="tests.test_progress_tracking" name="test_archetype_tier_falls_back_to_match_strength" time="0.000" /><testcase classname="tests.test_progress_tracking" name="test_archetype_overlay_builds_curve_points" time="0.000" /><testcase classname="tests.test_progress_tracking" name="test_mission_status_evaluates_previous_focus_hit" time="0.000" /><testcase classname="tests.test_progress_tracking" name="test_mission_status_handles_single_report" time="0.000" /><testcase classname="tests.test_progress_tracking" name="test_normalize_name" time="0.000" /><testcase classname="tests.test_progress_tracking" name="test_pass_active_when_credits_and_not_expired" time="0.000" /><testcase classname="tests.test_progress_tracking" name="test_pass_inactive_when_expired" time="0.000" /><testcase classname="tests.test_progress_tracking" name="test_pass_inactive_when_no_credits" time="0.000" /><testcase classname="tests.test_progress_tracking" name="test_pass_credits_constant" time="0.000" /><testcase classname="tests.test_pricing_2cards.TestPublicPriceEndpoint" name="test_returns_both_prices_and_backward_compat_fields" time="0.287" /><testcase classname="tests.test_pricing_2cards.TestPublicPriceEndpoint" name="test_default_values_after_iter14" time="0.099" /><testcase classname="tests.test_pricing_2cards.TestAdminPriceSingle" name="test_unauthenticated_rejected" time="0.102" /><testcase classname="tests.test_pricing_2cards.TestAdminPriceSingle" name="test_free_user_forbidden" time="0.453" /><testcase classname="tests.test_pricing_2cards.TestAdminPriceSingle" name="test_invalid_zero" time="0.406" /><testcase classname="tests.test_pricing_2cards.TestAdminPriceSingle" name="test_invalid_too_high" time="0.103" /><testcase classname="tests.test_pricing_2cards.TestAdminPriceSingle" name="test_valid_update_and_propagates" time="0.423" /><testcase classname="tests.test_pricing_2cards.TestAdminPassPrice" name="test_unauthenticated_rejected" time="0.094" /><testcase classname="tests.test_pricing_2cards.TestAdminPassPrice" name="test_free_user_forbidden" time="0.093" /><testcase classname="tests.test_pricing_2cards.TestAdminPassPrice" name="test_invalid_zero" time="0.115" /><testcase classname="tests.test_pricing_2cards.TestAdminPassPrice" name="test_invalid_too_high" time="0.094" /><testcase classname="tests.test_pricing_2cards.TestAdminPassPrice" name="test_valid_update_and_pass_checkout_uses_new_price" time="1.777" /><testcase classname="tests.test_pricing_2cards.TestAgentQueue" name="test_admin_can_list_agent_queue_with_review_state" time="0.094" /><testcase classname="tests.test_pricing_2cards.TestAgentQueue" name="test_seeded_lukas_review_is_delivered" time="0.147" /></testsuite></testsuites>