<?xml version="1.0" encoding="utf-8"?><testsuites name="pytest tests"><testsuite name="pytest" errors="0" failures="0" skipped="1" tests="12" time="1.911" timestamp="2026-06-17T19:09:31.465375+00:00" hostname="agent-env-1e12f434-637a-433d-97de-52deb6b74319"><testcase classname="tests.test_iter18_multianchor" name="test_extract_frame_at_returns_true_and_creates_jpg" time="0.263" /><testcase classname="tests.test_iter18_multianchor" name="test_extract_frame_at_bad_input_returns_false" time="0.115" /><testcase classname="tests.test_iter18_multianchor" name="test_anchor_block_empty_when_no_anchors" time="0.000" /><testcase classname="tests.test_iter18_multianchor" name="test_anchor_block_lists_each_anchor" time="0.001" /><testcase classname="tests.test_iter18_multianchor" name="test_preview_prompt_with_anchors_includes_block" time="0.000" /><testcase classname="tests.test_iter18_multianchor" name="test_preview_prompt_without_anchors_omits_block" time="0.001" /><testcase classname="tests.test_iter18_multianchor" name="test_full_prompt_with_anchors_includes_block" time="0.000" /><testcase classname="tests.test_iter18_multianchor" name="test_full_prompt_without_anchors_omits_block" time="0.000" /><testcase classname="tests.test_iter18_multianchor" name="test_login_premium" time="0.550" /><testcase classname="tests.test_iter18_multianchor" name="test_upload_eligibility" time="0.147" /><testcase classname="tests.test_iter18_multianchor" name="test_get_premium_demo_report" time="0.341"><skipped type="pytest.skip" message="/api/reports not available: 404">/app/backend/tests/test_iter18_multianchor.py:201: /api/reports not available: 404</skipped></testcase><testcase classname="tests.test_iter18_multianchor" name="test_upload_endpoint_exists_and_requires_auth" time="0.150" /></testsuite></testsuites>