<?xml version="1.0" encoding="utf-8"?><testsuites name="pytest tests"><testsuite name="pytest" errors="0" failures="0" skipped="0" tests="3" time="1.717" timestamp="2026-06-24T23:09:32.899363+00:00" hostname="agent-env-1e12f434-637a-433d-97de-52deb6b74319"><testcase classname="backend.tests.test_url_fetch_veo" name="test_veo_clip_url_returns_friendly_400" time="0.616" /><testcase classname="backend.tests.test_url_fetch_veo" name="test_veo_match_url_returns_friendly_400" time="0.105" /><testcase classname="backend.tests.test_url_fetch_veo" name="test_direct_mp4_still_works" time="0.934" /></testsuite></testsuites>