<?xml version="1.0" encoding="utf-8"?><testsuites name="pytest tests"><testsuite name="pytest" errors="0" failures="0" skipped="0" tests="15" time="4.997" timestamp="2026-08-08T20:59:47.126275+00:00" hostname="agent-env-1e12f434-637a-433d-97de-52deb6b74319"><testcase classname="tests.test_iter82_growth_exit_referral.TestExitOffer" name="test_public_config_defaults_disabled" time="0.263" /><testcase classname="tests.test_iter82_growth_exit_referral.TestExitOffer" name="test_claim_returns_404_when_disabled" time="0.139" /><testcase classname="tests.test_iter82_growth_exit_referral.TestExitOffer" name="test_admin_get_returns_config_and_stats" time="2.180" /><testcase classname="tests.test_iter82_growth_exit_referral.TestExitOffer" name="test_admin_post_validates_percent" time="0.098" /><testcase classname="tests.test_iter82_growth_exit_referral.TestExitOffer" name="test_full_claim_and_attach_flow" time="0.651" /><testcase classname="tests.test_iter82_growth_exit_referral.TestExitOffer" name="test_user_doc_has_exit_offer" time="0.001" /><testcase classname="tests.test_iter82_growth_exit_referral.TestReferral" name="test_referral_me_defaults" time="0.126" /><testcase classname="tests.test_iter82_growth_exit_referral.TestReferral" name="test_self_redeem_400" time="0.139" /><testcase classname="tests.test_iter82_growth_exit_referral.TestReferral" name="test_unknown_code_404" time="0.118" /><testcase classname="tests.test_iter82_growth_exit_referral.TestReferral" name="test_happy_path_and_dup_409" time="0.223" /><testcase classname="tests.test_iter82_growth_exit_referral.TestReferral" name="test_admin_referrals_lists_row" time="0.136" /><testcase classname="tests.test_iter82_growth_exit_referral.TestReferral" name="test_admin_disable_referral_and_restore" time="0.346" /><testcase classname="tests.test_iter82_growth_exit_referral.TestReferral" name="test_admin_settings_validation" time="0.103" /><testcase classname="tests.test_iter82_growth_exit_referral.TestActiveDiscount" name="test_highest_percent_wins" time="0.005" /><testcase classname="tests.test_iter82_growth_exit_referral.TestCleanup" name="test_cleanup" time="0.312" /></testsuite></testsuites>