<?xml version="1.0" encoding="utf-8"?><testsuites name="pytest tests"><testsuite name="pytest" errors="0" failures="0" skipped="0" tests="16" time="5.369" timestamp="2026-07-02T05:30:18.551943+00:00" hostname="agent-env-1e12f434-637a-433d-97de-52deb6b74319"><testcase classname="tests.test_iter51_session119.TestF3FastPath" name="test_demo_sample_is_h264_yuv420p" time="2.151" /><testcase classname="tests.test_iter51_session119.TestF3FastPath" name="test_fast_path_under_1_5_seconds" time="0.080" /><testcase classname="tests.test_iter51_session119.TestF3FastPath" name="test_probe_helper_exists_and_returns_tuple" time="0.075" /><testcase classname="tests.test_iter51_session119.TestF4FfprobeMissingFallback" name="test_probe_returns_empty_when_ffprobe_missing" time="0.023" /><testcase classname="tests.test_iter51_session119.TestF4FfprobeMissingFallback" name="test_transcode_still_succeeds_via_bundled_ffmpeg" time="2.063" /><testcase classname="tests.test_iter51_session119.TestF5Regression" name="test_landing_200" time="0.137" /><testcase classname="tests.test_iter51_session119.TestF5Regression" name="test_admin_login_200" time="0.362" /><testcase classname="tests.test_iter51_session119.TestF5Regression" name="test_vip_eligibility_true" time="0.381" /><testcase classname="tests.test_iter51_session119.TestF5Regression" name="test_transcode_still_writes_pix_fmt_yuv420p_flag" time="0.001" /><testcase classname="tests.test_iter51_session119.TestF5Regression" name="test_wall_clock_timeout_wrapper_still_present" time="0.001" /><testcase classname="tests.test_iter51_session119.TestF6NoChefOrCooking" name="test_no_chef_or_cooking_in_frontend_src" time="0.014" /><testcase classname="tests.test_iter51_session119.TestF6NoChefOrCooking" name="test_no_chef_or_cooking_in_backend" time="0.016" /><testcase classname="tests.test_iter51_session119.TestF1F2FrontendGrep" name="test_overlay_accepts_backendStep_prop" time="0.000" /><testcase classname="tests.test_iter51_session119.TestF1F2FrontendGrep" name="test_overlay_clamps_to_backendStep_when_provided" time="0.000" /><testcase classname="tests.test_iter51_session119.TestF1F2FrontendGrep" name="test_overlay_titles_match_backend_semantics" time="0.000" /><testcase classname="tests.test_iter51_session119.TestF1F2FrontendGrep" name="test_uploadpage_wires_backendStep" time="0.000" /></testsuite></testsuites>