<?xml version="1.0" encoding="utf-8"?><testsuites name="pytest tests"><testsuite name="pytest" errors="0" failures="3" skipped="0" tests="13" time="4.849" timestamp="2026-08-04T15:44:22.146294+00:00" hostname="agent-env-1e12f434-637a-433d-97de-52deb6b74319"><testcase classname="tests.test_iter67_growth.TestSweep" name="test_dry_run_returns_4_planned_items" time="0.649"><failure message="AssertionError: assert 'waiting_24h' in set()">tests/test_iter67_growth.py:38: in test_dry_run_returns_4_planned_items
    assert "waiting_24h" in mails
E   AssertionError: assert 'waiting_24h' in set()</failure></testcase><testcase classname="tests.test_iter67_growth.TestSweep" name="test_dry_run_idempotent" time="0.249" /><testcase classname="tests.test_iter67_growth.TestReportPricing" name="test_report_with_discount" time="0.486" /><testcase classname="tests.test_iter67_growth.TestReportPricing" name="test_report_without_discount" time="0.123"><failure message="AssertionError: assert {'discounted': 96.75, 'expires_at': '2026-08-06T15:39:31.320362+00:00', 'percent': 25.0, 'source': 'auto_48h'} in (None, {})&#10; +  where {'discounted': 96.75, 'expires_at': '2026-08-06T15:39:31.320362+00:00', 'percent': 25.0, 'source': 'auto_48h'} = &lt;built-in method get of dict object at 0xfc4b20dbf5c0&gt;('discount')&#10; +    where &lt;built-in method get of dict object at 0xfc4b20dbf5c0&gt; = {'discount': {'discounted': 96.75, 'expires_at': '2026-08-06T15:39:31.320362+00:00', 'percent': 25.0, 'source': 'auto_48h'}, 'single': 129.0}.get">tests/test_iter67_growth.py:67: in test_report_without_discount
    assert pricing.get("discount") in (None, {})
E   AssertionError: assert {'discounted': 96.75, 'expires_at': '2026-08-06T15:39:31.320362+00:00', 'percent': 25.0, 'source': 'auto_48h'} in (None, {})
E    +  where {'discounted': 96.75, 'expires_at': '2026-08-06T15:39:31.320362+00:00', 'percent': 25.0, 'source': 'auto_48h'} = &lt;built-in method get of dict object at 0xfc4b20dbf5c0&gt;('discount')
E    +    where &lt;built-in method get of dict object at 0xfc4b20dbf5c0&gt; = {'discount': {'discounted': 96.75, 'expires_at': '2026-08-06T15:39:31.320362+00:00', 'percent': 25.0, 'source': 'auto_48h'}, 'single': 129.0}.get</failure></testcase><testcase classname="tests.test_iter67_growth.TestCampaign" name="test_campaign_flow" time="0.269"><failure message="AssertionError: assert ({'discounted': 96.75, 'expires_at': '2026-08-06T15:39:31.320362+00:00', 'percent': 25.0, 'source': 'auto_48h'} and 25.0 == 10)&#10; +  where {'discounted': 96.75, 'expires_at': '2026-08-06T15:39:31.320362+00:00', 'percent': 25.0, 'source': 'auto_48h'} = &lt;built-in method get of dict object at 0xfc4b20dd5c40&gt;('discount')&#10; +    where &lt;built-in method get of dict object at 0xfc4b20dd5c40&gt; = {'discount': {'discounted': 96.75, 'expires_at': '2026-08-06T15:39:31.320362+00:00', 'percent': 25.0, 'source': 'auto_48h'}, 'single': 129.0}.get">tests/test_iter67_growth.py:82: in test_campaign_flow
    assert p.get("discount") and p["discount"]["percent"] == 10
E   AssertionError: assert ({'discounted': 96.75, 'expires_at': '2026-08-06T15:39:31.320362+00:00', 'percent': 25.0, 'source': 'auto_48h'} and 25.0 == 10)
E    +  where {'discounted': 96.75, 'expires_at': '2026-08-06T15:39:31.320362+00:00', 'percent': 25.0, 'source': 'auto_48h'} = &lt;built-in method get of dict object at 0xfc4b20dd5c40&gt;('discount')
E    +    where &lt;built-in method get of dict object at 0xfc4b20dd5c40&gt; = {'discount': {'discounted': 96.75, 'expires_at': '2026-08-06T15:39:31.320362+00:00', 'percent': 25.0, 'source': 'auto_48h'}, 'single': 129.0}.get</failure></testcase><testcase classname="tests.test_iter67_growth.TestCampaign" name="test_auto_percent_update" time="0.454" /><testcase classname="tests.test_iter67_growth.TestShare" name="test_owner_creates_teaser_share_and_pngs_download" time="0.441" /><testcase classname="tests.test_iter67_growth.TestShare" name="test_public_teaser_no_auth" time="0.122" /><testcase classname="tests.test_iter67_growth.TestShare" name="test_share_unlock_adds_bonus" time="0.334" /><testcase classname="tests.test_iter67_growth.TestReviews" name="test_public_get_no_auth" time="0.152" /><testcase classname="tests.test_iter67_growth.TestReviews" name="test_owner_upsert_only_one" time="0.527" /><testcase classname="tests.test_iter67_growth.TestReviews" name="test_validation" time="0.354" /><testcase classname="tests.test_iter67_growth.TestReviews" name="test_admin_add_and_delete" time="0.455" /></testsuite></testsuites>