<?xml version="1.0" encoding="utf-8"?><testsuites name="pytest tests"><testsuite name="pytest" errors="0" failures="0" skipped="0" tests="4" time="1.370" timestamp="2026-07-01T09:00:14.195307+00:00" hostname="agent-env-1e12f434-637a-433d-97de-52deb6b74319"><testcase classname="backend.tests.test_demo_videos_delete" name="test_public_get_demo_videos_works" time="0.435" /><testcase classname="backend.tests.test_demo_videos_delete" name="test_admin_can_list_demo_videos" time="0.098" /><testcase classname="backend.tests.test_demo_videos_delete" name="test_admin_create_delete_flow" time="0.678" /><testcase classname="backend.tests.test_demo_videos_delete" name="test_admin_delete_requires_auth" time="0.097" /></testsuite></testsuites>