<?xml version="1.0" encoding="utf-8"?><testsuites name="pytest tests"><testsuite name="pytest" errors="0" failures="0" skipped="0" tests="39" time="4.464" timestamp="2026-07-03T00:19:31.497359+00:00" hostname="agent-env-1e12f434-637a-433d-97de-52deb6b74319"><testcase classname="tests.test_iter54_session124.TestJ1_TightenedTimeouts" name="test_primary_extra_params_timeout_150" time="0.002" /><testcase classname="tests.test_iter54_session124.TestJ1_TightenedTimeouts" name="test_primary_wait_for_180" time="0.000" /><testcase classname="tests.test_iter54_session124.TestJ1_TightenedTimeouts" name="test_retry_extra_params_timeout_150" time="0.000" /><testcase classname="tests.test_iter54_session124.TestJ1_TightenedTimeouts" name="test_retry_wait_for_180" time="0.000" /><testcase classname="tests.test_iter54_session124.TestJ1_TightenedTimeouts" name="test_no_old_timeout_240" time="0.001" /><testcase classname="tests.test_iter54_session124.TestJ1_TightenedTimeouts" name="test_no_old_timeout_300_wait_for_send_message" time="0.001" /><testcase classname="tests.test_iter54_session124.TestJ2_RetryInProgressFlag" name="test_grep_at_least_three_hits" time="0.002" /><testcase classname="tests.test_iter54_session124.TestJ2_RetryInProgressFlag" name="test_set_true_before_retry" time="0.000" /><testcase classname="tests.test_iter54_session124.TestJ2_RetryInProgressFlag" name="test_report_id_derived_from_session_prefix" time="0.000" /><testcase classname="tests.test_iter54_session124.TestJ2_RetryInProgressFlag" name="test_clear_flag_on_timeout" time="0.001" /><testcase classname="tests.test_iter54_session124.TestJ2_RetryInProgressFlag" name="test_uses_db_reports_update_one" time="0.000" /><testcase classname="tests.test_iter54_session124.TestJ3_StatusEndpointExposesFlag" name="test_source_returns_retry_in_progress" time="0.000" /><testcase classname="tests.test_iter54_session124.TestJ3_StatusEndpointExposesFlag" name="test_endpoint_route_present" time="0.000" /><testcase classname="tests.test_iter54_session124.TestJ3_StatusEndpointExposesFlag" name="test_live_status_endpoint_returns_401_without_auth" time="0.332" /><testcase classname="tests.test_iter54_session124.TestJ3_StatusEndpointExposesFlag" name="test_live_status_endpoint_payload_has_key" time="0.558" /><testcase classname="tests.test_iter54_session124.TestJ4_FrontendRetryHint" name="test_jsx_has_conditional_render" time="0.000" /><testcase classname="tests.test_iter54_session124.TestJ4_FrontendRetryHint" name="test_jsx_testid_and_copy" time="0.000" /><testcase classname="tests.test_iter54_session124.TestJ4_FrontendRetryHint" name="test_amber_italic_styling" time="0.000" /><testcase classname="tests.test_iter54_session124.TestJ6_RegressionSession116_123" name="test_admin_login_works" time="0.321" /><testcase classname="tests.test_iter54_session124.TestJ6_RegressionSession116_123" name="test_faq_endpoint_returns_200" time="0.098" /><testcase classname="tests.test_iter54_session124.TestJ6_RegressionSession116_123" name="test_media_missing_key_returns_404_json" time="0.501" /><testcase classname="tests.test_iter54_session124.TestJ6_RegressionSession116_123" name="test_vip_eligibility_returns_subscription_reason" time="0.427" /><testcase classname="tests.test_iter54_session124.TestJ6_RegressionSession116_123" name="test_no_chef_or_cooking_in_backend" time="0.005" /><testcase classname="tests.test_iter54_session124.TestJ6_RegressionSession116_123" name="test_no_chef_or_cooking_in_frontend_src" time="0.005" /><testcase classname="tests.test_iter54_session124.TestJ6_ExtractJsonStillRobust" name="test_tricky_formats[{&quot;a&quot;: 1}-expected0]" time="2.104" /><testcase classname="tests.test_iter54_session124.TestJ6_ExtractJsonStillRobust" name="test_tricky_formats[```json\n{&quot;k&quot;: 42}\n```-expected1]" time="0.000" /><testcase classname="tests.test_iter54_session124.TestJ6_ExtractJsonStillRobust" name="test_tricky_formats[```\n{&quot;k&quot;: 42}\n```-expected2]" time="0.000" /><testcase classname="tests.test_iter54_session124.TestJ6_ExtractJsonStillRobust" name="test_tricky_formats[Sure! Here is the JSON:\n{&quot;score&quot;: 99}\nHope that helps.-expected3]" time="0.000" /><testcase classname="tests.test_iter54_session124.TestJ6_ExtractJsonStillRobust" name="test_tricky_formats[{&quot;score&quot;: 99,}-expected4]" time="0.000" /><testcase classname="tests.test_iter54_session124.TestJ6_ExtractJsonStillRobust" name="test_tricky_formats[{\u201cscore\u201d: 99}-expected5]" time="0.000" /><testcase classname="tests.test_iter54_session124.TestJ6_ExtractJsonStillRobust" name="test_tricky_formats[{&quot;outer&quot;: {&quot;inner&quot;: {&quot;deep&quot;: 1}}}-expected6]" time="0.000" /><testcase classname="tests.test_iter54_session124.TestJ6_ExtractJsonStillRobust" name="test_tricky_formats[\ufeff{&quot;a&quot;: &quot;b&quot;}-expected7]" time="0.000" /><testcase classname="tests.test_iter54_session124.TestJ6_ExtractJsonStillRobust" name="test_tricky_formats[```json\n{&quot;example&quot;:1}\n```\n```json\n{&quot;real&quot;: true, &quot;score&quot;: 99}\n```-expected8]" time="0.000" /><testcase classname="tests.test_iter54_session124.TestJ6_ExtractJsonStillRobust" name="test_tricky_formats[{&quot;quote&quot;: &quot;he said \\&quot;hi {world}\\&quot; today&quot;}-expected9]" time="0.000" /><testcase classname="tests.test_iter54_session124.TestJ6_ExtractJsonStillRobust" name="test_tricky_formats[  {&quot;x&quot;: [1,2,3,]}  -expected10]" time="0.000" /><testcase classname="tests.test_iter54_session124.TestJ6_ExtractJsonStillRobust" name="test_tricky_formats[{&quot;txt&quot;: \u201cok\u201d}-expected11]" time="0.000" /><testcase classname="tests.test_iter54_session124.TestJ6_ExtractJsonStillRobust" name="test_invalid_inputs_raise[]" time="0.000" /><testcase classname="tests.test_iter54_session124.TestJ6_ExtractJsonStillRobust" name="test_invalid_inputs_raise[no json here at all]" time="0.000" /><testcase classname="tests.test_iter54_session124.TestJ6_ExtractJsonStillRobust" name="test_invalid_inputs_raise[[1,2,3]]" time="0.000" /></testsuite></testsuites>