<?xml version="1.0" encoding="utf-8"?><testsuites name="pytest tests"><testsuite name="pytest" errors="0" failures="1" skipped="0" tests="30" time="3.016" timestamp="2026-06-05T10:54:12.967908+00:00" hostname="agent-env-1e12f434-637a-433d-97de-52deb6b74319"><testcase classname="tests.test_archetype_4layer" name="test_layer1_every_position_has_profile_schema" time="0.001" /><testcase classname="tests.test_archetype_4layer" name="test_layer1_attacking_midfielders_have_academy_bio" time="0.001" /><testcase classname="tests.test_archetype_4layer" name="test_layer2_lukas_returns_lenses_block" time="0.601" /><testcase classname="tests.test_archetype_4layer" name="test_layer2_legacy_fields_still_present" time="0.000" /><testcase classname="tests.test_archetype_4layer" name="test_layer2_inferred_profile_is_attached" time="0.000" /><testcase classname="tests.test_archetype_4layer" name="test_layer3_narrative_attached" time="0.000" /><testcase classname="tests.test_archetype_4layer" name="test_layer3_narrative_is_cached" time="0.232" /><testcase classname="tests.test_archetype_4layer" name="test_layer4_age_bracket_and_bio_chunk" time="0.001" /><testcase classname="tests.test_archetype_4layer" name="test_layer5_fifa_lens_returned_with_real_data" time="0.000" /><testcase classname="tests.test_archetype_4layer" name="test_layer5_fifa_top5_neighbors_shipped" time="0.000" /><testcase classname="tests.test_archetype_4layer" name="test_layer5_fifa_meta_shipped" time="0.000" /><testcase classname="tests.test_archetype_4layer" name="test_step3_career_brief_on_modric_archetype" time="0.000" /><testcase classname="tests.test_archetype_4layer" name="test_step3_top_archetypes_have_career_brief" time="0.001" /><testcase classname="tests.test_iter10_fifa_career" name="test_fifa_similarity_hard_cap_92" time="0.541" /><testcase classname="tests.test_iter10_fifa_career" name="test_fifa_top_match_in_expected_range" time="0.000" /><testcase classname="tests.test_iter10_fifa_career" name="test_fifa_neighbors_count_and_sort" time="0.000" /><testcase classname="tests.test_iter10_fifa_career" name="test_fifa_lens_why_mentions_db_size" time="0.000" /><testcase classname="tests.test_iter10_fifa_career" name="test_fifa_meta_size" time="0.000" /><testcase classname="tests.test_iter10_fifa_career" name="test_career_brief_modric_specifics" time="0.000" /><testcase classname="tests.test_iter10_fifa_career" name="test_legacy_4_lenses_score_within_10" time="0.000" /><testcase classname="tests.test_iter10_fifa_career" name="test_legacy_archetype_fields_intact" time="0.000" /><testcase classname="tests.test_iter10_fifa_career" name="test_narrative_weaves_fifa_or_career" time="0.000" /><testcase classname="tests.test_iter10_fifa_career" name="test_pdf_contains_fifa_and_career_sections" time="0.516" /><testcase classname="tests.test_iter9_independent" name="test_lenses_each_have_full_payload" time="0.532" /><testcase classname="tests.test_iter9_independent" name="test_style_lens_matches_primary_archetype" time="0.000" /><testcase classname="tests.test_iter9_independent" name="test_lenses_can_differ_from_style" time="0.000" /><testcase classname="tests.test_iter9_independent" name="test_narrative_word_count_and_bio_chunk" time="0.000" /><testcase classname="tests.test_iter9_independent" name="test_age_bracket_matches_player_age" time="0.000" /><testcase classname="tests.test_iter9_independent" name="test_narrative_caches_after_pdf_cache_purge" time="0.388" /><testcase classname="tests.test_iter9_independent" name="test_pdf_regenerates_with_new_sections" time="0.129"><failure message="FileNotFoundError: [Errno 2] No such file or directory: 'pdftotext'">E   FileNotFoundError: [Errno 2] No such file or directory: 'pdftotext'</failure></testcase></testsuite></testsuites>