<?xml version="1.0" encoding="utf-8"?><testsuites name="pytest tests"><testsuite name="pytest" errors="0" failures="0" skipped="0" tests="21" time="11.235" timestamp="2026-07-02T17:29:38.202319+00:00" hostname="agent-env-1e12f434-637a-433d-97de-52deb6b74319"><testcase classname="tests.test_iter52_session122.TestG1_PreviewClipShrink" name="test_make_preview_clip_output_size" time="9.342" /><testcase classname="tests.test_iter52_session122.TestG1_PreviewClipShrink" name="test_make_preview_clip_ffmpeg_flags_present" time="0.002" /><testcase classname="tests.test_iter52_session122.TestG2_ContentGateSkipPaid" name="test_is_paid_upload_branch_present" time="0.001" /><testcase classname="tests.test_iter52_session122.TestG2_ContentGateSkipPaid" name="test_gate_skipped_paid_marker_exactly_once" time="0.001" /><testcase classname="tests.test_iter52_session122.TestG2_ContentGateSkipPaid" name="test_stub_gate_dict_fields" time="0.001" /><testcase classname="tests.test_iter52_session122.TestG2_ContentGateSkipPaid" name="test_free_tier_still_calls_run_content_gate" time="0.001" /><testcase classname="tests.test_iter52_session122.TestG3_LiteLLMTimeout" name="test_extra_params_timeout_240" time="0.001" /><testcase classname="tests.test_iter52_session122.TestG3_LiteLLMTimeout" name="test_asyncio_wait_for_timeout_300" time="0.001" /><testcase classname="tests.test_iter52_session122.TestG3_LiteLLMTimeout" name="test_extra_params_before_wait_for" time="0.001" /><testcase classname="tests.test_iter52_session122.TestG4_R2FlushBeforeReady" name="test_flush_before_ready_ordering" time="0.001" /><testcase classname="tests.test_iter52_session122.TestG4_R2FlushBeforeReady" name="test_flush_before_ready_comment_present" time="0.002" /><testcase classname="tests.test_iter52_session122.TestG5_FastPathIntact" name="test_probe_helper_and_fast_path_speed" time="0.165" /><testcase classname="tests.test_iter52_session122.TestG6_FrontendBackendStepWiring" name="test_overlay_accepts_backend_step_prop" time="0.000" /><testcase classname="tests.test_iter52_session122.TestG6_FrontendBackendStepWiring" name="test_uploadpage_passes_backend_step_prop" time="0.000" /><testcase classname="tests.test_iter52_session122.TestG7_E2ESuiteIntact" name="test_e2e_file_present" time="0.000" /><testcase classname="tests.test_iter52_session122.TestG7_E2ESuiteIntact" name="test_e2e_has_10_test_functions" time="0.000" /><testcase classname="tests.test_iter52_session122.TestG8_Regressions" name="test_faq_returns_200_with_items" time="0.174" /><testcase classname="tests.test_iter52_session122.TestG8_Regressions" name="test_admin_login_works" time="0.332" /><testcase classname="tests.test_iter52_session122.TestG8_Regressions" name="test_vip_upload_eligibility_subscription" time="0.483" /><testcase classname="tests.test_iter52_session122.TestG8_Regressions" name="test_media_proxy_missing_key_404_json" time="0.621" /><testcase classname="tests.test_iter52_session122.TestG8_Regressions" name="test_no_chef_or_cooking_strings" time="0.011" /></testsuite></testsuites>