<?xml version="1.0" encoding="utf-8"?><testsuites name="pytest tests"><testsuite name="pytest" errors="0" failures="0" skipped="0" tests="16" time="20.025" timestamp="2026-08-09T19:23:54.528314+00:00" hostname="agent-env-1e12f434-637a-433d-97de-52deb6b74319"><testcase classname="tests.test_iter88_dashboard_hub_new" name="test_interest_free_user_forbidden" time="4.358" /><testcase classname="tests.test_iter88_dashboard_hub_new" name="test_interest_unknown_opp_404" time="0.112" /><testcase classname="tests.test_iter88_dashboard_hub_new" name="test_interest_admin_apply_ok" time="0.115" /><testcase classname="tests.test_iter88_dashboard_hub_new" name="test_interest_idempotent_reapply" time="0.207" /><testcase classname="tests.test_iter88_dashboard_hub_new" name="test_dashboard_opportunities_includes_interested_true" time="0.100" /><testcase classname="tests.test_iter88_dashboard_hub_new" name="test_admin_opportunities_list_has_interest_count" time="0.102" /><testcase classname="tests.test_iter88_dashboard_hub_new" name="test_admin_applicants_no_auth_401_403" time="0.098" /><testcase classname="tests.test_iter88_dashboard_hub_new" name="test_admin_applicants_free_token_403" time="0.134" /><testcase classname="tests.test_iter88_dashboard_hub_new" name="test_interest_withdraw" time="0.212" /><testcase classname="tests.test_iter88_dashboard_hub_new" name="test_delete_opportunity_cascades_interest" time="0.328" /><testcase classname="tests.test_iter88_dashboard_hub_new" name="test_admin_community_has_live_fields" time="0.102" /><testcase classname="tests.test_iter88_dashboard_hub_new" name="test_toggle_use_live_players_reflected_in_user_endpoint" time="0.547" /><testcase classname="tests.test_iter88_dashboard_hub_new" name="test_email_alarm_scout_message_triggers" time="4.105" /><testcase classname="tests.test_iter88_dashboard_hub_new" name="test_email_alarm_notification_kind_does_not_trigger" time="3.137" /><testcase classname="tests.test_iter88_dashboard_hub_new" name="test_email_alarm_admin_sender_does_not_trigger" time="3.118" /><testcase classname="tests.test_iter88_dashboard_hub_new" name="test_email_alarm_target_free_no_recipients" time="3.148" /></testsuite></testsuites>