<?xml version="1.0" encoding="utf-8"?><testsuites name="pytest tests"><testsuite name="pytest" errors="0" failures="0" skipped="0" tests="7" time="0.800" timestamp="2026-06-05T10:54:07.286150+00:00" hostname="agent-env-1e12f434-637a-433d-97de-52deb6b74319"><testcase classname="tests.test_statsbomb_calibration" name="test_statsbomb_dataset_loaded" time="0.001" /><testcase classname="tests.test_statsbomb_calibration" name="test_statsbomb_realistic_pro_pass_completion" time="0.000" /><testcase classname="tests.test_statsbomb_calibration" name="test_statsbomb_realistic_striker_xg" time="0.000" /><testcase classname="tests.test_statsbomb_calibration" name="test_calibration_attached_to_report" time="0.739" /><testcase classname="tests.test_statsbomb_calibration" name="test_calibration_rows_have_complete_data" time="0.000" /><testcase classname="tests.test_statsbomb_calibration" name="test_calibration_summary_counts_match_rows" time="0.000" /><testcase classname="tests.test_statsbomb_calibration" name="test_calibration_buckets_anchored_to_score" time="0.000" /></testsuite></testsuites>