<?xml version="1.0" encoding="utf-8"?><testsuites name="pytest tests"><testsuite name="pytest" errors="0" failures="0" skipped="0" tests="16" time="1.873" timestamp="2026-06-05T12:02:34.251192+00:00" hostname="agent-env-1e12f434-637a-433d-97de-52deb6b74319"><testcase classname="backend.tests.test_age_intelligence" name="test_five_stages_load" time="0.000" /><testcase classname="backend.tests.test_age_intelligence" name="test_stage_age_bands_contiguous" time="0.000" /><testcase classname="backend.tests.test_age_intelligence" name="test_foundation_stage_panels_locked" time="0.000" /><testcase classname="backend.tests.test_age_intelligence" name="test_technical_stage_panels_locked" time="0.000" /><testcase classname="backend.tests.test_age_intelligence" name="test_understanding_and_above_panels_unlocked" time="0.000" /><testcase classname="backend.tests.test_age_intelligence" name="test_age_intelligence_attached" time="0.730" /><testcase classname="backend.tests.test_age_intelligence" name="test_nine_scores_present" time="0.000" /><testcase classname="backend.tests.test_age_intelligence" name="test_pro_style_match_mirrors_fifa" time="0.000" /><testcase classname="backend.tests.test_age_intelligence" name="test_disclaimer_present" time="0.000" /><testcase classname="backend.tests.test_age_intelligence" name="test_what_we_evaluated_present" time="0.000" /><testcase classname="backend.tests.test_age_intelligence" name="test_level_resolved" time="0.000" /><testcase classname="backend.tests.test_age_intelligence" name="test_almin_in_technical_stage" time="0.553" /><testcase classname="backend.tests.test_age_intelligence" name="test_almin_fifa_gated" time="0.000" /><testcase classname="backend.tests.test_age_intelligence" name="test_almin_statsbomb_gated" time="0.000" /><testcase classname="backend.tests.test_age_intelligence" name="test_almin_trial_readiness_gated" time="0.000" /><testcase classname="backend.tests.test_age_intelligence" name="test_pdf_contains_age_intelligence_strings" time="0.524" /></testsuite></testsuites>