<?xml version="1.0" encoding="utf-8"?><testsuites name="pytest tests"><testsuite name="pytest" errors="0" failures="0" skipped="0" tests="10" time="26.437" timestamp="2026-07-02T17:26:49.648805+00:00" hostname="agent-env-1e12f434-637a-433d-97de-52deb6b74319"><testcase classname="tests.test_e2e_full_audit.TestStep1_Upload" name="test_returns_report_id_and_analyzing_status" time="0.767" /><testcase classname="tests.test_e2e_full_audit.TestStep1_Upload" name="test_rejects_unsupported_mime" time="0.177" /><testcase classname="tests.test_e2e_full_audit.TestStep2_FastPath" name="test_ffprobe_and_fast_path" time="2.391" /><testcase classname="tests.test_e2e_full_audit.TestStep3And4_MongoPersistence" name="test_raw_marker_and_player_details_persisted" time="0.004" /><testcase classname="tests.test_e2e_full_audit.TestStep3And4_MongoPersistence" name="test_anchors_processed_by_bg_task" time="0.003" /><testcase classname="tests.test_e2e_full_audit.TestStep5And6_BackgroundAndR2" name="test_status_endpoint_returns_real_progress" time="0.146" /><testcase classname="tests.test_e2e_full_audit.TestStep5And6_BackgroundAndR2" name="test_r2_flush_before_ready" time="20.008" /><testcase classname="tests.test_e2e_full_audit.TestStep7_MediaProxy" name="test_media_proxy_streams_r2_with_range" time="2.326" /><testcase classname="tests.test_e2e_full_audit.TestStep7_MediaProxy" name="test_media_proxy_404_on_missing_key" time="0.425" /><testcase classname="tests.test_e2e_full_audit.TestStep7_MediaProxy" name="test_media_proxy_blocks_traversal" time="0.119" /></testsuite></testsuites>