<?xml version="1.0" encoding="utf-8"?><testsuites name="pytest tests"><testsuite name="pytest" errors="0" failures="0" skipped="0" tests="10" time="5.417" timestamp="2026-08-09T22:15:44.863094+00:00" hostname="agent-env-1e12f434-637a-433d-97de-52deb6b74319"><testcase classname="backend.tests.test_iter90_embedded_checkout" name="test_guest_embedded_creates_session[single-129.0]" time="0.827" /><testcase classname="backend.tests.test_iter90_embedded_checkout" name="test_guest_embedded_creates_session[premium-29.99]" time="0.544" /><testcase classname="backend.tests.test_iter90_embedded_checkout" name="test_guest_embedded_creates_session[vip-49.99]" time="0.490" /><testcase classname="backend.tests.test_iter90_embedded_checkout" name="test_guest_embedded_invalid_tier" time="0.149" /><testcase classname="backend.tests.test_iter90_embedded_checkout" name="test_guest_status_embedded_unpaid" time="1.650" /><testcase classname="backend.tests.test_iter90_embedded_checkout" name="test_guest_status_unknown_404" time="0.106" /><testcase classname="backend.tests.test_iter90_embedded_checkout" name="test_embedded_subscribe_no_auth" time="0.103" /><testcase classname="backend.tests.test_iter90_embedded_checkout" name="test_embedded_subscribe_invalid_tier" time="0.497" /><testcase classname="backend.tests.test_iter90_embedded_checkout" name="test_embedded_subscribe_admin_premium" time="0.468" /><testcase classname="backend.tests.test_iter90_embedded_checkout" name="test_embedded_prepay_upload_regression" time="0.427" /></testsuite></testsuites>