<?xml version="1.0" encoding="utf-8"?><testsuites name="pytest tests"><testsuite name="pytest" errors="0" failures="0" skipped="1" tests="8" time="5.765" timestamp="2026-06-03T20:54:14.899316+00:00" hostname="agent-env-1e12f434-637a-433d-97de-52deb6b74319"><testcase classname="backend.tests.test_embedded_with_real_keys.TestStripeConfigPublic" name="test_returns_real_publishable_key_and_embedded_true" time="0.142" /><testcase classname="backend.tests.test_embedded_with_real_keys.TestEmbeddedPrepay" name="test_free_user_prepay_returns_client_secret" time="1.064" /><testcase classname="backend.tests.test_embedded_with_real_keys.TestEmbeddedPrepay" name="test_status_endpoint_unpaid_open" time="0.306" /><testcase classname="backend.tests.test_embedded_with_real_keys.TestEmbeddedPrepay" name="test_session_metadata_via_stripe_sdk" time="0.288" /><testcase classname="backend.tests.test_embedded_with_real_keys.TestEmbeddedUnlock" name="test_unlock_endpoint_reachable_or_skip" time="0.119"><skipped type="pytest.skip" message="/api/reports not accessible: 404">/app/backend/tests/test_embedded_with_real_keys.py:126: /api/reports not accessible: 404</skipped></testcase><testcase classname="backend.tests.test_embedded_with_real_keys.TestEmergentIntegrationsPollutesGlobalStripeBase" name="test_embedded_session_unusable_after_legacy_call" time="1.495" /><testcase classname="backend.tests.test_embedded_with_real_keys.TestLegacyPrepayStillWorks" name="test_legacy_redirect_prepay_url" time="0.442" /><testcase classname="backend.tests.test_embedded_with_real_keys.TestAdminPriceUpdateEmbeddedAmount" name="test_update_price_to_5_then_session_unit_amount_500" time="1.845" /></testsuite></testsuites>