<?xml version="1.0" encoding="utf-8"?><testsuites name="pytest tests"><testsuite name="pytest" errors="0" failures="0" skipped="0" tests="19" time="4.566" timestamp="2026-06-03T20:33:36.353849+00:00" hostname="agent-env-1e12f434-637a-433d-97de-52deb6b74319"><testcase classname="tests.test_scoutmeplay_usd_embedded.TestAuth" name="test_admin_login" time="0.543" /><testcase classname="tests.test_scoutmeplay_usd_embedded.TestAuth" name="test_free_login" time="0.411" /><testcase classname="tests.test_scoutmeplay_usd_embedded.TestAuth" name="test_premium_login" time="0.362" /><testcase classname="tests.test_scoutmeplay_usd_embedded.TestPriceUSD" name="test_public_price_default_usd" time="0.161" /><testcase classname="tests.test_scoutmeplay_usd_embedded.TestPriceUSD" name="test_admin_update_price_then_restore" time="0.508" /><testcase classname="tests.test_scoutmeplay_usd_embedded.TestPriceUSD" name="test_admin_update_price_legacy_payload_key" time="0.283" /><testcase classname="tests.test_scoutmeplay_usd_embedded.TestPriceUSD" name="test_admin_update_price_forbidden_for_user" time="0.112" /><testcase classname="tests.test_scoutmeplay_usd_embedded.TestAdminStats" name="test_admin_stats_usd" time="0.163" /><testcase classname="tests.test_scoutmeplay_usd_embedded.TestAdminStats" name="test_admin_stats_forbidden_for_free_user" time="0.126" /><testcase classname="tests.test_scoutmeplay_usd_embedded.TestStripeConfig" name="test_stripe_config_public_no_auth" time="0.111" /><testcase classname="tests.test_scoutmeplay_usd_embedded.TestEmbeddedCheckoutGracefulDisabled" name="test_embedded_prepay_503" time="0.153" /><testcase classname="tests.test_scoutmeplay_usd_embedded.TestEmbeddedCheckoutGracefulDisabled" name="test_embedded_unlock_503" time="0.132" /><testcase classname="tests.test_scoutmeplay_usd_embedded.TestEmbeddedCheckoutGracefulDisabled" name="test_embedded_status_nonexistent_session_404" time="0.128" /><testcase classname="tests.test_scoutmeplay_usd_embedded.TestEmbeddedCheckoutGracefulDisabled" name="test_embedded_endpoints_require_auth" time="0.129" /><testcase classname="tests.test_scoutmeplay_usd_embedded.TestLegacyPayments" name="test_legacy_checkout_no_report_returns_404" time="0.170" /><testcase classname="tests.test_scoutmeplay_usd_embedded.TestLegacyPayments" name="test_legacy_prepay_upload_creates_stripe_url_with_usd" time="0.603" /><testcase classname="tests.test_scoutmeplay_usd_embedded.TestLegacyPayments" name="test_payment_transaction_recorded_in_usd" time="0.114" /><testcase classname="tests.test_scoutmeplay_usd_embedded.TestWebhook" name="test_webhook_route_exists_and_rejects_bare_post" time="0.119" /><testcase classname="tests.test_scoutmeplay_usd_embedded.TestUploadEligibility" name="test_free_user_upload_eligibility_shape" time="0.124" /></testsuite></testsuites>