<?xml version="1.0" encoding="utf-8"?><testsuites name="pytest tests"><testsuite name="pytest" errors="0" failures="0" skipped="0" tests="4" time="2.677" timestamp="2026-07-01T06:40:39.392259+00:00" hostname="agent-env-1e12f434-637a-433d-97de-52deb6b74319"><testcase classname="backend.tests.test_demo_videos_delete" name="test_public_get_demo_videos_works" time="1.466" /><testcase classname="backend.tests.test_demo_videos_delete" name="test_admin_can_list_demo_videos" time="0.095" /><testcase classname="backend.tests.test_demo_videos_delete" name="test_admin_create_delete_flow" time="0.745" /><testcase classname="backend.tests.test_demo_videos_delete" name="test_admin_delete_requires_auth" time="0.135" /></testsuite></testsuites>