<?xml version="1.0" encoding="utf-8"?><testsuites name="pytest tests"><testsuite name="pytest" errors="0" failures="0" skipped="0" tests="4" time="1.952" timestamp="2026-07-01T05:23:48.077012+00:00" hostname="agent-env-1e12f434-637a-433d-97de-52deb6b74319"><testcase classname="backend.tests.test_demo_videos" name="test_public_list_returns_json_200" time="0.272" /><testcase classname="backend.tests.test_demo_videos" name="test_admin_list_requires_auth" time="0.154" /><testcase classname="backend.tests.test_demo_videos" name="test_admin_list_returns_items" time="0.467" /><testcase classname="backend.tests.test_demo_videos" name="test_full_demo_video_flow" time="0.877" /></testsuite></testsuites>