<?xml version="1.0" encoding="utf-8"?><testsuites name="pytest tests"><testsuite name="pytest" errors="0" failures="0" skipped="0" tests="17" time="9.578" timestamp="2026-08-08T20:37:54.956834+00:00" hostname="agent-env-1e12f434-637a-433d-97de-52deb6b74319"><testcase classname="backend.tests.test_iter81_email_admin.TestSendTestEmail" name="test_no_auth_rejected" time="0.265" /><testcase classname="backend.tests.test_iter81_email_admin.TestSendTestEmail" name="test_invalid_recipient" time="0.384" /><testcase classname="backend.tests.test_iter81_email_admin.TestSendTestEmail" name="test_unknown_template" time="0.043" /><testcase classname="backend.tests.test_iter81_email_admin.TestSendTestEmail" name="test_template_sends[welcome]" time="0.862" /><testcase classname="backend.tests.test_iter81_email_admin.TestSendTestEmail" name="test_template_sends[activation_24h]" time="0.712" /><testcase classname="backend.tests.test_iter81_email_admin.TestSendTestEmail" name="test_template_sends[activation_72h]" time="0.657" /><testcase classname="backend.tests.test_iter81_email_admin.TestSendTestEmail" name="test_template_sends[conv_waiting]" time="0.762" /><testcase classname="backend.tests.test_iter81_email_admin.TestSendTestEmail" name="test_template_sends[conv_discount]" time="0.649" /><testcase classname="backend.tests.test_iter81_email_admin.TestSendTestEmail" name="test_template_sends[conv_discovery]" time="0.800" /><testcase classname="backend.tests.test_iter81_email_admin.TestSendTestEmail" name="test_template_sends[abandoned_checkout]" time="0.803" /><testcase classname="backend.tests.test_iter81_email_admin.TestSendTestEmail" name="test_template_sends[discount_campaign]" time="0.843" /><testcase classname="backend.tests.test_iter81_email_admin.TestSendTestEmail" name="test_template_sends[report_ready]" time="0.891" /><testcase classname="backend.tests.test_iter81_email_admin.TestSendTestEmail" name="test_template_sends[purchase_confirmation]" time="0.528" /><testcase classname="backend.tests.test_iter81_email_admin.TestSendTestEmail" name="test_template_sends[curve_reminder]" time="0.909" /><testcase classname="backend.tests.test_iter81_email_admin.TestSampleReportRoute" name="test_sample_report_page_loads" time="0.121" /><testcase classname="backend.tests.test_iter81_email_admin.TestEmailClickRedirect" name="test_click_redirect_to_sample_report" time="0.132" /><testcase classname="backend.tests.test_iter81_email_admin.TestEmailClickRedirect" name="test_click_rejects_open_redirect" time="0.136" /></testsuite></testsuites>