<?xml version="1.0" encoding="utf-8"?><testsuites name="pytest tests"><testsuite name="pytest" errors="0" failures="0" skipped="0" tests="9" time="3.006" timestamp="2026-08-04T18:39:09.325711+00:00" hostname="agent-env-1e12f434-637a-433d-97de-52deb6b74319"><testcase classname="backend.tests.test_iter69_reviews.TestReviewsGet" name="test_returns_six_seeded_reviews" time="0.324" /><testcase classname="backend.tests.test_iter69_reviews.TestReviewsGet" name="test_review_fields" time="0.071" /><testcase classname="backend.tests.test_iter69_reviews.TestReviewsGet" name="test_review_images_load" time="1.692" /><testcase classname="backend.tests.test_iter69_reviews.TestReviewsPost" name="test_user_post_rejects_over_50_chars" time="0.060" /><testcase classname="backend.tests.test_iter69_reviews.TestReviewsPost" name="test_admin_post_rejects_over_50" time="0.430" /><testcase classname="backend.tests.test_iter69_reviews.TestReviewsPost" name="test_admin_post_rejects_stars_over_5" time="0.070" /><testcase classname="backend.tests.test_iter69_reviews.TestReviewsPost" name="test_admin_post_accepts_zero_stars" time="0.073" /><testcase classname="backend.tests.test_iter69_reviews.TestReviewsPost" name="test_admin_post_accepts_5_stars_and_persists" time="0.136" /><testcase classname="backend.tests.test_iter69_reviews.TestDemoVideos" name="test_demo_videos_filtered" time="0.067" /></testsuite></testsuites>