<?xml version="1.0" encoding="utf-8"?><testsuites name="pytest tests"><testsuite name="pytest" errors="0" failures="0" skipped="0" tests="13" time="2.037" timestamp="2026-08-02T20:21:22.824975+00:00" hostname="agent-env-1e12f434-637a-433d-97de-52deb6b74319"><testcase classname="backend.tests.test_iter64_admin_payment_fixes.TestReportAccess" name="test_admin_login" time="0.349" /><testcase classname="backend.tests.test_iter64_admin_payment_fixes.TestReportAccess" name="test_owner_cannot_see_full_report_content" time="0.437" /><testcase classname="backend.tests.test_iter64_admin_payment_fixes.TestReportAccess" name="test_admin_can_see_full_report_content" time="0.196" /><testcase classname="backend.tests.test_iter64_admin_payment_fixes.TestReportAccess" name="test_generate_full_402_for_free_owner" time="0.098" /><testcase classname="backend.tests.test_iter64_admin_payment_fixes.TestAdminUserSegments" name="test_get_admin_users_ok" time="0.107" /><testcase classname="backend.tests.test_iter64_admin_payment_fixes.TestAdminUserSegments" name="test_free_email_segment_premium" time="0.000" /><testcase classname="backend.tests.test_iter64_admin_payment_fixes.TestAdminUserSegments" name="test_admin_email_segment_admin" time="0.000" /><testcase classname="backend.tests.test_iter64_admin_payment_fixes.TestAdminUserSegments" name="test_granted_segment_exists_or_reachable" time="0.109" /><testcase classname="backend.tests.test_iter64_admin_payment_fixes.TestAdminPaymentDelete" name="test_delete_payment_flow" time="0.107" /><testcase classname="backend.tests.test_iter64_admin_payment_fixes.TestAdminPaymentDelete" name="test_delete_payment_unknown_404" time="0.103" /><testcase classname="backend.tests.test_iter64_admin_payment_fixes.TestAdminPaymentDelete" name="test_delete_payment_no_admin_forbidden" time="0.099" /><testcase classname="backend.tests.test_iter64_admin_payment_fixes.TestAdminEndpointsSmoke" name="test_admin_reports_200" time="0.168" /><testcase classname="backend.tests.test_iter64_admin_payment_fixes.TestAdminEndpointsSmoke" name="test_admin_payments_200" time="0.117" /></testsuite></testsuites>