<?xml version="1.0" encoding="utf-8"?><testsuites name="pytest tests"><testsuite name="pytest" errors="0" failures="0" skipped="0" tests="10" time="2.412" timestamp="2026-08-15T18:05:35.106856+00:00" hostname="agent-env-1e12f434-637a-433d-97de-52deb6b74319"><testcase classname="backend.tests.test_iter95_cv_shadow" name="test_admin_login_ok" time="0.359" /><testcase classname="backend.tests.test_iter95_cv_shadow" name="test_report_no_cv_shadow_leak" time="0.142" /><testcase classname="backend.tests.test_iter95_cv_shadow" name="test_frame_image_loads" time="0.540" /><testcase classname="backend.tests.test_iter95_cv_shadow" name="test_tele_clip_loads" time="0.324" /><testcase classname="backend.tests.test_iter95_cv_shadow" name="test_cv_shadow_summary_requires_auth" time="0.103" /><testcase classname="backend.tests.test_iter95_cv_shadow" name="test_cv_shadow_summary" time="0.103" /><testcase classname="backend.tests.test_iter95_cv_shadow" name="test_cv_shadow_per_report_requires_auth" time="0.103" /><testcase classname="backend.tests.test_iter95_cv_shadow" name="test_cv_shadow_per_report" time="0.112" /><testcase classname="backend.tests.test_iter95_cv_shadow" name="test_homepage_loads" time="0.105" /><testcase classname="backend.tests.test_iter95_cv_shadow" name="test_all_three_reports_no_leak" time="0.434" /></testsuite></testsuites>