<?xml version="1.0" encoding="utf-8"?><testsuites name="pytest tests"><testsuite name="pytest" errors="0" failures="0" skipped="0" tests="52" time="19.143" timestamp="2026-07-06T01:30:16.748920+00:00" hostname="agent-env-1e12f434-637a-433d-97de-52deb6b74319"><testcase classname="tests.test_iter58_premium_subscription_tier.TestGrantedPremiumUser" name="test_login_returns_subscription_tier_premium" time="0.506" /><testcase classname="tests.test_iter58_premium_subscription_tier.TestGrantedPremiumUser" name="test_me_endpoint_returns_subscription_tier" time="0.435" /><testcase classname="tests.test_iter58_premium_subscription_tier.TestGrantedPremiumUser" name="test_upload_eligibility_reason_subscription" time="0.438" /><testcase classname="tests.test_iter58_premium_subscription_tier.TestFreshFreeUser" name="test_login_subscription_tier_null" time="0.358" /><testcase classname="tests.test_iter58_premium_subscription_tier.TestFreshFreeUser" name="test_me_endpoint_subscription_tier_null" time="0.467" /><testcase classname="tests.test_iter58_premium_subscription_tier.TestAdminGrantAccess" name="test_admin_login_works" time="0.332" /><testcase classname="tests.test_iter58_premium_subscription_tier.TestAdminGrantAccess" name="test_grant_access_idempotent" time="0.696" /><testcase classname="tests.test_subscriptions_iter32.TestGetMySubscription" name="test_returns_null_subscription_with_tiers" time="0.426" /><testcase classname="tests.test_subscriptions_iter32.TestGetMySubscription" name="test_requires_auth" time="0.102" /><testcase classname="tests.test_subscriptions_iter32.TestSubscribeCheckout" name="test_no_auth_returns_401" time="0.109" /><testcase classname="tests.test_subscriptions_iter32.TestSubscribeCheckout" name="test_bogus_tier_returns_400" time="0.106" /><testcase classname="tests.test_subscriptions_iter32.TestSubscribeCheckout" name="test_premium_returns_stripe_checkout_url" time="0.764" /><testcase classname="tests.test_subscriptions_iter32.TestSubscribeCheckout" name="test_vip_returns_stripe_checkout_url" time="0.528" /><testcase classname="tests.test_subscriptions_iter32.TestPaymentTransactionRow" name="test_status_returns_unpaid_for_fresh_session" time="0.715" /><testcase classname="tests.test_subscriptions_iter32.TestPaymentTransactionRow" name="test_status_cross_user_returns_403" time="1.043" /><testcase classname="tests.test_subscriptions_iter32.TestPaymentTransactionRow" name="test_status_unknown_session_returns_404" time="0.113" /><testcase classname="tests.test_subscriptions_iter32.TestUploadEligibilityBackwardsCompat" name="test_premium_user_no_sub_eligibility_shape" time="0.127" /><testcase classname="tests.test_subscriptions_iter32.TestUploadEligibilityBackwardsCompat" name="test_free_user_with_prepaid_still_eligible" time="0.103" /><testcase classname="tests.test_subscriptions_iter32.TestNoActiveSubscriptionActions" name="test_cancel_no_active_400" time="0.121" /><testcase classname="tests.test_subscriptions_iter32.TestNoActiveSubscriptionActions" name="test_resume_no_active_400" time="0.104" /><testcase classname="tests.test_subscriptions_iter32.TestNoActiveSubscriptionActions" name="test_change_tier_no_active_400" time="0.103" /><testcase classname="tests.test_subscriptions_iter32.TestWebhookSignature" name="test_invalid_signature_returns_400" time="0.099" /><testcase classname="tests.test_iter40_subscription_usage" name="test_subscription_shape_free_user" time="0.438" /><testcase classname="tests.test_iter40_subscription_usage" name="test_subscription_shape_admin_no_sub" time="0.448" /><testcase classname="tests.test_iter40_subscription_usage" name="test_subscription_shape_premium_seed" time="0.452" /><testcase classname="tests.test_iter40_subscription_usage" name="test_subscription_endpoint_latency" time="0.217" /><testcase classname="tests.test_iter55_marker_premium.TestReportMarkerFullEndpoint" name="test_admin_can_fetch_report" time="0.463" /><testcase classname="tests.test_iter55_marker_premium.TestReportMarkerFullEndpoint" name="test_marker_url_is_r2_proxy" time="0.112" /><testcase classname="tests.test_iter55_marker_premium.TestReportMarkerFullEndpoint" name="test_subject_crop_url_is_r2_proxy" time="0.115" /><testcase classname="tests.test_iter55_marker_premium.TestReportMarkerFullEndpoint" name="test_admin_report_is_fully_populated" time="0.111" /><testcase classname="tests.test_iter55_marker_premium.TestStatusEndpoint" name="test_status_returns_marker_url_r2" time="0.112" /><testcase classname="tests.test_iter55_marker_premium.TestStatusEndpoint" name="test_status_returns_subject_crop_url" time="0.099" /><testcase classname="tests.test_iter55_marker_premium.TestMediaProxyReturnsImages" name="test_marker_image_fetches" time="0.526" /><testcase classname="tests.test_iter55_marker_premium.TestMediaProxyReturnsImages" name="test_subject_crop_image_fetches" time="0.426" /><testcase classname="tests.test_iter55_marker_premium.TestFreeUserRegression" name="test_free_user_can_login" time="0.417" /><testcase classname="tests.test_iter55_marker_premium.TestFreeUserRegression" name="test_free_user_report_gating" time="0.108" /><testcase classname="tests.test_iter55_marker_premium.TestFrontendSourceInvariants" name="test_upload_page_passes_hidetimers" time="0.009" /><testcase classname="tests.test_iter55_marker_premium.TestFrontendSourceInvariants" name="test_precision_overlay_reads_hidetimers" time="0.004" /><testcase classname="tests.test_iter55_marker_premium.TestFrontendSourceInvariants" name="test_report_page_role_gates_unlocked" time="0.003" /><testcase classname="tests.test_iter55_marker_premium.TestBackendSourceInvariants" name="test_resolvers_exist" time="0.001" /><testcase classname="tests.test_iter55_marker_premium.TestBackendSourceInvariants" name="test_status_endpoint_uses_resolvers" time="0.001" /><testcase classname="tests.test_iter55_marker_premium.TestBackendSourceInvariants" name="test_serialize_report_uses_resolvers" time="0.001" /><testcase classname="tests.test_iter55_marker_premium.TestBackendSourceInvariants" name="test_r2_flush_covers_marker_and_subject_crop" time="0.001" /><testcase classname="tests.test_budget_error_handling" name="test_call_gemini_wraps_budget_error_as_503" time="0.003" /><testcase classname="tests.test_budget_error_handling" name="test_call_gemini_re_raises_unknown_errors_unchanged" time="0.005" /><testcase classname="tests.test_budget_error_handling" name="test_budget_detection_matches_all_variants" time="0.000" /><testcase classname="tests.test_analysis_watchdog" name="test_heartbeat_writes_step_and_timestamp" time="0.000" /><testcase classname="tests.test_analysis_watchdog" name="test_heartbeat_without_step_only_updates_timestamp" time="0.000" /><testcase classname="tests.test_analysis_watchdog" name="test_sweeper_rescues_stalled_heartbeat_reports" time="0.001" /><testcase classname="tests.test_analysis_watchdog" name="test_sweeper_rescues_legacy_reports_without_heartbeat" time="0.001" /><testcase classname="tests.test_analysis_watchdog" name="test_mark_stalled_is_compare_and_swap" time="0.000" /><testcase classname="tests.test_analysis_watchdog" name="test_stamp_progress_merges_extra_fields" time="0.001" /></testsuite></testsuites>