<?xml version="1.0" encoding="utf-8"?><testsuites name="pytest tests"><testsuite name="pytest" errors="0" failures="0" skipped="0" tests="8" time="0.946" timestamp="2026-06-05T01:42:22.494028+00:00" hostname="agent-env-1e12f434-637a-433d-97de-52deb6b74319"><testcase classname="backend.tests.test_archetype_age_profile.TestCatalogFiles" name="test_archetypes_file_structure" time="0.001" /><testcase classname="backend.tests.test_archetype_age_profile.TestCatalogFiles" name="test_age_profiles_file_structure" time="0.000" /><testcase classname="backend.tests.test_archetype_age_profile.TestArchetypeBlock" name="test_archetype_present_and_correct" time="0.647" /><testcase classname="backend.tests.test_archetype_age_profile.TestAgeProfileBlock" name="test_age_profile_present_and_correct" time="0.001" /><testcase classname="backend.tests.test_archetype_age_profile.TestAgeProfileBlock" name="test_age_profile_items_schema" time="0.000" /><testcase classname="backend.tests.test_archetype_age_profile.TestTrialReadinessRegression" name="test_trial_readiness_still_present" time="0.001" /><testcase classname="backend.tests.test_archetype_age_profile.TestPremiumPDF" name="test_pdf_size" time="0.130" /><testcase classname="backend.tests.test_archetype_age_profile.TestPremiumPDF" name="test_pdf_pages_and_text" time="0.071" /></testsuite></testsuites>