<?xml version="1.0" encoding="utf-8"?><testsuites name="pytest tests"><testsuite name="pytest" errors="0" failures="1" skipped="0" tests="15" time="49.617" timestamp="2026-08-12T17:16:17.069293+00:00" hostname="agent-env-1e12f434-637a-433d-97de-52deb6b74319"><testcase classname="backend.tests.test_iter93_quality_engine.TestAuthGating" name="test_overview_unauth" time="0.338" /><testcase classname="backend.tests.test_iter93_quality_engine.TestAuthGating" name="test_duplicates_scan_unauth" time="0.136" /><testcase classname="backend.tests.test_iter93_quality_engine.TestAuthGating" name="test_seo_check_unauth" time="0.131" /><testcase classname="backend.tests.test_iter93_quality_engine.TestAuthGating" name="test_latest_unauth" time="0.202" /><testcase classname="backend.tests.test_iter93_quality_engine.TestOverviewAndDuplicates" name="test_overview" time="0.428" /><testcase classname="backend.tests.test_iter93_quality_engine.TestOverviewAndDuplicates" name="test_duplicates_scan" time="0.775" /><testcase classname="backend.tests.test_iter93_quality_engine.TestOverviewAndDuplicates" name="test_duplicates_latest" time="0.088" /><testcase classname="backend.tests.test_iter93_quality_engine.TestBlogQC" name="test_blog_check_with_cover" time="25.768" /><testcase classname="backend.tests.test_iter93_quality_engine.TestBlogQC" name="test_blog_apply_and_restore" time="0.304" /><testcase classname="backend.tests.test_iter93_quality_engine.TestBlogQC" name="test_blog_apply_invalid_field" time="0.068" /><testcase classname="backend.tests.test_iter93_quality_engine.TestCarouselQC" name="test_carousel_check" time="20.591" /><testcase classname="backend.tests.test_iter93_quality_engine.TestCarouselQC" name="test_carousel_apply_and_restore" time="0.138"><failure message="assert (None)">backend/tests/test_iter93_quality_engine.py:225: in test_carousel_apply_and_restore
    assert job and job.get("caption") == "test caption QA"
E   assert (None)</failure></testcase><testcase classname="backend.tests.test_iter93_quality_engine.TestSeoQC" name="test_seo_latest_ready" time="0.072" /><testcase classname="backend.tests.test_iter93_quality_engine.TestSeoQC" name="test_seo_apply_and_restore" time="0.381" /><testcase classname="backend.tests.test_iter93_quality_engine.TestSeoQC" name="test_seo_apply_unknown_key_400" time="0.069" /></testsuite></testsuites>