<?xml version="1.0" encoding="utf-8"?><testsuites name="pytest tests"><testsuite name="pytest" errors="0" failures="0" skipped="0" tests="13" time="1.074" timestamp="2026-06-05T06:48:57.045839+00:00" hostname="agent-env-1e12f434-637a-433d-97de-52deb6b74319"><testcase classname="tests.test_archetype_4layer" name="test_layer1_every_position_has_profile_schema" time="0.001" /><testcase classname="tests.test_archetype_4layer" name="test_layer1_attacking_midfielders_have_academy_bio" time="0.001" /><testcase classname="tests.test_archetype_4layer" name="test_layer2_lukas_returns_lenses_block" time="0.758" /><testcase classname="tests.test_archetype_4layer" name="test_layer2_legacy_fields_still_present" time="0.000" /><testcase classname="tests.test_archetype_4layer" name="test_layer2_inferred_profile_is_attached" time="0.000" /><testcase classname="tests.test_archetype_4layer" name="test_layer3_narrative_attached" time="0.000" /><testcase classname="tests.test_archetype_4layer" name="test_layer3_narrative_is_cached" time="0.249" /><testcase classname="tests.test_archetype_4layer" name="test_layer4_age_bracket_and_bio_chunk" time="0.001" /><testcase classname="tests.test_archetype_4layer" name="test_layer5_fifa_lens_returned_with_real_data" time="0.000" /><testcase classname="tests.test_archetype_4layer" name="test_layer5_fifa_top5_neighbors_shipped" time="0.000" /><testcase classname="tests.test_archetype_4layer" name="test_layer5_fifa_meta_shipped" time="0.000" /><testcase classname="tests.test_archetype_4layer" name="test_step3_career_brief_on_modric_archetype" time="0.000" /><testcase classname="tests.test_archetype_4layer" name="test_step3_top_archetypes_have_career_brief" time="0.001" /></testsuite></testsuites>