<?xml version="1.0" encoding="utf-8"?><testsuites name="pytest tests"><testsuite name="pytest" errors="0" failures="0" skipped="0" tests="5" time="1.256" timestamp="2026-08-05T18:41:03.330165+00:00" hostname="agent-env-1e12f434-637a-433d-97de-52deb6b74319"><testcase classname="backend.tests.test_iter75_upload_validation" name="test_landing_page_renders" time="0.716" /><testcase classname="backend.tests.test_iter75_upload_validation" name="test_admin_login_ok" time="0.106" /><testcase classname="backend.tests.test_iter75_upload_validation" name="test_upload_missing_country_returns_400" time="0.156" /><testcase classname="backend.tests.test_iter75_upload_validation" name="test_upload_missing_photo_source_returns_400" time="0.113" /><testcase classname="backend.tests.test_iter75_upload_validation" name="test_admin_reports_list" time="0.086" /></testsuite></testsuites>