<?xml version="1.0" encoding="utf-8"?><testsuites name="pytest tests"><testsuite name="pytest" errors="0" failures="0" skipped="0" tests="110" time="40.866" timestamp="2026-07-03T00:20:53.598139+00:00" hostname="agent-env-1e12f434-637a-433d-97de-52deb6b74319"><testcase classname="tests.test_iter52_session122.TestG1_PreviewClipShrink" name="test_make_preview_clip_output_size" time="8.961" /><testcase classname="tests.test_iter52_session122.TestG1_PreviewClipShrink" name="test_make_preview_clip_ffmpeg_flags_present" time="0.002" /><testcase classname="tests.test_iter52_session122.TestG2_ContentGateSkipPaid" name="test_is_paid_upload_branch_present" time="0.001" /><testcase classname="tests.test_iter52_session122.TestG2_ContentGateSkipPaid" name="test_gate_skipped_paid_marker_exactly_once" time="0.001" /><testcase classname="tests.test_iter52_session122.TestG2_ContentGateSkipPaid" name="test_stub_gate_dict_fields" time="0.001" /><testcase classname="tests.test_iter52_session122.TestG2_ContentGateSkipPaid" name="test_free_tier_still_calls_run_content_gate" time="0.000" /><testcase classname="tests.test_iter52_session122.TestG3_LiteLLMTimeout" name="test_extra_params_timeout_150" time="0.001" /><testcase classname="tests.test_iter52_session122.TestG3_LiteLLMTimeout" name="test_asyncio_wait_for_timeout_180" time="0.001" /><testcase classname="tests.test_iter52_session122.TestG3_LiteLLMTimeout" name="test_extra_params_before_wait_for" time="0.001" /><testcase classname="tests.test_iter52_session122.TestG4_R2FlushBeforeReady" name="test_flush_before_ready_ordering" time="0.001" /><testcase classname="tests.test_iter52_session122.TestG4_R2FlushBeforeReady" name="test_flush_before_ready_comment_present" time="0.002" /><testcase classname="tests.test_iter52_session122.TestG5_FastPathIntact" name="test_probe_helper_and_fast_path_speed" time="0.166" /><testcase classname="tests.test_iter52_session122.TestG6_FrontendBackendStepWiring" name="test_overlay_accepts_backend_step_prop" time="0.000" /><testcase classname="tests.test_iter52_session122.TestG6_FrontendBackendStepWiring" name="test_uploadpage_passes_backend_step_prop" time="0.000" /><testcase classname="tests.test_iter52_session122.TestG7_E2ESuiteIntact" name="test_e2e_file_present" time="0.000" /><testcase classname="tests.test_iter52_session122.TestG7_E2ESuiteIntact" name="test_e2e_has_10_test_functions" time="0.000" /><testcase classname="tests.test_iter52_session122.TestG8_Regressions" name="test_faq_returns_200_with_items" time="0.287" /><testcase classname="tests.test_iter52_session122.TestG8_Regressions" name="test_admin_login_works" time="0.370" /><testcase classname="tests.test_iter52_session122.TestG8_Regressions" name="test_vip_upload_eligibility_subscription" time="0.444" /><testcase classname="tests.test_iter52_session122.TestG8_Regressions" name="test_media_proxy_missing_key_404_json" time="0.523" /><testcase classname="tests.test_iter52_session122.TestG8_Regressions" name="test_no_chef_or_cooking_strings" time="0.011" /><testcase classname="tests.test_iter53_session123.TestExtractJsonHappyPath" name="test_simple_object" time="0.000" /><testcase classname="tests.test_iter53_session123.TestExtractJsonHappyPath" name="test_fenced_json" time="0.000" /><testcase classname="tests.test_iter53_session123.TestExtractJsonHappyPath" name="test_fenced_no_language" time="0.000" /><testcase classname="tests.test_iter53_session123.TestExtractJsonHappyPath" name="test_prose_prefix" time="0.000" /><testcase classname="tests.test_iter53_session123.TestExtractJsonHappyPath" name="test_prose_suffix" time="0.000" /><testcase classname="tests.test_iter53_session123.TestExtractJsonHappyPath" name="test_trailing_comma" time="0.000" /><testcase classname="tests.test_iter53_session123.TestExtractJsonHappyPath" name="test_smart_quotes" time="0.000" /><testcase classname="tests.test_iter53_session123.TestExtractJsonHappyPath" name="test_prose_around_fence" time="0.000" /><testcase classname="tests.test_iter53_session123.TestExtractJsonHappyPath" name="test_nested_braces_deep" time="0.000" /><testcase classname="tests.test_iter53_session123.TestExtractJsonHappyPath" name="test_two_fences_take_larger" time="0.000" /><testcase classname="tests.test_iter53_session123.TestExtractJsonReject" name="test_empty_response_rejected" time="0.000" /><testcase classname="tests.test_iter53_session123.TestExtractJsonReject" name="test_no_json_rejected" time="0.000" /><testcase classname="tests.test_iter53_session123.TestExtractJsonReject" name="test_list_not_dict_rejected" time="0.000" /><testcase classname="tests.test_iter53_session123.TestExtractJsonExtras" name="test_zero_width_and_bom" time="0.000" /><testcase classname="tests.test_iter53_session123.TestExtractJsonExtras" name="test_string_with_braces_inside" time="0.000" /><testcase classname="tests.test_iter53_session123.TestRetryStructure" name="test_retry_chat_variable_exists" time="0.001" /><testcase classname="tests.test_iter53_session123.TestRetryStructure" name="test_retry_session_id_suffix" time="0.000" /><testcase classname="tests.test_iter53_session123.TestRetryStructure" name="test_strict_prompt_prepend" time="0.003" /><testcase classname="tests.test_iter53_session123.TestRetryStructure" name="test_502_on_double_fail" time="0.000" /><testcase classname="tests.test_iter53_session123.TestRetryStructure" name="test_no_generic_500_invalid_format" time="0.000" /><testcase classname="tests.test_iter53_session123.TestRetryStructure" name="test_first_err_captured_and_logged" time="0.001" /><testcase classname="tests.test_iter53_session123.TestRetryStructure" name="test_retry_logs_success" time="0.000" /><testcase classname="tests.test_iter53_session123.TestCategorizedPrefixes" name="test_empty_response_prefix" time="0.001" /><testcase classname="tests.test_iter53_session123.TestCategorizedPrefixes" name="test_no_json_found_prefix" time="0.000" /><testcase classname="tests.test_iter53_session123.TestCategorizedPrefixes" name="test_all_candidates_failed_prefix" time="0.000" /><testcase classname="tests.test_iter53_session123.TestCategorizedPrefixes" name="test_parsed_not_dict_prefix" time="0.000" /><testcase classname="tests.test_iter53_session123.TestPinnedTop3Cards" name="test_zap_and_target_imported" time="0.000" /><testcase classname="tests.test_iter53_session123.TestPinnedTop3Cards" name="test_pinned_grid_testid" time="0.000" /><testcase classname="tests.test_iter53_session123.TestPinnedTop3Cards" name="test_strengths_card_testid" time="0.000" /><testcase classname="tests.test_iter53_session123.TestPinnedTop3Cards" name="test_focus_card_testid" time="0.000" /><testcase classname="tests.test_iter53_session123.TestPinnedTop3Cards" name="test_border_colors" time="0.000" /><testcase classname="tests.test_iter53_session123.TestPinnedTop3Cards" name="test_labels_danish" time="0.000" /><testcase classname="tests.test_iter53_session123.TestPinnedTop3Cards" name="test_slice_top3" time="0.000" /><testcase classname="tests.test_iter53_session123.TestPinnedTop3Cards" name="test_fallback_areas_of_concern" time="0.000" /><testcase classname="tests.test_iter53_session123.TestPinnedTop3Cards" name="test_empty_state_messages" time="0.000" /><testcase classname="tests.test_iter53_session123.TestPinnedTop3Cards" name="test_pinned_cards_above_radar" time="0.000" /><testcase classname="tests.test_iter53_session123.TestSession122Regressions" name="test_r2_flush_before_ready_comment" time="0.001" /><testcase classname="tests.test_iter53_session123.TestSession122Regressions" name="test_gate_skipped_paid" time="0.000" /><testcase classname="tests.test_iter53_session123.TestSession122Regressions" name="test_litellm_extra_params_timeout" time="0.000" /><testcase classname="tests.test_iter53_session123.TestSession122Regressions" name="test_no_chef_or_cooking" time="0.006" /><testcase classname="tests.test_iter54_session124.TestJ1_TightenedTimeouts" name="test_primary_extra_params_timeout_150" time="0.001" /><testcase classname="tests.test_iter54_session124.TestJ1_TightenedTimeouts" name="test_primary_wait_for_180" time="0.000" /><testcase classname="tests.test_iter54_session124.TestJ1_TightenedTimeouts" name="test_retry_extra_params_timeout_150" time="0.000" /><testcase classname="tests.test_iter54_session124.TestJ1_TightenedTimeouts" name="test_retry_wait_for_180" time="0.000" /><testcase classname="tests.test_iter54_session124.TestJ1_TightenedTimeouts" name="test_no_old_timeout_240" time="0.001" /><testcase classname="tests.test_iter54_session124.TestJ1_TightenedTimeouts" name="test_no_old_timeout_300_wait_for_send_message" time="0.001" /><testcase classname="tests.test_iter54_session124.TestJ2_RetryInProgressFlag" name="test_grep_at_least_three_hits" time="0.002" /><testcase classname="tests.test_iter54_session124.TestJ2_RetryInProgressFlag" name="test_set_true_before_retry" time="0.000" /><testcase classname="tests.test_iter54_session124.TestJ2_RetryInProgressFlag" name="test_report_id_derived_from_session_prefix" time="0.000" /><testcase classname="tests.test_iter54_session124.TestJ2_RetryInProgressFlag" name="test_clear_flag_on_timeout" time="0.001" /><testcase classname="tests.test_iter54_session124.TestJ2_RetryInProgressFlag" name="test_uses_db_reports_update_one" time="0.000" /><testcase classname="tests.test_iter54_session124.TestJ3_StatusEndpointExposesFlag" name="test_source_returns_retry_in_progress" time="0.000" /><testcase classname="tests.test_iter54_session124.TestJ3_StatusEndpointExposesFlag" name="test_endpoint_route_present" time="0.000" /><testcase classname="tests.test_iter54_session124.TestJ3_StatusEndpointExposesFlag" name="test_live_status_endpoint_returns_401_without_auth" time="0.118" /><testcase classname="tests.test_iter54_session124.TestJ3_StatusEndpointExposesFlag" name="test_live_status_endpoint_payload_has_key" time="0.652" /><testcase classname="tests.test_iter54_session124.TestJ4_FrontendRetryHint" name="test_jsx_has_conditional_render" time="0.000" /><testcase classname="tests.test_iter54_session124.TestJ4_FrontendRetryHint" name="test_jsx_testid_and_copy" time="0.000" /><testcase classname="tests.test_iter54_session124.TestJ4_FrontendRetryHint" name="test_amber_italic_styling" time="0.000" /><testcase classname="tests.test_iter54_session124.TestJ6_RegressionSession116_123" name="test_admin_login_works" time="0.337" /><testcase classname="tests.test_iter54_session124.TestJ6_RegressionSession116_123" name="test_faq_endpoint_returns_200" time="0.100" /><testcase classname="tests.test_iter54_session124.TestJ6_RegressionSession116_123" name="test_media_missing_key_returns_404_json" time="0.322" /><testcase classname="tests.test_iter54_session124.TestJ6_RegressionSession116_123" name="test_vip_eligibility_returns_subscription_reason" time="0.445" /><testcase classname="tests.test_iter54_session124.TestJ6_RegressionSession116_123" name="test_no_chef_or_cooking_in_backend" time="0.005" /><testcase classname="tests.test_iter54_session124.TestJ6_RegressionSession116_123" name="test_no_chef_or_cooking_in_frontend_src" time="0.005" /><testcase classname="tests.test_iter54_session124.TestJ6_ExtractJsonStillRobust" name="test_tricky_formats[{&quot;a&quot;: 1}-expected0]" time="0.001" /><testcase classname="tests.test_iter54_session124.TestJ6_ExtractJsonStillRobust" name="test_tricky_formats[```json\n{&quot;k&quot;: 42}\n```-expected1]" time="0.000" /><testcase classname="tests.test_iter54_session124.TestJ6_ExtractJsonStillRobust" name="test_tricky_formats[```\n{&quot;k&quot;: 42}\n```-expected2]" time="0.000" /><testcase classname="tests.test_iter54_session124.TestJ6_ExtractJsonStillRobust" name="test_tricky_formats[Sure! Here is the JSON:\n{&quot;score&quot;: 99}\nHope that helps.-expected3]" time="0.000" /><testcase classname="tests.test_iter54_session124.TestJ6_ExtractJsonStillRobust" name="test_tricky_formats[{&quot;score&quot;: 99,}-expected4]" time="0.000" /><testcase classname="tests.test_iter54_session124.TestJ6_ExtractJsonStillRobust" name="test_tricky_formats[{\u201cscore\u201d: 99}-expected5]" time="0.000" /><testcase classname="tests.test_iter54_session124.TestJ6_ExtractJsonStillRobust" name="test_tricky_formats[{&quot;outer&quot;: {&quot;inner&quot;: {&quot;deep&quot;: 1}}}-expected6]" time="0.000" /><testcase classname="tests.test_iter54_session124.TestJ6_ExtractJsonStillRobust" name="test_tricky_formats[\ufeff{&quot;a&quot;: &quot;b&quot;}-expected7]" time="0.000" /><testcase classname="tests.test_iter54_session124.TestJ6_ExtractJsonStillRobust" name="test_tricky_formats[```json\n{&quot;example&quot;:1}\n```\n```json\n{&quot;real&quot;: true, &quot;score&quot;: 99}\n```-expected8]" time="0.000" /><testcase classname="tests.test_iter54_session124.TestJ6_ExtractJsonStillRobust" name="test_tricky_formats[{&quot;quote&quot;: &quot;he said \\&quot;hi {world}\\&quot; today&quot;}-expected9]" time="0.000" /><testcase classname="tests.test_iter54_session124.TestJ6_ExtractJsonStillRobust" name="test_tricky_formats[  {&quot;x&quot;: [1,2,3,]}  -expected10]" time="0.000" /><testcase classname="tests.test_iter54_session124.TestJ6_ExtractJsonStillRobust" name="test_tricky_formats[{&quot;txt&quot;: \u201cok\u201d}-expected11]" time="0.000" /><testcase classname="tests.test_iter54_session124.TestJ6_ExtractJsonStillRobust" name="test_invalid_inputs_raise[]" time="0.000" /><testcase classname="tests.test_iter54_session124.TestJ6_ExtractJsonStillRobust" name="test_invalid_inputs_raise[no json here at all]" time="0.000" /><testcase classname="tests.test_iter54_session124.TestJ6_ExtractJsonStillRobust" name="test_invalid_inputs_raise[[1,2,3]]" time="0.000" /><testcase classname="tests.test_e2e_full_audit.TestStep1_Upload" name="test_returns_report_id_and_analyzing_status" time="0.493" /><testcase classname="tests.test_e2e_full_audit.TestStep1_Upload" name="test_rejects_unsupported_mime" time="0.193" /><testcase classname="tests.test_e2e_full_audit.TestStep2_FastPath" name="test_ffprobe_and_fast_path" time="0.241" /><testcase classname="tests.test_e2e_full_audit.TestStep3And4_MongoPersistence" name="test_raw_marker_and_player_details_persisted" time="0.004" /><testcase classname="tests.test_e2e_full_audit.TestStep3And4_MongoPersistence" name="test_anchors_processed_by_bg_task" time="0.003" /><testcase classname="tests.test_e2e_full_audit.TestStep5And6_BackgroundAndR2" name="test_status_endpoint_returns_real_progress" time="0.173" /><testcase classname="tests.test_e2e_full_audit.TestStep5And6_BackgroundAndR2" name="test_r2_flush_before_ready" time="24.009" /><testcase classname="tests.test_e2e_full_audit.TestStep7_MediaProxy" name="test_media_proxy_streams_r2_with_range" time="2.344" /><testcase classname="tests.test_e2e_full_audit.TestStep7_MediaProxy" name="test_media_proxy_404_on_missing_key" time="0.363" /><testcase classname="tests.test_e2e_full_audit.TestStep7_MediaProxy" name="test_media_proxy_blocks_traversal" time="0.115" /></testsuite></testsuites>