<?xml version="1.0" encoding="utf-8"?><testsuites name="pytest tests"><testsuite name="pytest" errors="0" failures="0" skipped="0" tests="4" time="1.028" timestamp="2026-06-05T01:25:17.462780+00:00" hostname="agent-env-1e12f434-637a-433d-97de-52deb6b74319"><testcase classname="backend.tests.test_trial_readiness" name="test_trial_readiness_present_and_well_formed" time="0.696" /><testcase classname="backend.tests.test_trial_readiness" name="test_lukas_attacking_midfielder_mapping" time="0.000" /><testcase classname="backend.tests.test_trial_readiness" name="test_premium_pdf_contains_methodology_and_trial_readiness" time="0.167" /><testcase classname="backend.tests.test_trial_readiness" name="test_alias_order_specific_before_generic_midfielder" time="0.001" /></testsuite></testsuites>