<?xml version="1.0" encoding="utf-8"?><testsuites name="pytest tests"><testsuite name="pytest" errors="0" failures="2" skipped="0" tests="9" time="32.551" timestamp="2026-06-17T16:19:08.084804+00:00" hostname="agent-env-1e12f434-637a-433d-97de-52deb6b74319"><testcase classname="tests.test_iter16_precision_api.TestAuth" name="test_admin_login" time="0.398" /><testcase classname="tests.test_iter16_precision_api.TestAuth" name="test_premium_login" time="0.328" /><testcase classname="tests.test_iter16_precision_api.TestAuth" name="test_free_login" time="0.331" /><testcase classname="tests.test_iter16_precision_api.TestEligibility" name="test_free_user_eligibility_shape" time="0.438" /><testcase classname="tests.test_iter16_precision_api.TestLegacyReport" name="test_premium_demo_report_has_new_fields_defaulted" time="0.592" /><testcase classname="tests.test_iter16_precision_api.TestStripe" name="test_settings_price_returns_value" time="0.120" /><testcase classname="tests.test_iter16_precision_api.TestStripe" name="test_prepay_upload_does_not_500" time="0.152" /><testcase classname="tests.test_iter16_precision_api.TestUploadWithMarkerBox" name="test_upload_with_marker_box_populates_fingerprint" time="14.433"><failure message="AssertionError: upload failed 400: {&quot;detail&quot;:&quot;The submitted file contains no football footage and the player is not visible.&quot;}&#10;assert 400 in (200, 201)&#10; +  where 400 = &lt;Response [400]&gt;.status_code">tests/test_iter16_precision_api.py:253: in test_upload_with_marker_box_populates_fingerprint
    assert r.status_code in (200, 201), f"upload failed {r.status_code}: {r.text[:500]}"
E   AssertionError: upload failed 400: {"detail":"The submitted file contains no football footage and the player is not visible."}
E   assert 400 in (200, 201)
E    +  where 400 = &lt;Response [400]&gt;.status_code</failure></testcase><testcase classname="tests.test_iter16_precision_api.TestUploadWithMarkerBox" name="test_upload_without_marker_box_still_works" time="15.647"><failure message="AssertionError: legacy upload failed 400: {&quot;detail&quot;:&quot;This is not a football video; it contains only flashing solid colors and is completely unwatchable.&quot;}&#10;assert 400 in (200, 201)&#10; +  where 400 = &lt;Response [400]&gt;.status_code">tests/test_iter16_precision_api.py:280: in test_upload_without_marker_box_still_works
    assert r.status_code in (200, 201), f"legacy upload failed {r.status_code}: {r.text[:500]}"
E   AssertionError: legacy upload failed 400: {"detail":"This is not a football video; it contains only flashing solid colors and is completely unwatchable."}
E   assert 400 in (200, 201)
E    +  where 400 = &lt;Response [400]&gt;.status_code</failure></testcase></testsuite></testsuites>