<?xml version="1.0" encoding="utf-8"?><testsuites name="pytest tests"><testsuite name="pytest" errors="1" failures="2" skipped="0" tests="31" time="24.449" timestamp="2026-07-02T23:17:11.941956+00:00" hostname="agent-env-1e12f434-637a-433d-97de-52deb6b74319"><testcase classname="backend.tests.test_e2e_full_audit.TestStep1_Upload" name="test_returns_report_id_and_analyzing_status" time="0.894" /><testcase classname="backend.tests.test_e2e_full_audit.TestStep1_Upload" name="test_rejects_unsupported_mime" time="0.232" /><testcase classname="backend.tests.test_e2e_full_audit.TestStep2_FastPath" name="test_ffprobe_and_fast_path" time="2.101"><failure message="AssertionError: expected h264, got ''&#10;assert '' == 'h264'&#10;  &#10;  - h264">backend/tests/test_e2e_full_audit.py:186: in test_ffprobe_and_fast_path
    assert codec == "h264", f"expected h264, got {codec!r}"
E   AssertionError: expected h264, got ''
E   assert '' == 'h264'
E     
E     - h264</failure></testcase><testcase classname="backend.tests.test_e2e_full_audit.TestStep3And4_MongoPersistence" name="test_raw_marker_and_player_details_persisted" time="0.004" /><testcase classname="backend.tests.test_e2e_full_audit.TestStep3And4_MongoPersistence" name="test_anchors_processed_by_bg_task" time="0.003" /><testcase classname="backend.tests.test_e2e_full_audit.TestStep5And6_BackgroundAndR2" name="test_status_endpoint_returns_real_progress" time="0.113" /><testcase classname="backend.tests.test_e2e_full_audit.TestStep5And6_BackgroundAndR2" name="test_r2_flush_before_ready" time="16.008" /><testcase classname="backend.tests.test_e2e_full_audit.TestStep7_MediaProxy" name="test_media_proxy_streams_r2_with_range" time="2.493" /><testcase classname="backend.tests.test_e2e_full_audit.TestStep7_MediaProxy" name="test_media_proxy_404_on_missing_key" time="0.375" /><testcase classname="backend.tests.test_e2e_full_audit.TestStep7_MediaProxy" name="test_media_proxy_blocks_traversal" time="0.105" /><testcase classname="backend.tests.test_iter52_session122.TestG1_PreviewClipShrink" name="test_make_preview_clip_output_size" time="0.001"><error message="failed on setup with &quot;FileNotFoundError: [Errno 2] No such file or directory: '/usr/bin/ffmpeg'&quot;">backend/tests/test_iter52_session122.py:75: in source_video
    r = subprocess.run(cmd, capture_output=True, timeout=60)
        ^^^^^^^^^^^^^^^^^^^^^^^^^^^^^^^^^^^^^^^^^^^^^^^^^^^^
/usr/local/lib/python3.11/subprocess.py:548: in run
    with Popen(*popenargs, **kwargs) as process:
         ^^^^^^^^^^^^^^^^^^^^^^^^^^^
/usr/local/lib/python3.11/subprocess.py:1026: in __init__
    self._execute_child(args, executable, preexec_fn, close_fds,
/usr/local/lib/python3.11/subprocess.py:1955: in _execute_child
    raise child_exception_type(errno_num, err_msg, err_filename)
E   FileNotFoundError: [Errno 2] No such file or directory: '/usr/bin/ffmpeg'</error></testcase><testcase classname="backend.tests.test_iter52_session122.TestG1_PreviewClipShrink" name="test_make_preview_clip_ffmpeg_flags_present" time="0.001" /><testcase classname="backend.tests.test_iter52_session122.TestG2_ContentGateSkipPaid" name="test_is_paid_upload_branch_present" time="0.001" /><testcase classname="backend.tests.test_iter52_session122.TestG2_ContentGateSkipPaid" name="test_gate_skipped_paid_marker_exactly_once" time="0.001" /><testcase classname="backend.tests.test_iter52_session122.TestG2_ContentGateSkipPaid" name="test_stub_gate_dict_fields" time="0.001" /><testcase classname="backend.tests.test_iter52_session122.TestG2_ContentGateSkipPaid" name="test_free_tier_still_calls_run_content_gate" time="0.001" /><testcase classname="backend.tests.test_iter52_session122.TestG3_LiteLLMTimeout" name="test_extra_params_timeout_240" time="0.001" /><testcase classname="backend.tests.test_iter52_session122.TestG3_LiteLLMTimeout" name="test_asyncio_wait_for_timeout_300" time="0.001" /><testcase classname="backend.tests.test_iter52_session122.TestG3_LiteLLMTimeout" name="test_extra_params_before_wait_for" time="0.001" /><testcase classname="backend.tests.test_iter52_session122.TestG4_R2FlushBeforeReady" name="test_flush_before_ready_ordering" time="0.001" /><testcase classname="backend.tests.test_iter52_session122.TestG4_R2FlushBeforeReady" name="test_flush_before_ready_comment_present" time="0.002" /><testcase classname="backend.tests.test_iter52_session122.TestG5_FastPathIntact" name="test_probe_helper_and_fast_path_speed" time="0.017"><failure message="AssertionError: expected h264, got &#10;assert '' == 'h264'&#10;  &#10;  - h264">backend/tests/test_iter52_session122.py:239: in test_probe_helper_and_fast_path_speed
    assert codec == "h264", f"expected h264, got {codec}"
E   AssertionError: expected h264, got 
E   assert '' == 'h264'
E     
E     - h264</failure></testcase><testcase classname="backend.tests.test_iter52_session122.TestG6_FrontendBackendStepWiring" name="test_overlay_accepts_backend_step_prop" time="0.000" /><testcase classname="backend.tests.test_iter52_session122.TestG6_FrontendBackendStepWiring" name="test_uploadpage_passes_backend_step_prop" time="0.000" /><testcase classname="backend.tests.test_iter52_session122.TestG7_E2ESuiteIntact" name="test_e2e_file_present" time="0.000" /><testcase classname="backend.tests.test_iter52_session122.TestG7_E2ESuiteIntact" name="test_e2e_has_10_test_functions" time="0.000" /><testcase classname="backend.tests.test_iter52_session122.TestG8_Regressions" name="test_faq_returns_200_with_items" time="0.100" /><testcase classname="backend.tests.test_iter52_session122.TestG8_Regressions" name="test_admin_login_works" time="0.336" /><testcase classname="backend.tests.test_iter52_session122.TestG8_Regressions" name="test_vip_upload_eligibility_subscription" time="0.969" /><testcase classname="backend.tests.test_iter52_session122.TestG8_Regressions" name="test_media_proxy_missing_key_404_json" time="0.295" /><testcase classname="backend.tests.test_iter52_session122.TestG8_Regressions" name="test_no_chef_or_cooking_strings" time="0.069" /></testsuite></testsuites>