<?xml version="1.0" encoding="utf-8"?><testsuites name="pytest tests"><testsuite name="pytest" errors="0" failures="0" skipped="0" tests="17" time="2.692" timestamp="2026-07-03T06:40:43.910073+00:00" hostname="agent-env-1e12f434-637a-433d-97de-52deb6b74319"><testcase classname="backend.tests.test_iter55_marker_premium.TestReportMarkerFullEndpoint" name="test_admin_can_fetch_report" time="0.457" /><testcase classname="backend.tests.test_iter55_marker_premium.TestReportMarkerFullEndpoint" name="test_marker_url_is_r2_proxy" time="0.105" /><testcase classname="backend.tests.test_iter55_marker_premium.TestReportMarkerFullEndpoint" name="test_subject_crop_url_is_r2_proxy" time="0.117" /><testcase classname="backend.tests.test_iter55_marker_premium.TestReportMarkerFullEndpoint" name="test_admin_report_is_fully_populated" time="0.121" /><testcase classname="backend.tests.test_iter55_marker_premium.TestStatusEndpoint" name="test_status_returns_marker_url_r2" time="0.109" /><testcase classname="backend.tests.test_iter55_marker_premium.TestStatusEndpoint" name="test_status_returns_subject_crop_url" time="0.097" /><testcase classname="backend.tests.test_iter55_marker_premium.TestMediaProxyReturnsImages" name="test_marker_image_fetches" time="0.626" /><testcase classname="backend.tests.test_iter55_marker_premium.TestMediaProxyReturnsImages" name="test_subject_crop_image_fetches" time="0.438" /><testcase classname="backend.tests.test_iter55_marker_premium.TestFreeUserRegression" name="test_free_user_can_login" time="0.427" /><testcase classname="backend.tests.test_iter55_marker_premium.TestFreeUserRegression" name="test_free_user_report_gating" time="0.097" /><testcase classname="backend.tests.test_iter55_marker_premium.TestFrontendSourceInvariants" name="test_upload_page_passes_hidetimers" time="0.000" /><testcase classname="backend.tests.test_iter55_marker_premium.TestFrontendSourceInvariants" name="test_precision_overlay_reads_hidetimers" time="0.000" /><testcase classname="backend.tests.test_iter55_marker_premium.TestFrontendSourceInvariants" name="test_report_page_role_gates_unlocked" time="0.001" /><testcase classname="backend.tests.test_iter55_marker_premium.TestBackendSourceInvariants" name="test_resolvers_exist" time="0.001" /><testcase classname="backend.tests.test_iter55_marker_premium.TestBackendSourceInvariants" name="test_status_endpoint_uses_resolvers" time="0.001" /><testcase classname="backend.tests.test_iter55_marker_premium.TestBackendSourceInvariants" name="test_serialize_report_uses_resolvers" time="0.001" /><testcase classname="backend.tests.test_iter55_marker_premium.TestBackendSourceInvariants" name="test_r2_flush_covers_marker_and_subject_crop" time="0.001" /></testsuite></testsuites>