<?xml version="1.0" encoding="utf-8"?><testsuites name="pytest tests"><testsuite name="pytest" errors="0" failures="0" skipped="0" tests="7" time="1.780" timestamp="2026-08-08T00:36:54.305440+00:00" hostname="agent-env-1e12f434-637a-433d-97de-52deb6b74319"><testcase classname="tests.test_iter77_sticky_seo.TestStickyCTA" name="test_public_get_no_auth" time="0.283" /><testcase classname="tests.test_iter77_sticky_seo.TestStickyCTA" name="test_put_admin_requires_auth" time="0.111" /><testcase classname="tests.test_iter77_sticky_seo.TestStickyCTA" name="test_put_admin_and_reload" time="0.821" /><testcase classname="tests.test_iter77_sticky_seo.TestSEOInsights" name="test_requires_auth" time="0.100" /><testcase classname="tests.test_iter77_sticky_seo.TestSEOInsights" name="test_admin_ok" time="0.104" /><testcase classname="tests.test_iter77_sticky_seo.TestPricingSettings" name="test_price_public" time="0.130" /><testcase classname="tests.test_iter77_sticky_seo.TestRegression" name="test_demo_report" time="0.128" /></testsuite></testsuites>