<?xml version="1.0" encoding="utf-8"?><testsuites name="pytest tests"><testsuite name="pytest" errors="0" failures="0" skipped="0" tests="19" time="7.096" timestamp="2026-08-09T18:50:22.681919+00:00" hostname="agent-env-1e12f434-637a-433d-97de-52deb6b74319"><testcase classname="tests.test_iter87_dashboard_extras" name="test_badges_free_user_locked_scout_message" time="4.354" /><testcase classname="tests.test_iter87_dashboard_extras" name="test_badges_admin_premium_access" time="0.150" /><testcase classname="tests.test_iter87_dashboard_extras" name="test_create_disposable_admin_message" time="0.111" /><testcase classname="tests.test_iter87_dashboard_extras" name="test_reply_admin_success" time="0.116" /><testcase classname="tests.test_iter87_dashboard_extras" name="test_reply_empty_body_400" time="0.109" /><testcase classname="tests.test_iter87_dashboard_extras" name="test_reply_unknown_id_404" time="0.104" /><testcase classname="tests.test_iter87_dashboard_extras" name="test_reply_free_user_forbidden" time="0.105" /><testcase classname="tests.test_iter87_dashboard_extras" name="test_admin_messages_include_reply_count" time="0.132" /><testcase classname="tests.test_iter87_dashboard_extras" name="test_admin_message_replies_endpoint" time="0.099" /><testcase classname="tests.test_iter87_dashboard_extras" name="test_admin_messages_no_token_401" time="0.152" /><testcase classname="tests.test_iter87_dashboard_extras" name="test_admin_messages_free_token_403" time="0.115" /><testcase classname="tests.test_iter87_dashboard_extras" name="test_admin_replies_free_token_403" time="0.104" /><testcase classname="tests.test_iter87_dashboard_extras" name="test_profile_views_free_locked" time="0.104" /><testcase classname="tests.test_iter87_dashboard_extras" name="test_profile_views_admin_unlocked" time="0.108" /><testcase classname="tests.test_iter87_dashboard_extras" name="test_discoverable_free_forbidden" time="0.109" /><testcase classname="tests.test_iter87_dashboard_extras" name="test_discoverable_false_free_allowed" time="0.096" /><testcase classname="tests.test_iter87_dashboard_extras" name="test_discoverable_premium_allowed" time="0.100" /><testcase classname="tests.test_iter87_dashboard_extras" name="test_profile_view_increments" time="0.819" /><testcase classname="tests.test_iter87_dashboard_extras" name="test_notify_dashboard_report_idempotent" time="0.014" /></testsuite></testsuites>