<?xml version="1.0" encoding="utf-8"?><testsuites name="pytest tests"><testsuite name="pytest" errors="0" failures="1" skipped="0" tests="8" time="32.057" timestamp="2026-08-04T22:43:19.663210+00:00" hostname="agent-env-1e12f434-637a-433d-97de-52deb6b74319"><testcase classname="backend.tests.test_iter73_blog_studio" name="test_social_follow_public" time="0.285" /><testcase classname="backend.tests.test_iter73_blog_studio" name="test_newsletter_invalid_email" time="0.058" /><testcase classname="backend.tests.test_iter73_blog_studio" name="test_newsletter_subscribe_and_duplicate" time="0.118" /><testcase classname="backend.tests.test_iter73_blog_studio" name="test_admin_newsletter_list_and_delete" time="0.432"><failure message="AssertionError: TEST subscriber not present&#10;assert []">backend/tests/test_iter73_blog_studio.py:76: in test_admin_newsletter_list_and_delete
    assert subs, "TEST subscriber not present"
E   AssertionError: TEST subscriber not present
E   assert []</failure></testcase><testcase classname="backend.tests.test_iter73_blog_studio" name="test_blog_studio_config_toggle" time="0.379" /><testcase classname="backend.tests.test_iter73_blog_studio" name="test_blog_studio_generate_once" time="30.618" /><testcase classname="backend.tests.test_iter73_blog_studio" name="test_blog_public_list" time="0.071" /><testcase classname="backend.tests.test_iter73_blog_studio" name="test_report_created_slug" time="0.000" /></testsuite></testsuites>