<?xml version="1.0" encoding="utf-8"?><testsuites name="pytest tests"><testsuite name="pytest" errors="0" failures="0" skipped="0" tests="7" time="1.967" timestamp="2026-06-30T23:33:34.084213+00:00" hostname="agent-env-1e12f434-637a-433d-97de-52deb6b74319"><testcase classname="tests.test_cleanup_endpoint.TestAuthGuard" name="test_cleanup_no_token_blocked" time="0.341" /><testcase classname="tests.test_cleanup_endpoint.TestAuthGuard" name="test_cleanup_non_admin_blocked" time="0.451" /><testcase classname="tests.test_cleanup_endpoint.TestCleanupBehaviour" name="test_cleanup_response_shape" time="0.426" /><testcase classname="tests.test_cleanup_endpoint.TestCleanupBehaviour" name="test_cleanup_is_idempotent" time="0.133" /><testcase classname="tests.test_cleanup_endpoint.TestPostCleanupSafety" name="test_mov_files_preserved" time="0.001" /><testcase classname="tests.test_cleanup_endpoint.TestPostCleanupSafety" name="test_recent_admin_reports_video_files_exist" time="0.100" /><testcase classname="tests.test_cleanup_endpoint.TestPostCleanupSafety" name="test_recent_admin_report_status_ok" time="0.353" /></testsuite></testsuites>