<?xml version="1.0" encoding="utf-8"?><testsuites name="pytest tests"><testsuite name="pytest" errors="0" failures="0" skipped="0" tests="21" time="22.651" timestamp="2026-06-17T16:20:12.035493+00:00" hostname="agent-env-1e12f434-637a-433d-97de-52deb6b74319"><testcase classname="tests.test_iter16_precision_api.TestAuth" name="test_admin_login" time="0.499" /><testcase classname="tests.test_iter16_precision_api.TestAuth" name="test_premium_login" time="0.345" /><testcase classname="tests.test_iter16_precision_api.TestAuth" name="test_free_login" time="0.354" /><testcase classname="tests.test_iter16_precision_api.TestEligibility" name="test_free_user_eligibility_shape" time="0.471" /><testcase classname="tests.test_iter16_precision_api.TestLegacyReport" name="test_premium_demo_report_has_new_fields_defaulted" time="0.548" /><testcase classname="tests.test_iter16_precision_api.TestStripe" name="test_settings_price_returns_value" time="0.129" /><testcase classname="tests.test_iter16_precision_api.TestStripe" name="test_prepay_upload_does_not_500" time="0.100" /><testcase classname="tests.test_iter16_precision_api.TestUploadWithMarkerBox" name="test_upload_with_marker_box_populates_fingerprint" time="10.591" /><testcase classname="tests.test_iter16_precision_api.TestUploadWithMarkerBox" name="test_upload_without_marker_box_still_works" time="8.726" /><testcase classname="tests.test_precision_engine" name="test_fingerprint_detects_jersey_and_shorts_colour" time="0.005" /><testcase classname="tests.test_precision_engine" name="test_fingerprint_red_jersey_dark_shorts" time="0.004" /><testcase classname="tests.test_precision_engine" name="test_fingerprint_handles_missing_image_gracefully" time="0.000" /><testcase classname="tests.test_precision_engine" name="test_fingerprint_prompt_block_mentions_jersey" time="0.000" /><testcase classname="tests.test_precision_engine" name="test_audio_events_picks_up_loud_burst" time="0.297" /><testcase classname="tests.test_precision_engine" name="test_audio_events_empty_for_silent_clip" time="0.233" /><testcase classname="tests.test_precision_engine" name="test_audio_events_prompt_block_lists_timestamps" time="0.000" /><testcase classname="tests.test_precision_engine" name="test_scrub_strips_hedging_words" time="0.001" /><testcase classname="tests.test_precision_engine" name="test_scrub_preserves_normal_text" time="0.000" /><testcase classname="tests.test_precision_engine" name="test_scrub_handles_lists_and_numbers" time="0.000" /><testcase classname="tests.test_precision_engine" name="test_preview_prompt_includes_priors_and_voice_rules" time="0.000" /><testcase classname="tests.test_precision_engine" name="test_full_prompt_does_not_leave_placeholder_braces" time="0.000" /></testsuite></testsuites>