<?xml version="1.0" encoding="utf-8"?><testsuites name="pytest tests"><testsuite name="pytest" errors="0" failures="0" skipped="0" tests="5" time="1.264" timestamp="2026-06-05T10:55:17.846827+00:00" hostname="agent-env-1e12f434-637a-433d-97de-52deb6b74319"><testcase classname="tests.test_iter11_live" name="test_calibration_block_shape" time="0.614" /><testcase classname="tests.test_iter11_live" name="test_lukas_passing_decision_intensity_buckets" time="0.000" /><testcase classname="tests.test_iter11_live" name="test_legacy_layers_still_present" time="0.000" /><testcase classname="tests.test_iter11_live" name="test_pdf_contains_statsbomb_strings" time="0.469" /><testcase classname="tests.test_iter11_live" name="test_methodology_sources_in_api" time="0.114" /></testsuite></testsuites>