<?xml version="1.0" encoding="utf-8"?><testsuites name="pytest tests"><testsuite name="pytest" errors="0" failures="1" skipped="0" tests="7" time="1.453" timestamp="2026-06-05T05:56:39.487681+00:00" hostname="agent-env-1e12f434-637a-433d-97de-52deb6b74319"><testcase classname="tests.test_iter9_independent" name="test_lenses_each_have_full_payload" time="0.650"><failure message="AssertionError: lens build score out of range: 11.0&#10;assert 11.0 &lt;= 10&#10; +  where 11.0 = float(11.0)">tests/test_iter9_independent.py:49: in test_lenses_each_have_full_payload
    assert 0 &lt;= float(L["score"]) &lt;= 10, f"lens {k} score out of range: {L['score']}"
E   AssertionError: lens build score out of range: 11.0
E   assert 11.0 &lt;= 10
E    +  where 11.0 = float(11.0)</failure></testcase><testcase classname="tests.test_iter9_independent" name="test_style_lens_matches_primary_archetype" time="0.000" /><testcase classname="tests.test_iter9_independent" name="test_lenses_can_differ_from_style" time="0.000" /><testcase classname="tests.test_iter9_independent" name="test_narrative_word_count_and_bio_chunk" time="0.000" /><testcase classname="tests.test_iter9_independent" name="test_age_bracket_matches_player_age" time="0.000" /><testcase classname="tests.test_iter9_independent" name="test_narrative_caches_after_pdf_cache_purge" time="0.339" /><testcase classname="tests.test_iter9_independent" name="test_pdf_regenerates_with_new_sections" time="0.363" /></testsuite></testsuites>