<?xml version="1.0" encoding="utf-8"?><testsuites name="pytest tests"><testsuite name="pytest" errors="0" failures="0" skipped="0" tests="14" time="1.509" timestamp="2026-08-04T12:00:30.556751+00:00" hostname="agent-env-1e12f434-637a-433d-97de-52deb6b74319"><testcase classname="tests.test_iter66_score_meaning.TestPremiumScoreMeaning" name="test_score_meaning_present" time="0.479" /><testcase classname="tests.test_iter66_score_meaning.TestPremiumScoreMeaning" name="test_skills_count_and_sorted" time="0.000" /><testcase classname="tests.test_iter66_score_meaning.TestPremiumScoreMeaning" name="test_first_name_substituted_no_placeholders" time="0.000" /><testcase classname="tests.test_iter66_score_meaning.TestPremiumScoreMeaning" name="test_skill_shape" time="0.000" /><testcase classname="tests.test_iter66_score_meaning.TestPremiumScoreMeaning" name="test_verified_evidence_only_at_anchors" time="0.000" /><testcase classname="tests.test_iter66_score_meaning.TestPremiumScoreMeaning" name="test_timing_of_runs_not_verified" time="0.000" /><testcase classname="tests.test_iter66_score_meaning.TestPremiumScoreMeaning" name="test_discovery_central_midfielder" time="0.000" /><testcase classname="tests.test_iter66_score_meaning.TestFreeTeaser" name="test_no_full_report" time="0.072" /><testcase classname="tests.test_iter66_score_meaning.TestFreeTeaser" name="test_teaser_shape" time="0.001" /><testcase classname="tests.test_iter66_score_meaning.TestFreeTeaser" name="test_locked_labels_no_scores" time="0.001" /><testcase classname="tests.test_iter66_score_meaning.TestFreeTeaser" name="test_no_score_leaks_free" time="0.001" /><testcase classname="tests.test_iter66_score_meaning.TestPremiumPDF" name="test_pdf_content" time="0.394" /><testcase classname="tests.test_iter66_score_meaning.TestPremiumPDF" name="test_pdf_no_ai_or_scout_words" time="0.234" /><testcase classname="tests.test_iter66_score_meaning.TestPremiumPDF" name="test_no_percentile_word" time="0.233" /></testsuite></testsuites>