<?xml version="1.0" encoding="utf-8"?><testsuites name="pytest tests"><testsuite name="pytest" errors="0" failures="2" skipped="1" tests="8" time="11.062" timestamp="2026-06-03T20:49:01.780412+00:00" hostname="agent-env-1e12f434-637a-433d-97de-52deb6b74319"><testcase classname="backend.tests.test_embedded_with_real_keys.TestStripeConfigPublic" name="test_returns_real_publishable_key_and_embedded_true" time="0.171" /><testcase classname="backend.tests.test_embedded_with_real_keys.TestEmbeddedPrepay" name="test_free_user_prepay_returns_client_secret" time="1.034" /><testcase classname="backend.tests.test_embedded_with_real_keys.TestEmbeddedPrepay" name="test_status_endpoint_unpaid_open" time="0.308" /><testcase classname="backend.tests.test_embedded_with_real_keys.TestEmbeddedPrepay" name="test_session_metadata_via_stripe_sdk" time="0.282" /><testcase classname="backend.tests.test_embedded_with_real_keys.TestEmbeddedUnlock" name="test_unlock_endpoint_reachable_or_skip" time="0.112"><skipped type="pytest.skip" message="/api/reports not accessible: 404">/app/backend/tests/test_embedded_with_real_keys.py:126: /api/reports not accessible: 404</skipped></testcase><testcase classname="backend.tests.test_embedded_with_real_keys.TestEmergentIntegrationsPollutesGlobalStripeBase" name="test_embedded_session_unusable_after_legacy_call" time="1.590"><failure message="AssertionError: BUG: Embedded session cs_test_a1CldBsRMK2WvZnPj6MijmRo7kUnbNTnvgyEuf3SZMnvO2xSA3DARZis2a is NOT on real Stripe — emergentintegrations.StripeCheckout polluted stripe.api_base globally. Fix: in /api/payments/embedded/* endpoints, reset `stripe_sdk.api_base = 'https://api.stripe.com'` before each session.create / retrieve call, OR isolate the two clients.&#10;assert False">E   AssertionError: BUG: Embedded session cs_test_a1CldBsRMK2WvZnPj6MijmRo7kUnbNTnvgyEuf3SZMnvO2xSA3DARZis2a is NOT on real Stripe — emergentintegrations.StripeCheckout polluted stripe.api_base globally. Fix: in /api/payments/embedded/* endpoints, reset `stripe_sdk.api_base = 'https://api.stripe.com'` before each session.create / retrieve call, OR isolate the two clients.
    assert False</failure></testcase><testcase classname="backend.tests.test_embedded_with_real_keys.TestLegacyPrepayStillWorks" name="test_legacy_redirect_prepay_url" time="0.448" /><testcase classname="backend.tests.test_embedded_with_real_keys.TestAdminPriceUpdateEmbeddedAmount" name="test_update_price_to_5_then_session_unit_amount_500" time="7.030"><failure message="AssertionError: Could not retrieve session cs_test_a117G6rirlW2NND0d1iuo0XEhrnPD9X3BwYBs5KEKh1uhEzfxbCJDY4ukf: Request req_iLXIFH7Q79nLY7: No such checkout.session: cs_test_a117G6rirlW2NND0d1iuo0XEhrnPD9X3BwYBs5KEKh1uhEzfxbCJDY4ukf&#10;assert None is not None">E   AssertionError: Could not retrieve session cs_test_a117G6rirlW2NND0d1iuo0XEhrnPD9X3BwYBs5KEKh1uhEzfxbCJDY4ukf: Request req_iLXIFH7Q79nLY7: No such checkout.session: cs_test_a117G6rirlW2NND0d1iuo0XEhrnPD9X3BwYBs5KEKh1uhEzfxbCJDY4ukf
    assert None is not None</failure></testcase></testsuite></testsuites>