<?xml version="1.0" encoding="utf-8"?><testsuites name="pytest tests"><testsuite name="pytest" errors="0" failures="0" skipped="0" tests="9" time="21.545" timestamp="2026-06-17T17:24:00.718822+00:00" hostname="agent-env-1e12f434-637a-433d-97de-52deb6b74319"><testcase classname="tests.test_iter16_precision_api.TestAuth" name="test_admin_login" time="0.524" /><testcase classname="tests.test_iter16_precision_api.TestAuth" name="test_premium_login" time="0.344" /><testcase classname="tests.test_iter16_precision_api.TestAuth" name="test_free_login" time="0.332" /><testcase classname="tests.test_iter16_precision_api.TestEligibility" name="test_free_user_eligibility_shape" time="0.476" /><testcase classname="tests.test_iter16_precision_api.TestLegacyReport" name="test_premium_demo_report_has_new_fields_defaulted" time="0.559" /><testcase classname="tests.test_iter16_precision_api.TestStripe" name="test_settings_price_returns_value" time="0.143" /><testcase classname="tests.test_iter16_precision_api.TestStripe" name="test_prepay_upload_does_not_500" time="0.199" /><testcase classname="tests.test_iter16_precision_api.TestUploadWithMarkerBox" name="test_upload_with_marker_box_populates_fingerprint" time="10.171" /><testcase classname="tests.test_iter16_precision_api.TestUploadWithMarkerBox" name="test_upload_without_marker_box_still_works" time="8.739" /></testsuite></testsuites>