<?xml version="1.0" encoding="utf-8"?><testsuites name="pytest tests"><testsuite name="pytest" errors="0" failures="0" skipped="0" tests="10" time="9.620" timestamp="2026-07-01T08:59:58.333642+00:00" hostname="agent-env-1e12f434-637a-433d-97de-52deb6b74319"><testcase classname="backend.tests.test_r2_migration" name="test_r2_is_configured" time="1.222" /><testcase classname="backend.tests.test_r2_migration" name="test_media_get_probe_returns_bytes" time="0.662" /><testcase classname="backend.tests.test_r2_migration" name="test_media_head_probe_has_headers" time="0.303" /><testcase classname="backend.tests.test_r2_migration" name="test_media_range_returns_206" time="0.353" /><testcase classname="backend.tests.test_r2_migration" name="test_media_unknown_key_returns_404" time="0.292" /><testcase classname="backend.tests.test_r2_migration" name="test_media_path_traversal_returns_400" time="0.088" /><testcase classname="backend.tests.test_r2_migration" name="test_admin_upload_video_pushes_to_r2" time="3.385" /><testcase classname="backend.tests.test_r2_migration" name="test_admin_delete_demo_video_removes_r2_objects" time="2.071" /><testcase classname="backend.tests.test_r2_migration" name="test_public_demo_videos_active_seeded" time="0.129" /><testcase classname="backend.tests.test_r2_migration" name="test_legacy_local_upload_still_serves" time="0.980" /></testsuite></testsuites>