<?xml version="1.0" encoding="utf-8"?><testsuites name="pytest tests"><testsuite name="pytest" errors="0" failures="0" skipped="0" tests="40" time="2.264" timestamp="2026-07-02T23:17:04.623520+00:00" hostname="agent-env-1e12f434-637a-433d-97de-52deb6b74319"><testcase classname="backend.tests.test_iter53_session123.TestExtractJsonHappyPath" name="test_simple_object" time="2.103" /><testcase classname="backend.tests.test_iter53_session123.TestExtractJsonHappyPath" name="test_fenced_json" time="0.000" /><testcase classname="backend.tests.test_iter53_session123.TestExtractJsonHappyPath" name="test_fenced_no_language" time="0.000" /><testcase classname="backend.tests.test_iter53_session123.TestExtractJsonHappyPath" name="test_prose_prefix" time="0.000" /><testcase classname="backend.tests.test_iter53_session123.TestExtractJsonHappyPath" name="test_prose_suffix" time="0.000" /><testcase classname="backend.tests.test_iter53_session123.TestExtractJsonHappyPath" name="test_trailing_comma" time="0.000" /><testcase classname="backend.tests.test_iter53_session123.TestExtractJsonHappyPath" name="test_smart_quotes" time="0.000" /><testcase classname="backend.tests.test_iter53_session123.TestExtractJsonHappyPath" name="test_prose_around_fence" time="0.000" /><testcase classname="backend.tests.test_iter53_session123.TestExtractJsonHappyPath" name="test_nested_braces_deep" time="0.000" /><testcase classname="backend.tests.test_iter53_session123.TestExtractJsonHappyPath" name="test_two_fences_take_larger" time="0.000" /><testcase classname="backend.tests.test_iter53_session123.TestExtractJsonReject" name="test_empty_response_rejected" time="0.000" /><testcase classname="backend.tests.test_iter53_session123.TestExtractJsonReject" name="test_no_json_rejected" time="0.000" /><testcase classname="backend.tests.test_iter53_session123.TestExtractJsonReject" name="test_list_not_dict_rejected" time="0.000" /><testcase classname="backend.tests.test_iter53_session123.TestExtractJsonExtras" name="test_zero_width_and_bom" time="0.000" /><testcase classname="backend.tests.test_iter53_session123.TestExtractJsonExtras" name="test_string_with_braces_inside" time="0.000" /><testcase classname="backend.tests.test_iter53_session123.TestRetryStructure" name="test_retry_chat_variable_exists" time="0.001" /><testcase classname="backend.tests.test_iter53_session123.TestRetryStructure" name="test_retry_session_id_suffix" time="0.000" /><testcase classname="backend.tests.test_iter53_session123.TestRetryStructure" name="test_strict_prompt_prepend" time="0.003" /><testcase classname="backend.tests.test_iter53_session123.TestRetryStructure" name="test_502_on_double_fail" time="0.000" /><testcase classname="backend.tests.test_iter53_session123.TestRetryStructure" name="test_no_generic_500_invalid_format" time="0.000" /><testcase classname="backend.tests.test_iter53_session123.TestRetryStructure" name="test_first_err_captured_and_logged" time="0.001" /><testcase classname="backend.tests.test_iter53_session123.TestRetryStructure" name="test_retry_logs_success" time="0.000" /><testcase classname="backend.tests.test_iter53_session123.TestCategorizedPrefixes" name="test_empty_response_prefix" time="0.001" /><testcase classname="backend.tests.test_iter53_session123.TestCategorizedPrefixes" name="test_no_json_found_prefix" time="0.000" /><testcase classname="backend.tests.test_iter53_session123.TestCategorizedPrefixes" name="test_all_candidates_failed_prefix" time="0.000" /><testcase classname="backend.tests.test_iter53_session123.TestCategorizedPrefixes" name="test_parsed_not_dict_prefix" time="0.000" /><testcase classname="backend.tests.test_iter53_session123.TestPinnedTop3Cards" name="test_zap_and_target_imported" time="0.000" /><testcase classname="backend.tests.test_iter53_session123.TestPinnedTop3Cards" name="test_pinned_grid_testid" time="0.000" /><testcase classname="backend.tests.test_iter53_session123.TestPinnedTop3Cards" name="test_strengths_card_testid" time="0.000" /><testcase classname="backend.tests.test_iter53_session123.TestPinnedTop3Cards" name="test_focus_card_testid" time="0.000" /><testcase classname="backend.tests.test_iter53_session123.TestPinnedTop3Cards" name="test_border_colors" time="0.000" /><testcase classname="backend.tests.test_iter53_session123.TestPinnedTop3Cards" name="test_labels_danish" time="0.000" /><testcase classname="backend.tests.test_iter53_session123.TestPinnedTop3Cards" name="test_slice_top3" time="0.000" /><testcase classname="backend.tests.test_iter53_session123.TestPinnedTop3Cards" name="test_fallback_areas_of_concern" time="0.000" /><testcase classname="backend.tests.test_iter53_session123.TestPinnedTop3Cards" name="test_empty_state_messages" time="0.000" /><testcase classname="backend.tests.test_iter53_session123.TestPinnedTop3Cards" name="test_pinned_cards_above_radar" time="0.000" /><testcase classname="backend.tests.test_iter53_session123.TestSession122Regressions" name="test_r2_flush_before_ready_comment" time="0.001" /><testcase classname="backend.tests.test_iter53_session123.TestSession122Regressions" name="test_gate_skipped_paid" time="0.000" /><testcase classname="backend.tests.test_iter53_session123.TestSession122Regressions" name="test_litellm_extra_params_timeout" time="0.000" /><testcase classname="backend.tests.test_iter53_session123.TestSession122Regressions" name="test_no_chef_or_cooking" time="0.080" /></testsuite></testsuites>