<?xml version="1.0" encoding="utf-8"?><testsuites name="pytest tests"><testsuite name="pytest" errors="0" failures="0" skipped="0" tests="8" time="1.034" timestamp="2026-06-05T05:55:57.035748+00:00" hostname="agent-env-1e12f434-637a-433d-97de-52deb6b74319"><testcase classname="tests.test_archetype_4layer" name="test_layer1_every_position_has_profile_schema" time="0.001" /><testcase classname="tests.test_archetype_4layer" name="test_layer1_attacking_midfielders_have_academy_bio" time="0.001" /><testcase classname="tests.test_archetype_4layer" name="test_layer2_lukas_returns_lenses_block" time="0.719" /><testcase classname="tests.test_archetype_4layer" name="test_layer2_legacy_fields_still_present" time="0.000" /><testcase classname="tests.test_archetype_4layer" name="test_layer2_inferred_profile_is_attached" time="0.000" /><testcase classname="tests.test_archetype_4layer" name="test_layer3_narrative_attached" time="0.000" /><testcase classname="tests.test_archetype_4layer" name="test_layer3_narrative_is_cached" time="0.250" /><testcase classname="tests.test_archetype_4layer" name="test_layer4_age_bracket_and_bio_chunk" time="0.001" /></testsuite></testsuites>