<?xml version="1.0" encoding="utf-8"?><testsuites name="pytest tests"><testsuite name="pytest" errors="0" failures="0" skipped="0" tests="4" time="1.940" timestamp="2026-07-01T00:09:29.398534+00:00" hostname="agent-env-1e12f434-637a-433d-97de-52deb6b74319"><testcase classname="tests.test_iter40_subscription_usage" name="test_subscription_shape_free_user" time="0.617" /><testcase classname="tests.test_iter40_subscription_usage" name="test_subscription_shape_admin_no_sub" time="0.453" /><testcase classname="tests.test_iter40_subscription_usage" name="test_subscription_shape_premium_seed" time="0.478" /><testcase classname="tests.test_iter40_subscription_usage" name="test_subscription_endpoint_latency" time="0.227" /></testsuite></testsuites>