<?xml version="1.0" encoding="utf-8"?><testsuites name="pytest tests"><testsuite name="pytest" errors="0" failures="0" skipped="0" tests="6" time="3.339" timestamp="2026-08-09T13:20:01.079283+00:00" hostname="agent-env-1e12f434-637a-433d-97de-52deb6b74319"><testcase classname="test_iter85_feature_consent" name="test_consent_unauth_401" time="0.230" /><testcase classname="test_iter85_feature_consent" name="test_consent_put_grant_then_withdraw" time="0.768" /><testcase classname="test_iter85_feature_consent" name="test_featured_clips_unauth_401" time="0.129" /><testcase classname="test_iter85_feature_consent" name="test_featured_clips_non_admin_403" time="0.415" /><testcase classname="test_iter85_feature_consent" name="test_featured_clips_admin_lists_seeded" time="0.097" /><testcase classname="test_iter85_feature_consent" name="test_withdrawal_hides_clips" time="1.525" /></testsuite></testsuites>