<?xml version="1.0" encoding="utf-8"?><testsuites name="pytest tests"><testsuite name="pytest" errors="0" failures="0" skipped="0" tests="4" time="2.153" timestamp="2026-08-13T20:16:22.785669+00:00" hostname="agent-env-1e12f434-637a-433d-97de-52deb6b74319"><testcase classname="backend.tests.test_iter94_tele_clips" name="test_login" time="0.395" /><testcase classname="backend.tests.test_iter94_tele_clips" name="test_report_tele_clip_urls" time="0.615" /><testcase classname="backend.tests.test_iter94_tele_clips" name="test_signed_media_range_and_403" time="0.878" /><testcase classname="backend.tests.test_iter94_tele_clips" name="test_demo_report" time="0.197" /></testsuite></testsuites>