<?xml version="1.0" encoding="utf-8"?><testsuites name="pytest tests"><testsuite name="pytest" errors="0" failures="0" skipped="1" tests="10" time="2.841" timestamp="2026-06-30T15:55:33.416484+00:00" hostname="agent-env-1e12f434-637a-433d-97de-52deb6b74319"><testcase classname="backend.tests.test_iter35_tier_pricing.TestSettingsPrice" name="test_settings_price_returns_5_numeric_fields" time="0.258" /><testcase classname="backend.tests.test_iter35_tier_pricing.TestAdminPricing" name="test_admin_pricing_update_and_echo" time="0.707" /><testcase classname="backend.tests.test_iter35_tier_pricing.TestAdminPricing" name="test_admin_pricing_rejects_negative" time="0.139" /><testcase classname="backend.tests.test_iter35_tier_pricing.TestAdminPricing" name="test_admin_pricing_rejects_zero" time="0.100" /><testcase classname="backend.tests.test_iter35_tier_pricing.TestAdminPricing" name="test_admin_pricing_rejects_missing" time="0.145" /><testcase classname="backend.tests.test_iter35_tier_pricing.TestAdminPricing" name="test_admin_pricing_rejects_out_of_range" time="0.107" /><testcase classname="backend.tests.test_iter35_tier_pricing.TestAdminPricing" name="test_admin_pricing_rejects_premium_user" time="0.428" /><testcase classname="backend.tests.test_iter35_tier_pricing.TestAdminPricing" name="test_admin_pricing_rejects_free_user" time="0.465" /><testcase classname="backend.tests.test_iter35_tier_pricing.TestAdminPricing" name="test_admin_pricing_rejects_unauthenticated" time="0.105" /><testcase classname="backend.tests.test_iter35_tier_pricing.TestSubscriptionRegression" name="test_premium_subscribe_returns_url" time="0.326"><skipped type="pytest.skip" message="subscribe endpoint did not accept standard payloads (last status 422)">/app/backend/tests/test_iter35_tier_pricing.py:146: subscribe endpoint did not accept standard payloads (last status 422)</skipped></testcase></testsuite></testsuites>