<?xml version="1.0" encoding="utf-8"?><testsuites name="pytest tests"><testsuite name="pytest" errors="0" failures="0" skipped="0" tests="15" time="7.380" timestamp="2026-08-05T00:04:52.398363+00:00" hostname="agent-env-1e12f434-637a-433d-97de-52deb6b74319"><testcase classname="tests.test_iter74_funnel_carousel" name="test_blog_lists_articles" time="0.138" /><testcase classname="tests.test_iter74_funnel_carousel" name="test_blog_cover_image" time="0.109" /><testcase classname="tests.test_iter74_funnel_carousel" name="test_blog_article_renders" time="0.048" /><testcase classname="tests.test_iter74_funnel_carousel" name="test_blog_studio_config_auto_weekly" time="0.377" /><testcase classname="tests.test_iter74_funnel_carousel" name="test_guide_pdf_download" time="0.094" /><testcase classname="tests.test_iter74_funnel_carousel" name="test_guide_subscribe_invalid_email" time="0.049" /><testcase classname="tests.test_iter74_funnel_carousel" name="test_guide_subscribe_and_duplicate_and_admin_list" time="0.208" /><testcase classname="tests.test_iter74_funnel_carousel" name="test_funnel_config_get_default" time="0.043" /><testcase classname="tests.test_iter74_funnel_carousel" name="test_funnel_config_put_and_restore" time="0.224" /><testcase classname="tests.test_iter74_funnel_carousel" name="test_funnel_sweep_dry_run_backdated_lead" time="0.696" /><testcase classname="tests.test_iter74_funnel_carousel" name="test_discount_code_create_toggle_delete" time="0.637" /><testcase classname="tests.test_iter74_funnel_carousel" name="test_checkout_subscribe_and_prepay_with_promotion_codes" time="1.249" /><testcase classname="tests.test_iter74_funnel_carousel" name="test_newsletter_welcome_owner" time="3.050" /><testcase classname="tests.test_iter74_funnel_carousel" name="test_newsletter_unsubscribe_flow" time="0.189" /><testcase classname="tests.test_iter74_funnel_carousel" name="test_zz_final_cleanup_and_restore" time="0.173" /></testsuite></testsuites>