<?xml version="1.0" encoding="utf-8"?><testsuites name="pytest tests"><testsuite name="pytest" errors="0" failures="0" skipped="0" tests="7" time="2.609" timestamp="2026-08-07T22:05:51.375270+00:00" hostname="agent-env-1e12f434-637a-433d-97de-52deb6b74319"><testcase classname="tests.test_iter76_demo_paywall" name="test_demo_report_public_no_auth" time="0.577" /><testcase classname="tests.test_iter76_demo_paywall" name="test_email_log_requires_auth" time="0.125" /><testcase classname="tests.test_iter76_demo_paywall" name="test_email_log_admin_returns_expected" time="0.480" /><testcase classname="tests.test_iter76_demo_paywall" name="test_email_open_pixel_public" time="0.132" /><testcase classname="tests.test_iter76_demo_paywall" name="test_reports_get_requires_auth" time="0.107" /><testcase classname="tests.test_iter76_demo_paywall" name="test_conversion_sweep_dry_run" time="0.116" /><testcase classname="tests.test_iter76_demo_paywall" name="test_report_no_full_leak_for_free_user" time="0.674" /></testsuite></testsuites>