<?xml version="1.0" encoding="utf-8"?><testsuites name="pytest tests"><testsuite name="pytest" errors="0" failures="0" skipped="0" tests="14" time="4.602" timestamp="2026-06-17T00:27:22.882301+00:00" hostname="agent-env-1e12f434-637a-433d-97de-52deb6b74319"><testcase classname="tests.test_pricing_2cards.TestPublicPriceEndpoint" name="test_returns_both_prices_and_backward_compat_fields" time="0.415" /><testcase classname="tests.test_pricing_2cards.TestPublicPriceEndpoint" name="test_default_values_after_iter14" time="0.102" /><testcase classname="tests.test_pricing_2cards.TestAdminPriceSingle" name="test_unauthenticated_rejected" time="0.161" /><testcase classname="tests.test_pricing_2cards.TestAdminPriceSingle" name="test_free_user_forbidden" time="0.485" /><testcase classname="tests.test_pricing_2cards.TestAdminPriceSingle" name="test_invalid_zero" time="0.429" /><testcase classname="tests.test_pricing_2cards.TestAdminPriceSingle" name="test_invalid_too_high" time="0.112" /><testcase classname="tests.test_pricing_2cards.TestAdminPriceSingle" name="test_valid_update_and_propagates" time="0.396" /><testcase classname="tests.test_pricing_2cards.TestAdminPassPrice" name="test_unauthenticated_rejected" time="0.103" /><testcase classname="tests.test_pricing_2cards.TestAdminPassPrice" name="test_free_user_forbidden" time="0.147" /><testcase classname="tests.test_pricing_2cards.TestAdminPassPrice" name="test_invalid_zero" time="0.101" /><testcase classname="tests.test_pricing_2cards.TestAdminPassPrice" name="test_invalid_too_high" time="0.094" /><testcase classname="tests.test_pricing_2cards.TestAdminPassPrice" name="test_valid_update_and_pass_checkout_uses_new_price" time="1.772" /><testcase classname="tests.test_pricing_2cards.TestAgentQueue" name="test_admin_can_list_agent_queue_with_review_state" time="0.096" /><testcase classname="tests.test_pricing_2cards.TestAgentQueue" name="test_seeded_lukas_review_is_delivered" time="0.096" /></testsuite></testsuites>