<?xml version="1.0" encoding="utf-8"?><testsuites name="pytest tests"><testsuite name="pytest" errors="0" failures="0" skipped="0" tests="6" time="2.141" timestamp="2026-08-04T17:56:40.968696+00:00" hostname="agent-env-1e12f434-637a-433d-97de-52deb6b74319"><testcase classname="backend.tests.test_iter68_ticker" name="test_public_ticker_shape" time="0.753" /><testcase classname="backend.tests.test_iter68_ticker" name="test_admin_ticker_get" time="0.064" /><testcase classname="backend.tests.test_iter68_ticker" name="test_admin_ticker_put_persists" time="0.367" /><testcase classname="backend.tests.test_iter68_ticker" name="test_disable_ticker_returns_null" time="0.527" /><testcase classname="backend.tests.test_iter68_ticker" name="test_negative_boosts_clamped" time="0.060" /><testcase classname="backend.tests.test_iter68_ticker" name="test_public_no_auth_required" time="0.198" /></testsuite></testsuites>