<?xml version="1.0" encoding="utf-8"?><testsuites name="pytest tests"><testsuite name="pytest" errors="0" failures="0" skipped="0" tests="19" time="6.217" timestamp="2026-08-09T18:16:37.946323+00:00" hostname="agent-env-1e12f434-637a-433d-97de-52deb6b74319"><testcase classname="backend.tests.test_iter86_dashboard_hub.TestCommunity" name="test_get_community_defaults" time="0.643" /><testcase classname="backend.tests.test_iter86_dashboard_hub.TestCommunity" name="test_admin_put_community_persists_and_reset" time="0.682" /><testcase classname="backend.tests.test_iter86_dashboard_hub.TestMessageCompose" name="test_missing_subject_400" time="0.114" /><testcase classname="backend.tests.test_iter86_dashboard_hub.TestMessageCompose" name="test_missing_body_400" time="0.100" /><testcase classname="backend.tests.test_iter86_dashboard_hub.TestMessageCompose" name="test_invalid_kind_400" time="0.098" /><testcase classname="backend.tests.test_iter86_dashboard_hub.TestMessageCompose" name="test_invalid_sender_400" time="0.105" /><testcase classname="backend.tests.test_iter86_dashboard_hub.TestMessageCompose" name="test_invalid_target_400" time="0.109" /><testcase classname="backend.tests.test_iter86_dashboard_hub.TestMessageCompose" name="test_target_email_unknown_404" time="0.140" /><testcase classname="backend.tests.test_iter86_dashboard_hub.TestMessageCompose" name="test_valid_compose_returns_id" time="0.102" /><testcase classname="backend.tests.test_iter86_dashboard_hub.TestMessageListDelete" name="test_list_messages_has_read_count" time="0.104" /><testcase classname="backend.tests.test_iter86_dashboard_hub.TestMessageListDelete" name="test_delete_unknown_message_404" time="0.113" /><testcase classname="backend.tests.test_iter86_dashboard_hub.TestGating" name="test_inbox_shape_and_notification_visible" time="0.502" /><testcase classname="backend.tests.test_iter86_dashboard_hub.TestReadState" name="test_mark_read_and_read_all" time="0.614" /><testcase classname="backend.tests.test_iter86_dashboard_hub.TestOpportunities" name="test_create_missing_title_400" time="0.090" /><testcase classname="backend.tests.test_iter86_dashboard_hub.TestOpportunities" name="test_admin_crud_and_free_locked" time="0.620" /><testcase classname="backend.tests.test_iter86_dashboard_hub.TestPerformance" name="test_no_report_returns_has_report_false" time="0.102" /><testcase classname="backend.tests.test_iter86_dashboard_hub.TestAdminGuards" name="test_no_token_401" time="0.099" /><testcase classname="backend.tests.test_iter86_dashboard_hub.TestAdminGuards" name="test_free_user_token_forbidden" time="0.400" /><testcase classname="backend.tests.test_iter86_dashboard_hub" name="test_zzz_cleanup" time="1.279" /></testsuite></testsuites>