<?xml version="1.0" encoding="utf-8"?><testsuites name="pytest tests"><testsuite name="pytest" errors="0" failures="0" skipped="0" tests="8" time="3.451" timestamp="2026-08-02T16:23:00.499846+00:00" hostname="agent-env-1e12f434-637a-433d-97de-52deb6b74319"><testcase classname="backend.tests.test_iter63_guest_gate" name="test_signup_password_valid_8chars_upper_digit" time="0.378" /><testcase classname="backend.tests.test_iter63_guest_gate" name="test_signup_password_no_uppercase_400" time="0.104" /><testcase classname="backend.tests.test_iter63_guest_gate" name="test_signup_password_too_short" time="0.094" /><testcase classname="backend.tests.test_iter63_guest_gate" name="test_google_session_bogus_401" time="0.170" /><testcase classname="backend.tests.test_iter63_guest_gate" name="test_google_session_empty_400" time="0.096" /><testcase classname="backend.tests.test_iter63_guest_gate" name="test_login_google_account_no_password" time="0.100" /><testcase classname="backend.tests.test_iter63_guest_gate" name="test_admin_login_regression" time="0.317" /><testcase classname="backend.tests.test_iter63_guest_gate" name="test_guest_chunked_upload_cycle" time="2.123" /></testsuite></testsuites>