<?xml version="1.0" encoding="utf-8"?><testsuites name="pytest tests"><testsuite name="pytest" errors="0" failures="0" skipped="0" tests="13" time="3.016" timestamp="2026-08-08T15:47:07.255049+00:00" hostname="agent-env-1e12f434-637a-433d-97de-52deb6b74319"><testcase classname="backend.tests.test_iter80_snapshot_cards.TestDemoSnapshotCard" name="test_demo_valid_keys_return_png[strength]" time="0.183" /><testcase classname="backend.tests.test_iter80_snapshot_cards.TestDemoSnapshotCard" name="test_demo_valid_keys_return_png[noticed]" time="0.164" /><testcase classname="backend.tests.test_iter80_snapshot_cards.TestDemoSnapshotCard" name="test_demo_valid_keys_return_png[hidden]" time="0.158" /><testcase classname="backend.tests.test_iter80_snapshot_cards.TestDemoSnapshotCard" name="test_demo_valid_keys_return_png[develop]" time="0.162" /><testcase classname="backend.tests.test_iter80_snapshot_cards.TestDemoSnapshotCard" name="test_demo_invalid_key_404" time="0.103" /><testcase classname="backend.tests.test_iter80_snapshot_cards.TestReportSnapshotCardAuth" name="test_no_token_returns_401_or_403" time="0.749" /><testcase classname="backend.tests.test_iter80_snapshot_cards.TestReportSnapshotCardAuth" name="test_other_user_forbidden_403" time="0.097" /><testcase classname="backend.tests.test_iter80_snapshot_cards.TestReportSnapshotCardAuth" name="test_locked_report_402" time="0.162" /><testcase classname="backend.tests.test_iter80_snapshot_cards.TestReportSnapshotCardAuth" name="test_owner_unlocked_bad_key_404" time="0.114" /><testcase classname="backend.tests.test_iter80_snapshot_cards.TestReportSnapshotCardAuth" name="test_owner_unlocked_returns_png[strength]" time="0.415" /><testcase classname="backend.tests.test_iter80_snapshot_cards.TestReportSnapshotCardAuth" name="test_owner_unlocked_returns_png[noticed]" time="0.176" /><testcase classname="backend.tests.test_iter80_snapshot_cards.TestReportSnapshotCardAuth" name="test_owner_unlocked_returns_png[hidden]" time="0.181" /><testcase classname="backend.tests.test_iter80_snapshot_cards.TestReportSnapshotCardAuth" name="test_owner_unlocked_returns_png[develop]" time="0.205" /></testsuite></testsuites>