<?xml version="1.0" encoding="utf-8"?><testsuites name="pytest tests"><testsuite name="pytest" errors="0" failures="1" skipped="0" tests="10" time="2.666" timestamp="2026-06-05T06:49:41.202477+00:00" hostname="agent-env-1e12f434-637a-433d-97de-52deb6b74319"><testcase classname="tests.test_iter10_fifa_career" name="test_fifa_similarity_hard_cap_92" time="0.670" /><testcase classname="tests.test_iter10_fifa_career" name="test_fifa_top_match_in_expected_range" time="0.000" /><testcase classname="tests.test_iter10_fifa_career" name="test_fifa_neighbors_count_and_sort" time="0.000" /><testcase classname="tests.test_iter10_fifa_career" name="test_fifa_lens_why_mentions_db_size" time="0.000" /><testcase classname="tests.test_iter10_fifa_career" name="test_fifa_meta_size" time="0.000" /><testcase classname="tests.test_iter10_fifa_career" name="test_career_brief_modric_specifics" time="0.000" /><testcase classname="tests.test_iter10_fifa_career" name="test_legacy_4_lenses_score_within_10" time="0.000" /><testcase classname="tests.test_iter10_fifa_career" name="test_legacy_archetype_fields_intact" time="0.000" /><testcase classname="tests.test_iter10_fifa_career" name="test_narrative_weaves_fifa_or_career" time="0.000" /><testcase classname="tests.test_iter10_fifa_career" name="test_pdf_contains_fifa_and_career_sections" time="1.905"><failure message="AssertionError: PDF missing 'FIFA DATA TWIN'. Sample: SCOUTMEPLAY&#10;  PROFESSIONAL · INDEPENDENT · EVIDENCE-BASED&#10;  MENTALKIDS / DENMARK&#10;  SCOUTMEPLAY.COM&#10;  SCOUTMEPLAY · PREMIUM PLAYER REPORT&#10;  LUKAS A.&#10;  ATTACKING MIDFIELDER  ·  AGE 14  ·  LEFT FOOT&#10;  IK FALKEN U15&#10;  OVERALL DEVELOPMENT&#10;  PLAYER TYPE&#10;  8 /10&#10;  SMART PLAYMAKER ·&#10;  STRONG LEFT FOOT&#10;  EXECUTIVE SUMMARY&#10;  LUKAS IS A SMART, CALM PLAYMAKER WITH A LEFT&#10;  FOOT THAT OPENS UP DEFENCES.&#10;  ISSUED BY SCOUTMEPLAY · MENTALKIDS  ·  05 JUNE 2026&#10;  INDEPENDENT PLAYER DEVELOPMENT ANALYSIS. NOT A RECRUITMENT GUARANTEE.&#10;  &#10;  SCOUTMEPLAY&#10;  ·&#10;  &#10;assert 'FIFA DATA TWIN' in &quot;SCOUTMEPLAY\nPROFESSIONAL · INDEPENDENT · EVIDENCE-BASED\nMENTALKIDS / DENMARK\nSCOUTMEPLAY.COM\nSCOUTMEPLAY · PREMIUM PLAYER REPORT\nLUKAS A.\nATTACKING MIDFIELDER  ·  AGE 14  ·  LEFT FOOT\nIK FALKEN U15\nOVERALL DEVELOPMENT\nPLAYER TYPE\n8 /10\nSMART PLAYMAKER ·\nSTRONG LEFT FOOT\nEXECUTIVE SUMMARY\nLUKAS IS A SMART, CALM PLAYMAKER WITH A LEFT\nFOOT THAT OPENS UP DEFENCES.\nISSUED BY SCOUTMEPLAY · MENTALKIDS  ·  05 JUNE 2026\nINDEPENDENT PLAYER DEVELOPMENT ANALYSIS. NOT A RECRUITMENT GUARANTEE.\n\nSCOUTMEPLAY\n·\nSCOUTMEPLAY · MENTALKIDS\nPROFESSIONAL PLAYER DEVELOPMENT REPORT\nPAGE 2\nSECTION 01\nEXECUTIVE SUMMARY\nLUKAS IS A SMART, CALM PLAYMAKER WITH A LEFT FOOT THAT OPENS UP DEFENCES. HE READS THE GAME VERY WELL FOR HIS\nAGE AND IS BRAVE ON THE BALL UNDER PRESSURE. HE PLAYS SIMPLE WHEN NEEDED AND RISKY WHEN IT PAYS OFF. THE\nBIGGEST AREA TO GROW IS HIS FITNESS — HE FADES IN THE SECOND HALF. BUILD THE LEGS AND THE REST IS ALREADY AT A HIGH\nLEVEL.\nSECTION 02\nSCORE OVERVIEW\nATTRIBUTE\nSCORE\nNOTES\nTECHNICAL\n8 / 10\nCOMPOSITE TECHNICAL ABILITY\nTACTICAL\n9 / 10\nCOMPOSITE TACTICAL INTELLIGENCE\nPHYSICAL\n7 / 10\nCOMPOSITE PHYSICAL ATTRIBUTES\nMENTALITY\n9 / 10\nCOMPOSITE... FOR FIRST TOUCH AT U11 IS NOT THE SAME AS A 7/10 AT U17. EVERY SCORE IS CALIBRATED AGAINST THE TYPICAL\nMILESTONE FOR THE AGE BRACKET AND POSITION.\nU11\nFOUNDATION — COORDINATION, BALL MASTERY, BASIC DECISION-MAKING.\nU13\nBUILD PHASE — SCANNING HABITS, POSITIONAL DISCIPLINE, BOTH-FOOTED\nDEVELOPMENT.\n\nU15\nPERFORMANCE PHASE — MATCH IMPACT, PRESSING INTENSITY, TACTICAL ROLE\nCLARITY.\nU17\nSPECIALISATION — POSITION-SPECIFIC EXCELLENCE, PHYSICAL MATURITY,\nMENTAL RESILIENCE.\nU19\nPRE-PROFESSIONAL — MATCH MANAGEMENT, LEADERSHIP, CONSISTENCY\nACROSS 90 MINUTES.\nU21\nPROFESSIONAL THRESHOLD — HIGH-PERFORMANCE HABITS, DURABILITY,\nDECISION QUALITY AT SPEED.\nWHAT WE DON'T CLAIM\n·  WE ARE NOT UEFA-CERTIFIED. WE ALIGN WITH THE SAME PILLARS USED IN UEFA ELITE-YOUTH COACHING EDUCATION — THAT'S IT.\n·  WE DON'T PUBLISH CHILDHOOD SCORES OF PROFESSIONAL PLAYERS. STYLISTIC ARCHETYPE COMPARISONS DESCRIBE STYLE, NOT\nFACTUAL YOUTH DATA.\n·  WE DON'T GUARANTEE SELECTION, SIGNING, OR PROGRESSION TO ANY CLUB OR ACADEMY.\n·  SET-PIECES FROM OPEN PLAY, OFF-CAMERA DEFENSIVE WORK, AND GOALKEEPING MOMENTS ARE NOT ASSESSABLE FROM OUTFIELD\nCLIPS.\nMETHODOLOGY VERSION 1.0 — LAST UPDATED FEB 2026.\n&quot;">tests/test_iter10_fifa_career.py:160: in test_pdf_contains_fifa_and_career_sections
    assert needle in text_upper, f"PDF missing '{needle}'. Sample: {text_upper[:500]}"
E   AssertionError: PDF missing 'FIFA DATA TWIN'. Sample: SCOUTMEPLAY
E     PROFESSIONAL · INDEPENDENT · EVIDENCE-BASED
E     MENTALKIDS / DENMARK
E     SCOUTMEPLAY.COM
E     SCOUTMEPLAY · PREMIUM PLAYER REPORT
E     LUKAS A.
E     ATTACKING MIDFIELDER  ·  AGE 14  ·  LEFT FOOT
E     IK FALKEN U15
E     OVERALL DEVELOPMENT
E     PLAYER TYPE
E     8 /10
E     SMART PLAYMAKER ·
E     STRONG LEFT FOOT
E     EXECUTIVE SUMMARY
E     LUKAS IS A SMART, CALM PLAYMAKER WITH A LEFT
E     FOOT THAT OPENS UP DEFENCES.
E     ISSUED BY SCOUTMEPLAY · MENTALKIDS  ·  05 JUNE 2026
E     INDEPENDENT PLAYER DEVELOPMENT ANALYSIS. NOT A RECRUITMENT GUARANTEE.
E     
E     SCOUTMEPLAY
E     ·
E     
E   assert 'FIFA DATA TWIN' in "SCOUTMEPLAY\nPROFESSIONAL · INDEPENDENT · EVIDENCE-BASED\nMENTALKIDS / DENMARK\nSCOUTMEPLAY.COM\nSCOUTMEPLAY · PREMIUM PLAYER REPORT\nLUKAS A.\nATTACKING MIDFIELDER  ·  AGE 14  ·  LEFT FOOT\nIK FALKEN U15\nOVERALL DEVELOPMENT\nPLAYER TYPE\n8 /10\nSMART PLAYMAKER ·\nSTRONG LEFT FOOT\nEXECUTIVE SUMMARY\nLUKAS IS A SMART, CALM PLAYMAKER WITH A LEFT\nFOOT THAT OPENS UP DEFENCES.\nISSUED BY SCOUTMEPLAY · MENTALKIDS  ·  05 JUNE 2026\nINDEPENDENT PLAYER DEVELOPMENT ANALYSIS. NOT A RECRUITMENT GUARANTEE.\n\nSCOUTMEPLAY\n·\nSCOUTMEPLAY · MENTALKIDS\nPROFESSIONAL PLAYER DEVELOPMENT REPORT\nPAGE 2\nSECTION 01\nEXECUTIVE SUMMARY\nLUKAS IS A SMART, CALM PLAYMAKER WITH A LEFT FOOT THAT OPENS UP DEFENCES. HE READS THE GAME VERY WELL FOR HIS\nAGE AND IS BRAVE ON THE BALL UNDER PRESSURE. HE PLAYS SIMPLE WHEN NEEDED AND RISKY WHEN IT PAYS OFF. THE\nBIGGEST AREA TO GROW IS HIS FITNESS — HE FADES IN THE SECOND HALF. BUILD THE LEGS AND THE REST IS ALREADY AT A HIGH\nLEVEL.\nSECTION 02\nSCORE OVERVIEW\nATTRIBUTE\nSCORE\nNOTES\nTECHNICAL\n8 / 10\nCOMPOSITE TECHNICAL ABILITY\nTACTICAL\n9 / 10\nCOMPOSITE TACTICAL INTELLIGENCE\nPHYSICAL\n7 / 10\nCOMPOSITE PHYSICAL ATTRIBUTES\nMENTALITY\n9 / 10\nCOMPOSITE... FOR FIRST TOUCH AT U11 IS NOT THE SAME AS A 7/10 AT U17. EVERY SCORE IS CALIBRATED AGAINST THE TYPICAL\nMILESTONE FOR THE AGE BRACKET AND POSITION.\nU11\nFOUNDATION — COORDINATION, BALL MASTERY, BASIC DECISION-MAKING.\nU13\nBUILD PHASE — SCANNING HABITS, POSITIONAL DISCIPLINE, BOTH-FOOTED\nDEVELOPMENT.\n\nU15\nPERFORMANCE PHASE — MATCH IMPACT, PRESSING INTENSITY, TACTICAL ROLE\nCLARITY.\nU17\nSPECIALISATION — POSITION-SPECIFIC EXCELLENCE, PHYSICAL MATURITY,\nMENTAL RESILIENCE.\nU19\nPRE-PROFESSIONAL — MATCH MANAGEMENT, LEADERSHIP, CONSISTENCY\nACROSS 90 MINUTES.\nU21\nPROFESSIONAL THRESHOLD — HIGH-PERFORMANCE HABITS, DURABILITY,\nDECISION QUALITY AT SPEED.\nWHAT WE DON'T CLAIM\n·  WE ARE NOT UEFA-CERTIFIED. WE ALIGN WITH THE SAME PILLARS USED IN UEFA ELITE-YOUTH COACHING EDUCATION — THAT'S IT.\n·  WE DON'T PUBLISH CHILDHOOD SCORES OF PROFESSIONAL PLAYERS. STYLISTIC ARCHETYPE COMPARISONS DESCRIBE STYLE, NOT\nFACTUAL YOUTH DATA.\n·  WE DON'T GUARANTEE SELECTION, SIGNING, OR PROGRESSION TO ANY CLUB OR ACADEMY.\n·  SET-PIECES FROM OPEN PLAY, OFF-CAMERA DEFENSIVE WORK, AND GOALKEEPING MOMENTS ARE NOT ASSESSABLE FROM OUTFIELD\nCLIPS.\nMETHODOLOGY VERSION 1.0 — LAST UPDATED FEB 2026.\n"</failure></testcase></testsuite></testsuites>