<?xml version="1.0" encoding="utf-8"?><testsuites name="pytest tests"><testsuite name="pytest" errors="0" failures="0" skipped="0" tests="23" time="19.279" timestamp="2026-06-02T16:12:50.841522+00:00" hostname="agent-env-1e12f434-637a-433d-97de-52deb6b74319"><testcase classname="backend.tests.test_elite_scout.TestAuth" name="test_health" time="0.288" /><testcase classname="backend.tests.test_elite_scout.TestAuth" name="test_signup_duplicate" time="0.346" /><testcase classname="backend.tests.test_elite_scout.TestAuth" name="test_admin_login" time="0.279" /><testcase classname="backend.tests.test_elite_scout.TestAuth" name="test_login_wrong_password" time="0.279" /><testcase classname="backend.tests.test_elite_scout.TestAuth" name="test_me_with_token" time="0.063" /><testcase classname="backend.tests.test_elite_scout.TestAuth" name="test_me_without_token" time="0.060" /><testcase classname="backend.tests.test_elite_scout.TestSettings" name="test_public_price" time="0.055" /><testcase classname="backend.tests.test_elite_scout.TestUploadPreview" name="test_upload_video_creates_preview" time="15.353" /><testcase classname="backend.tests.test_elite_scout.TestUploadPreview" name="test_my_reports_no_full" time="0.074" /><testcase classname="backend.tests.test_elite_scout.TestUploadPreview" name="test_get_report_locked_no_full" time="0.059" /><testcase classname="backend.tests.test_elite_scout.TestUploadPreview" name="test_generate_full_locked_returns_402" time="0.057" /><testcase classname="backend.tests.test_elite_scout.TestUploadPreview" name="test_pdf_download_locked_returns_402" time="0.062" /><testcase classname="backend.tests.test_elite_scout.TestPayments" name="test_create_checkout" time="0.628" /><testcase classname="backend.tests.test_elite_scout.TestPayments" name="test_payment_status_does_not_crash" time="0.267" /><testcase classname="backend.tests.test_elite_scout.TestAdmin" name="test_stats_requires_admin" time="0.057" /><testcase classname="backend.tests.test_elite_scout.TestAdmin" name="test_admin_stats" time="0.056" /><testcase classname="backend.tests.test_elite_scout.TestAdmin" name="test_admin_users_list" time="0.121" /><testcase classname="backend.tests.test_elite_scout.TestAdmin" name="test_admin_reports_list" time="0.057" /><testcase classname="backend.tests.test_elite_scout.TestAdmin" name="test_admin_payments_list" time="0.053" /><testcase classname="backend.tests.test_elite_scout.TestAdmin" name="test_admin_update_price" time="0.180" /><testcase classname="backend.tests.test_elite_scout.TestAdmin" name="test_admin_update_price_forbidden_user" time="0.071" /><testcase classname="backend.tests.test_elite_scout.TestAdmin" name="test_admin_unlock_report" time="0.124" /><testcase classname="backend.tests.test_elite_scout.TestAdmin" name="test_admin_delete_report" time="0.503" /></testsuite></testsuites>