<?xml version="1.0" encoding="utf-8"?><testsuites name="pytest tests"><testsuite name="pytest" errors="0" failures="0" skipped="0" tests="7" time="1.187" timestamp="2026-06-05T02:42:21.752601+00:00" hostname="agent-env-1e12f434-637a-433d-97de-52deb6b74319"><testcase classname="backend.tests.test_session3_visuals.TestShareCard" name="test_share_card_url_in_response" time="0.656" /><testcase classname="backend.tests.test_session3_visuals.TestShareCard" name="test_share_card_downloadable" time="0.130" /><testcase classname="backend.tests.test_session3_visuals.TestFrameThumbnails" name="test_video_comments_have_frame_url" time="0.000" /><testcase classname="backend.tests.test_session3_visuals.TestFrameThumbnails" name="test_frame_image_downloadable" time="0.107" /><testcase classname="backend.tests.test_session3_visuals.TestPremiumPDF" name="test_pdf_pages_and_embedded_images" time="0.211" /><testcase classname="backend.tests.test_session3_visuals.TestRegression" name="test_archetype_age_trial" time="0.000" /><testcase classname="backend.tests.test_session3_visuals.TestFfmpeg" name="test_ffmpeg_installed" time="0.000" /></testsuite></testsuites>